#
# There is insufficient memory for the Java Runtime Environment to continue.
# Native memory allocation (malloc) failed to allocate 194128 bytes for Chunk::new
# Possible reasons:
#   The system is out of physical RAM or swap space
#   The process is running with CompressedOops enabled, and the Java Heap may be blocking the growth of the native heap
# Possible solutions:
#   Reduce memory load on the system
#   Increase physical memory or swap space
#   Check if swap backing store is full
#   Decrease Java heap size (-Xmx/-Xms)
#   Decrease number of Java threads
#   Decrease Java thread stack sizes (-Xss)
#   Set larger code cache with -XX:ReservedCodeCacheSize=
#   JVM is running with Unscaled Compressed Oops mode in which the Java heap is
#     placed in the first 4GB address space. The Java Heap base address is the
#     maximum limit for the native heap growth. Please use -XX:HeapBaseMinAddress
#     to set the Java Heap base and to place the Java Heap above 4GB virtual address.
# This output file may be truncated or incomplete.
#
#  Out of Memory Error (arena.cpp:189), pid=18444, tid=11200
#
# JRE version: OpenJDK Runtime Environment Temurin-17.0.4.1+1 (17.0.4.1+1) (build 17.0.4.1+1)
# Java VM: OpenJDK 64-Bit Server VM Temurin-17.0.4.1+1 (17.0.4.1+1, mixed mode, tiered, compressed oops, compressed class ptrs, parallel gc, windows-amd64)
# No core dump will be written. Minidumps are not enabled by default on client versions of Windows
#

---------------  S U M M A R Y ------------

Command Line: --add-modules=ALL-SYSTEM --add-opens=java.base/java.util=ALL-UNNAMED --add-opens=java.base/java.lang=ALL-UNNAMED --add-opens=java.base/sun.nio.fs=ALL-UNNAMED -Declipse.application=org.eclipse.jdt.ls.core.id1 -Dosgi.bundles.defaultStartLevel=4 -Declipse.product=org.eclipse.jdt.ls.core.product -Djava.import.generatesMetadataFilesAtProjectRoot=false -Dfile.encoding=utf8 -XX:+UseParallelGC -XX:GCTimeRatio=4 -XX:AdaptiveSizePolicyWeight=90 -Dsun.zip.disableMemoryMapping=true -Xmx1G -Xms100m -Xlog:disable -javaagent:c:\Users\lamho\.antigravity\extensions\redhat.java-1.12.0-win32-x64\lombok\lombok-1.18.24.jar c:\Users\lamho\.antigravity\extensions\redhat.java-1.12.0-win32-x64\server\plugins\org.eclipse.equinox.launcher_1.6.400.v20210924-0641.jar -configuration c:\Users\lamho\AppData\Roaming\Antigravity\User\globalStorage\redhat.java\1.12.0\config_ss_win -data c:\Users\lamho\AppData\Roaming\Antigravity\User\workspaceStorage\72f3abaf5d5d677d5907d84c497303e1\redhat.java\ss_ws

Host: Intel(R) Core(TM) i3-10100 CPU @ 3.60GHz, 8 cores, 7G,  Windows 10 , 64 bit Build 19041 (10.0.19041.5915)
Time: Sun Mar 22 21:17:42 2026 SE Asia Standard Time elapsed time: 2.069453 seconds (0d 0h 0m 2s)

---------------  T H R E A D  ---------------

Current thread (0x0000020d5fd61930):  JavaThread "C2 CompilerThread0" daemon [_thread_in_native, id=11200, stack(0x0000008034200000,0x0000008034300000)]


Current CompileTask:
C2:   2069 1398       4       java.io.WinNTFileSystem::normalize (143 bytes)

Stack: [0x0000008034200000,0x0000008034300000]
Native frames: (J=compiled Java code, j=interpreted, Vv=VM code, C=native code)
V  [jvm.dll+0x67731a]
V  [jvm.dll+0x832284]
V  [jvm.dll+0x833a2e]
V  [jvm.dll+0x834093]
V  [jvm.dll+0x245775]
V  [jvm.dll+0xabd7b]
V  [jvm.dll+0xac30c]
V  [jvm.dll+0x11dbb7]
V  [jvm.dll+0x6096a5]
V  [jvm.dll+0x607d74]
V  [jvm.dll+0x2184f8]
V  [jvm.dll+0x217aa1]
V  [jvm.dll+0x1a3f8d]
V  [jvm.dll+0x227498]
V  [jvm.dll+0x2255e5]
V  [jvm.dll+0x7e7e9b]
V  [jvm.dll+0x7e240a]
V  [jvm.dll+0x6761a5]
C  [ucrtbase.dll+0x21bb2]
C  [KERNEL32.DLL+0x17374]
C  [ntdll.dll+0x4cc91]


---------------  P R O C E S S  ---------------

Threads class SMR info:
_java_thread_list=0x0000020d61253b50, length=13, elements={
0x0000020d4a3aa5b0, 0x0000020d5e22b750, 0x0000020d5e22eb50, 0x0000020d5fd5cb50,
0x0000020d5fd5d410, 0x0000020d5fd5dcd0, 0x0000020d5fd60d40, 0x0000020d5fd61930,
0x0000020d5fd70040, 0x0000020d5fdca820, 0x0000020d4a467900, 0x0000020d60017a60,
0x0000020d613bed10
}

Java Threads: ( => current thread )
  0x0000020d4a3aa5b0 JavaThread "main" [_thread_in_Java, id=5928, stack(0x0000008033900000,0x0000008033a00000)]
  0x0000020d5e22b750 JavaThread "Reference Handler" daemon [_thread_blocked, id=832, stack(0x0000008033c00000,0x0000008033d00000)]
  0x0000020d5e22eb50 JavaThread "Finalizer" daemon [_thread_blocked, id=25276, stack(0x0000008033d00000,0x0000008033e00000)]
  0x0000020d5fd5cb50 JavaThread "Signal Dispatcher" daemon [_thread_blocked, id=24156, stack(0x0000008033e00000,0x0000008033f00000)]
  0x0000020d5fd5d410 JavaThread "Attach Listener" daemon [_thread_blocked, id=17848, stack(0x0000008033f00000,0x0000008034000000)]
  0x0000020d5fd5dcd0 JavaThread "Service Thread" daemon [_thread_blocked, id=24220, stack(0x0000008034000000,0x0000008034100000)]
  0x0000020d5fd60d40 JavaThread "Monitor Deflation Thread" daemon [_thread_blocked, id=20272, stack(0x0000008034100000,0x0000008034200000)]
=>0x0000020d5fd61930 JavaThread "C2 CompilerThread0" daemon [_thread_in_native, id=11200, stack(0x0000008034200000,0x0000008034300000)]
  0x0000020d5fd70040 JavaThread "C1 CompilerThread0" daemon [_thread_blocked, id=804, stack(0x0000008034300000,0x0000008034400000)]
  0x0000020d5fdca820 JavaThread "Sweeper thread" daemon [_thread_blocked, id=15008, stack(0x0000008034400000,0x0000008034500000)]
  0x0000020d4a467900 JavaThread "Common-Cleaner" daemon [_thread_blocked, id=7068, stack(0x0000008034500000,0x0000008034600000)]
  0x0000020d60017a60 JavaThread "Notification Thread" daemon [_thread_blocked, id=26304, stack(0x0000008034600000,0x0000008034700000)]
  0x0000020d613bed10 JavaThread "Active Thread: Equinox Container: 7ad25a12-b32e-4a55-a67e-f15a0f0cdc2f" [_thread_blocked, id=12196, stack(0x0000008034d00000,0x0000008034e00000)]

Other Threads:
  0x0000020d5fd40c20 VMThread "VM Thread" [stack: 0x0000008033b00000,0x0000008033c00000] [id=20224]
  0x0000020d60d10ae0 WatcherThread [stack: 0x0000008034700000,0x0000008034800000] [id=13304]
  0x0000020d4a3b97d0 GCTaskThread "GC Thread#0" [stack: 0x0000008033a00000,0x0000008033b00000] [id=18352]
  0x0000020d611cc5d0 GCTaskThread "GC Thread#1" [stack: 0x0000008034800000,0x0000008034900000] [id=12760]
  0x0000020d611cc880 GCTaskThread "GC Thread#2" [stack: 0x0000008034900000,0x0000008034a00000] [id=15880]
  0x0000020d611ccb30 GCTaskThread "GC Thread#3" [stack: 0x0000008034a00000,0x0000008034b00000] [id=18312]
  0x0000020d60ddf580 GCTaskThread "GC Thread#4" [stack: 0x0000008034b00000,0x0000008034c00000] [id=4516]
  0x0000020d60ddf830 GCTaskThread "GC Thread#5" [stack: 0x0000008034c00000,0x0000008034d00000] [id=8880]

Threads with active compile tasks:
C2 CompilerThread0     2089 1398       4       java.io.WinNTFileSystem::normalize (143 bytes)

VM state: not at safepoint (normal execution)

VM Mutex/Monitor currently owned by a thread: None

Heap address: 0x00000000c0000000, size: 1024 MB, Compressed Oops mode: 32-bit

CDS archive(s) not mapped
Compressed class space mapped at: 0x0000000100000000-0x0000000140000000, reserved size: 1073741824
Narrow klass base: 0x0000000000000000, Narrow klass shift: 3, Narrow klass range: 0x140000000

GC Precious Log:
 CPUs: 8 total, 8 available
 Memory: 8058M
 Large Page Support: Disabled
 NUMA Support: Disabled
 Compressed Oops: Enabled (32-bit)
 Alignments: Space 512K, Generation 512K, Heap 2M
 Heap Min Capacity: 100M
 Heap Initial Capacity: 100M
 Heap Max Capacity: 1G
 Pre-touch: Disabled
 Parallel Workers: 8

Heap:
 PSYoungGen      total 29696K, used 19941K [0x00000000eab00000, 0x00000000ecc00000, 0x0000000100000000)
  eden space 25600K, 65% used [0x00000000eab00000,0x00000000ebb47308,0x00000000ec400000)
  from space 4096K, 79% used [0x00000000ec400000,0x00000000ec732208,0x00000000ec800000)
  to   space 4096K, 0% used [0x00000000ec800000,0x00000000ec800000,0x00000000ecc00000)
 ParOldGen       total 68608K, used 0K [0x00000000c0000000, 0x00000000c4300000, 0x00000000eab00000)
  object space 68608K, 0% used [0x00000000c0000000,0x00000000c0000000,0x00000000c4300000)
 Metaspace       used 13225K, committed 13440K, reserved 1064960K
  class space    used 1314K, committed 1408K, reserved 1048576K

Card table byte_map: [0x0000020d49d80000,0x0000020d49f90000] _byte_map_base: 0x0000020d49780000

Marking Bits: (ParMarkBitMap*) 0x00007fff66132cc0
 Begin Bits: [0x0000020d5c040000, 0x0000020d5d040000)
 End Bits:   [0x0000020d5d040000, 0x0000020d5e040000)

Polling page: 0x0000020d48550000

Metaspace:

Usage:
  Non-class:     11.63 MB used.
      Class:      1.28 MB used.
       Both:     12.92 MB used.

Virtual space:
  Non-class space:       16.00 MB reserved,      11.75 MB ( 73%) committed,  2 nodes.
      Class space:        1.00 GB reserved,       1.38 MB ( <1%) committed,  1 nodes.
             Both:        1.02 GB reserved,      13.12 MB (  1%) committed. 

Chunk freelists:
   Non-Class:  112.00 KB
       Class:  2.48 MB
        Both:  2.59 MB

MaxMetaspaceSize: unlimited
CompressedClassSpaceSize: 1.00 GB
Initial GC threshold: 21.00 MB
Current GC threshold: 21.00 MB
CDS: off
MetaspaceReclaimPolicy: balanced
 - commit_granule_bytes: 65536.
 - commit_granule_words: 8192.
 - virtual_space_node_default_size: 1048576.
 - enlarge_chunks_in_place: 1.
 - new_chunks_are_fully_committed: 0.
 - uncommit_free_chunks: 1.
 - use_allocation_guard: 0.
 - handle_deallocations: 1.


Internal statistics:

num_allocs_failed_limit: 0.
num_arena_births: 56.
num_arena_deaths: 0.
num_vsnodes_births: 3.
num_vsnodes_deaths: 0.
num_space_committed: 210.
num_space_uncommitted: 0.
num_chunks_returned_to_freelist: 0.
num_chunks_taken_from_freelist: 211.
num_chunk_merges: 0.
num_chunk_splits: 147.
num_chunks_enlarged: 121.
num_purges: 0.
num_inconsistent_stats: 0.

CodeHeap 'non-profiled nmethods': size=120000Kb used=515Kb max_used=515Kb free=119484Kb
 bounds [0x0000020d54b10000, 0x0000020d54d80000, 0x0000020d5c040000]
CodeHeap 'profiled nmethods': size=120000Kb used=2594Kb max_used=2594Kb free=117405Kb
 bounds [0x0000020d4d5e0000, 0x0000020d4d870000, 0x0000020d54b10000]
CodeHeap 'non-nmethods': size=5760Kb used=1155Kb max_used=1174Kb free=4604Kb
 bounds [0x0000020d4d040000, 0x0000020d4d2b0000, 0x0000020d4d5e0000]
 total_blobs=1844 nmethods=1401 adapters=357
 compilation: enabled
              stopped_count=0, restarted_count=0
 full_count=0

Compilation events (20 events):
Event: 2.031 Thread 0x0000020d5fd70040 nmethod 1395 0x0000020d4d85b790 code [0x0000020d4d85b920, 0x0000020d4d85ba48]
Event: 2.031 Thread 0x0000020d5fd70040 1396       3       java.io.WinNTFileSystem::normalizePrefix (132 bytes)
Event: 2.034 Thread 0x0000020d5fd70040 nmethod 1396 0x0000020d4d85bb10 code [0x0000020d4d85bf40, 0x0000020d4d85dfc8]
Event: 2.035 Thread 0x0000020d5fd70040 1397       3       java.lang.AbstractStringBuilder::append (63 bytes)
Event: 2.036 Thread 0x0000020d5fd70040 nmethod 1397 0x0000020d4d85ec10 code [0x0000020d4d85ee00, 0x0000020d4d85f348]
Event: 2.037 Thread 0x0000020d5fd61930 1398       4       java.io.WinNTFileSystem::normalize (143 bytes)
Event: 2.039 Thread 0x0000020d5fd70040 1400       3       org.eclipse.osgi.framework.util.SecureAction::getProperty (31 bytes)
Event: 2.039 Thread 0x0000020d5fd70040 nmethod 1400 0x0000020d54b8eb10 code [0x0000020d54b8eda0, 0x0000020d54b8f818]
Event: 2.041 Thread 0x0000020d5fd70040 1401       3       org.eclipse.osgi.internal.framework.EquinoxConfiguration$ConfigValues::internalGet (24 bytes)
Event: 2.042 Thread 0x0000020d5fd70040 nmethod 1401 0x0000020d54b8fb90 code [0x0000020d54b8fe40, 0x0000020d54b90a68]
Event: 2.052 Thread 0x0000020d5fd70040 1402       3       java.util.Collections::emptyIterator (4 bytes)
Event: 2.052 Thread 0x0000020d5fd70040 nmethod 1402 0x0000020d4d85f490 code [0x0000020d4d85f620, 0x0000020d4d85f718]
Event: 2.056 Thread 0x0000020d5fd70040 1404       3       java.net.URL::<init> (438 bytes)
Event: 2.061 Thread 0x0000020d5fd70040 nmethod 1404 0x0000020d4d85f790 code [0x0000020d4d85ff40, 0x0000020d4d863d28]
Event: 2.061 Thread 0x0000020d5fd70040 1405       3       java.io.File::isAbsolute (8 bytes)
Event: 2.061 Thread 0x0000020d5fd70040 nmethod 1405 0x0000020d4d865310 code [0x0000020d4d8654c0, 0x0000020d4d865628]
Event: 2.061 Thread 0x0000020d5fd70040 1406       3       java.io.WinNTFileSystem::isAbsolute (36 bytes)
Event: 2.062 Thread 0x0000020d5fd70040 nmethod 1406 0x0000020d4d865710 code [0x0000020d4d865920, 0x0000020d4d865fb8]
Event: 2.067 Thread 0x0000020d5fd70040 1407       3       java.io.File::slashify (84 bytes)
Event: 2.068 Thread 0x0000020d5fd70040 nmethod 1407 0x0000020d4d866290 code [0x0000020d4d8665a0, 0x0000020d4d867428]

GC Heap History (2 events):
Event: 1.306 GC heap before
{Heap before GC invocations=1 (full 0):
 PSYoungGen      total 29696K, used 25594K [0x00000000eab00000, 0x00000000ecc00000, 0x0000000100000000)
  eden space 25600K, 99% used [0x00000000eab00000,0x00000000ec3fe990,0x00000000ec400000)
  from space 4096K, 0% used [0x00000000ec800000,0x00000000ec800000,0x00000000ecc00000)
  to   space 4096K, 0% used [0x00000000ec400000,0x00000000ec400000,0x00000000ec800000)
 ParOldGen       total 68608K, used 0K [0x00000000c0000000, 0x00000000c4300000, 0x00000000eab00000)
  object space 68608K, 0% used [0x00000000c0000000,0x00000000c0000000,0x00000000c4300000)
 Metaspace       used 10818K, committed 10944K, reserved 1064960K
  class space    used 1087K, committed 1152K, reserved 1048576K
}
Event: 1.316 GC heap after
{Heap after GC invocations=1 (full 0):
 PSYoungGen      total 29696K, used 3272K [0x00000000eab00000, 0x00000000ecc00000, 0x0000000100000000)
  eden space 25600K, 0% used [0x00000000eab00000,0x00000000eab00000,0x00000000ec400000)
  from space 4096K, 79% used [0x00000000ec400000,0x00000000ec732208,0x00000000ec800000)
  to   space 4096K, 0% used [0x00000000ec800000,0x00000000ec800000,0x00000000ecc00000)
 ParOldGen       total 68608K, used 0K [0x00000000c0000000, 0x00000000c4300000, 0x00000000eab00000)
  object space 68608K, 0% used [0x00000000c0000000,0x00000000c0000000,0x00000000c4300000)
 Metaspace       used 10818K, committed 10944K, reserved 1064960K
  class space    used 1087K, committed 1152K, reserved 1048576K
}

Deoptimization events (20 events):
Event: 1.417 Thread 0x0000020d4a3aa5b0 Uncommon trap: trap_request=0xffffff45 fr.pc=0x0000020d54b3d888 relative=0x0000000000000c68
Event: 1.417 Thread 0x0000020d4a3aa5b0 Uncommon trap: reason=unstable_if action=reinterpret pc=0x0000020d54b3d888 method=lombok.patcher.PatchScript.classMatches(Ljava/lang/String;Ljava/util/Collection;)Z @ 25 c2
Event: 1.417 Thread 0x0000020d4a3aa5b0 DEOPT PACKING pc=0x0000020d54b3d888 sp=0x00000080339f8460
Event: 1.417 Thread 0x0000020d4a3aa5b0 DEOPT UNPACKING pc=0x0000020d4d0920a3 sp=0x00000080339f8420 mode 2
Event: 1.417 Thread 0x0000020d4a3aa5b0 Uncommon trap: trap_request=0xffffff45 fr.pc=0x0000020d54b39f94 relative=0x0000000000000074
Event: 1.417 Thread 0x0000020d4a3aa5b0 Uncommon trap: reason=unstable_if action=reinterpret pc=0x0000020d54b39f94 method=lombok.patcher.scripts.MethodLevelPatchScript.patch(Ljava/lang/String;[BLlombok/patcher/TransplantMapper;)[B @ 8 c2
Event: 1.417 Thread 0x0000020d4a3aa5b0 DEOPT PACKING pc=0x0000020d54b39f94 sp=0x00000080339f84d0
Event: 1.417 Thread 0x0000020d4a3aa5b0 DEOPT UNPACKING pc=0x0000020d4d0920a3 sp=0x00000080339f8460 mode 2
Event: 1.728 Thread 0x0000020d4a3aa5b0 Uncommon trap: trap_request=0xffffff45 fr.pc=0x0000020d54b49604 relative=0x00000000000002c4
Event: 1.728 Thread 0x0000020d4a3aa5b0 Uncommon trap: reason=unstable_if action=reinterpret pc=0x0000020d54b49604 method=java.lang.invoke.VarHandle.checkExactAccessMode(Ljava/lang/invoke/VarHandle$AccessDescriptor;)V @ 4 c2
Event: 1.728 Thread 0x0000020d4a3aa5b0 DEOPT PACKING pc=0x0000020d54b49604 sp=0x00000080339fe300
Event: 1.728 Thread 0x0000020d4a3aa5b0 DEOPT UNPACKING pc=0x0000020d4d0920a3 sp=0x00000080339fe2d0 mode 2
Event: 1.905 Thread 0x0000020d4a3aa5b0 Uncommon trap: trap_request=0xffffffde fr.pc=0x0000020d54b6901c relative=0x00000000000009dc
Event: 1.905 Thread 0x0000020d4a3aa5b0 Uncommon trap: reason=class_check action=maybe_recompile pc=0x0000020d54b6901c method=java.util.HashMap.putVal(ILjava/lang/Object;Ljava/lang/Object;ZZ)Ljava/lang/Object; @ 253 c2
Event: 1.905 Thread 0x0000020d4a3aa5b0 DEOPT PACKING pc=0x0000020d54b6901c sp=0x00000080339fddc0
Event: 1.905 Thread 0x0000020d4a3aa5b0 DEOPT UNPACKING pc=0x0000020d4d0920a3 sp=0x00000080339fdce8 mode 2
Event: 1.910 Thread 0x0000020d4a3aa5b0 Uncommon trap: trap_request=0xffffffde fr.pc=0x0000020d54b6901c relative=0x00000000000009dc
Event: 1.910 Thread 0x0000020d4a3aa5b0 Uncommon trap: reason=class_check action=maybe_recompile pc=0x0000020d54b6901c method=java.util.HashMap.putVal(ILjava/lang/Object;Ljava/lang/Object;ZZ)Ljava/lang/Object; @ 253 c2
Event: 1.910 Thread 0x0000020d4a3aa5b0 DEOPT PACKING pc=0x0000020d54b6901c sp=0x00000080339fddc0
Event: 1.910 Thread 0x0000020d4a3aa5b0 DEOPT UNPACKING pc=0x0000020d4d0920a3 sp=0x00000080339fdce8 mode 2

Classes unloaded (0 events):
No events

Classes redefined (0 events):
No events

Internal exceptions (20 events):
Event: 0.725 Thread 0x0000020d4a3aa5b0 Exception <a 'java/io/FileNotFoundException'{0x00000000eb735218}> (0x00000000eb735218) 
thrown [s\src\hotspot\share\prims\jni.cpp, line 516]
Event: 0.726 Thread 0x0000020d4a3aa5b0 Exception <a 'java/io/FileNotFoundException'{0x00000000eb735f40}> (0x00000000eb735f40) 
thrown [s\src\hotspot\share\prims\jni.cpp, line 516]
Event: 0.726 Thread 0x0000020d4a3aa5b0 Exception <a 'java/io/FileNotFoundException'{0x00000000eb736c48}> (0x00000000eb736c48) 
thrown [s\src\hotspot\share\prims\jni.cpp, line 516]
Event: 0.727 Thread 0x0000020d4a3aa5b0 Exception <a 'java/io/FileNotFoundException'{0x00000000eb737948}> (0x00000000eb737948) 
thrown [s\src\hotspot\share\prims\jni.cpp, line 516]
Event: 0.744 Thread 0x0000020d4a3aa5b0 Implicit null exception at 0x0000020d54b320f2 to 0x0000020d54b32640
Event: 0.746 Thread 0x0000020d4a3aa5b0 Exception <a 'java/io/FileNotFoundException'{0x00000000eb7784b8}> (0x00000000eb7784b8) 
thrown [s\src\hotspot\share\prims\jni.cpp, line 516]
Event: 1.072 Thread 0x0000020d4a3aa5b0 Exception <a 'java/lang/ClassNotFoundException'{0x00000000ebf70e58}: sun/net/www/protocol/c/Handler> (0x00000000ebf70e58) 
thrown [s\src\hotspot\share\classfile\systemDictionary.cpp, line 256]
Event: 1.073 Thread 0x0000020d4a3aa5b0 Exception <a 'java/lang/ClassNotFoundException'{0x00000000ebf72170}: sun/net/www/protocol/d/Handler> (0x00000000ebf72170) 
thrown [s\src\hotspot\share\classfile\systemDictionary.cpp, line 256]
Event: 1.073 Thread 0x0000020d4a3aa5b0 Exception <a 'java/lang/ClassNotFoundException'{0x00000000ebf732a0}: sun/net/www/protocol/c/Handler> (0x00000000ebf732a0) 
thrown [s\src\hotspot\share\classfile\systemDictionary.cpp, line 256]
Event: 1.084 Thread 0x0000020d4a3aa5b0 Exception <a 'java/io/FileNotFoundException'{0x00000000ebf92368}> (0x00000000ebf92368) 
thrown [s\src\hotspot\share\prims\jni.cpp, line 516]
Event: 1.153 Thread 0x0000020d4a3aa5b0 Implicit null exception at 0x0000020d54b4ed71 to 0x0000020d54b4ef74
Event: 1.153 Thread 0x0000020d4a3aa5b0 Implicit null exception at 0x0000020d54b4a40f to 0x0000020d54b4a489
Event: 1.221 Thread 0x0000020d4a3aa5b0 Exception <a 'java/lang/NoSuchMethodError'{0x00000000ec262510}: 'int java.lang.invoke.DirectMethodHandle$Holder.invokeStaticInit(java.lang.Object, java.lang.Object, java.lang.Object, java.lang.Object)'> (0x00000000ec262510) 
thrown [s\src\hotspot\share\interpreter\linkResolver.cpp, line 759]
Event: 1.224 Thread 0x0000020d4a3aa5b0 Exception <a 'java/lang/NoSuchMethodError'{0x00000000ec26cb80}: 'java.lang.Object java.lang.invoke.DirectMethodHandle$Holder.invokeInterface(java.lang.Object, java.lang.Object)'> (0x00000000ec26cb80) 
thrown [s\src\hotspot\share\interpreter\linkResolver.cpp, line 759]
Event: 1.224 Thread 0x0000020d4a3aa5b0 Exception <a 'java/lang/IncompatibleClassChangeError'{0x00000000ec270378}: Found class java.lang.Object, but interface was expected> (0x00000000ec270378) 
thrown [s\src\hotspot\share\interpreter\linkResolver.cpp, line 826]
Event: 1.226 Thread 0x0000020d4a3aa5b0 Exception <a 'java/lang/NoSuchMethodError'{0x00000000ec274870}: 'void java.lang.invoke.DirectMethodHandle$Holder.invokeStatic(java.lang.Object, java.lang.Object)'> (0x00000000ec274870) 
thrown [s\src\hotspot\share\interpreter\linkResolver.cpp, line 759]
Event: 1.226 Thread 0x0000020d4a3aa5b0 Exception <a 'java/lang/NoSuchMethodError'{0x00000000ec278070}: 'void java.lang.invoke.DirectMethodHandle$Holder.invokeStaticInit(java.lang.Object, java.lang.Object)'> (0x00000000ec278070) 
thrown [s\src\hotspot\share\interpreter\linkResolver.cpp, line 759]
Event: 1.228 Thread 0x0000020d4a3aa5b0 Exception <a 'java/lang/NoSuchMethodError'{0x00000000ec27f6b0}: 'int java.lang.invoke.DirectMethodHandle$Holder.invokeStaticInit(java.lang.Object, java.lang.Object)'> (0x00000000ec27f6b0) 
thrown [s\src\hotspot\share\interpreter\linkResolver.cpp, line 759]
Event: 1.286 Thread 0x0000020d4a3aa5b0 Exception <a 'java/lang/NoSuchMethodError'{0x00000000ec3a6f48}: 'void java.lang.invoke.DirectMethodHandle$Holder.invokeSpecial(java.lang.Object, java.lang.Object, java.lang.Object)'> (0x00000000ec3a6f48) 
thrown [s\src\hotspot\share\interpreter\linkResolver.cpp, line 759]
Event: 1.870 Thread 0x0000020d4a3aa5b0 Exception <a 'java/lang/NoSuchMethodError'{0x00000000eb6800f0}: 'java.lang.Object java.lang.invoke.DirectMethodHandle$Holder.newInvokeSpecial(java.lang.Object, int, java.lang.Object)'> (0x00000000eb6800f0) 
thrown [s\src\hotspot\share\interpreter\linkResolver.cpp, line 759]

VM Operations (20 events):
Event: 0.197 Executing VM operation: HandshakeAllThreads
Event: 0.197 Executing VM operation: HandshakeAllThreads done
Event: 0.316 Executing VM operation: HandshakeAllThreads
Event: 0.316 Executing VM operation: HandshakeAllThreads done
Event: 0.698 Executing VM operation: HandshakeAllThreads
Event: 0.698 Executing VM operation: HandshakeAllThreads done
Event: 0.713 Executing VM operation: HandshakeAllThreads
Event: 0.713 Executing VM operation: HandshakeAllThreads done
Event: 1.217 Executing VM operation: ICBufferFull
Event: 1.218 Executing VM operation: ICBufferFull done
Event: 1.306 Executing VM operation: ParallelGCFailedAllocation
Event: 1.316 Executing VM operation: ParallelGCFailedAllocation done
Event: 1.812 Executing VM operation: HandshakeAllThreads
Event: 1.812 Executing VM operation: HandshakeAllThreads done
Event: 1.813 Executing VM operation: HandshakeAllThreads
Event: 1.813 Executing VM operation: HandshakeAllThreads done
Event: 1.828 Executing VM operation: HandshakeAllThreads
Event: 1.828 Executing VM operation: HandshakeAllThreads done
Event: 1.860 Executing VM operation: HandshakeAllThreads
Event: 1.860 Executing VM operation: HandshakeAllThreads done

Events (20 events):
Event: 1.909 loading class java/util/ConcurrentModificationException
Event: 1.910 loading class java/util/ConcurrentModificationException done
Event: 1.916 loading class java/net/ContentHandlerFactory
Event: 1.916 loading class java/net/ContentHandlerFactory done
Event: 1.921 loading class java/net/ContentHandler
Event: 1.921 loading class java/net/ContentHandler done
Event: 1.958 loading class java/security/KeyStoreException
Event: 1.958 loading class java/security/KeyStoreException done
Event: 1.987 loading class java/util/LinkedList$Node
Event: 1.987 loading class java/util/LinkedList$Node done
Event: 1.987 loading class java/util/LinkedList$ListItr
Event: 1.988 loading class java/util/LinkedList$ListItr done
Event: 2.000 loading class sun/nio/fs/WindowsChannelFactory
Event: 2.001 loading class sun/nio/fs/WindowsChannelFactory done
Event: 2.001 loading class sun/nio/fs/WindowsChannelFactory$1
Event: 2.001 loading class sun/nio/fs/WindowsChannelFactory$1 done
Event: 2.001 loading class sun/nio/fs/WindowsChannelFactory$Flags
Event: 2.001 loading class sun/nio/fs/WindowsChannelFactory$Flags done
Event: 2.002 loading class sun/nio/ch/FileChannelImpl$Closer
Event: 2.002 loading class sun/nio/ch/FileChannelImpl$Closer done


Dynamic libraries:
0x00007ff6cb8e0000 - 0x00007ff6cb8ee000 	c:\Users\lamho\.antigravity\extensions\redhat.java-1.12.0-win32-x64\jre\17.0.4.1-win32-x86_64\bin\java.exe
0x00007ffff7090000 - 0x00007ffff7288000 	C:\WINDOWS\SYSTEM32\ntdll.dll
0x00007ffff59a0000 - 0x00007ffff5a62000 	C:\WINDOWS\System32\KERNEL32.DLL
0x00007ffff4820000 - 0x00007ffff4b16000 	C:\WINDOWS\System32\KERNELBASE.dll
0x00007ffff4720000 - 0x00007ffff4820000 	C:\WINDOWS\System32\ucrtbase.dll
0x00007fffc6860000 - 0x00007fffc6878000 	c:\Users\lamho\.antigravity\extensions\redhat.java-1.12.0-win32-x64\jre\17.0.4.1-win32-x86_64\bin\jli.dll
0x00007ffff6620000 - 0x00007ffff67c1000 	C:\WINDOWS\System32\USER32.dll
0x00007ffff4d80000 - 0x00007ffff4da2000 	C:\WINDOWS\System32\win32u.dll
0x00007ffff61a0000 - 0x00007ffff61cb000 	C:\WINDOWS\System32\GDI32.dll
0x00007ffff4c60000 - 0x00007ffff4d79000 	C:\WINDOWS\System32\gdi32full.dll
0x00007fffc6220000 - 0x00007fffc6239000 	c:\Users\lamho\.antigravity\extensions\redhat.java-1.12.0-win32-x64\jre\17.0.4.1-win32-x86_64\bin\VCRUNTIME140.dll
0x00007ffff5010000 - 0x00007ffff50ad000 	C:\WINDOWS\System32\msvcp_win.dll
0x00007fffe4790000 - 0x00007fffe4a2b000 	C:\WINDOWS\WinSxS\amd64_microsoft.windows.common-controls_6595b64144ccf1df_6.0.19041.6456_none_60b8a6cb71f64256\COMCTL32.dll
0x00007ffff6d70000 - 0x00007ffff6e0e000 	C:\WINDOWS\System32\msvcrt.dll
0x00007ffff5b30000 - 0x00007ffff5b5f000 	C:\WINDOWS\System32\IMM32.DLL
0x00007fffe5420000 - 0x00007fffe542c000 	c:\Users\lamho\.antigravity\extensions\redhat.java-1.12.0-win32-x64\jre\17.0.4.1-win32-x86_64\bin\vcruntime140_1.dll
0x00007fff80ff0000 - 0x00007fff81081000 	c:\Users\lamho\.antigravity\extensions\redhat.java-1.12.0-win32-x64\jre\17.0.4.1-win32-x86_64\bin\msvcp140.dll
0x00007fff655b0000 - 0x00007fff661f6000 	c:\Users\lamho\.antigravity\extensions\redhat.java-1.12.0-win32-x64\jre\17.0.4.1-win32-x86_64\bin\server\jvm.dll
0x00007ffff5a70000 - 0x00007ffff5b21000 	C:\WINDOWS\System32\ADVAPI32.dll
0x00007ffff5e70000 - 0x00007ffff5f0f000 	C:\WINDOWS\System32\sechost.dll
0x00007ffff5f20000 - 0x00007ffff6040000 	C:\WINDOWS\System32\RPCRT4.dll
0x00007ffff4c30000 - 0x00007ffff4c57000 	C:\WINDOWS\System32\bcrypt.dll
0x00007ffff5f10000 - 0x00007ffff5f18000 	C:\WINDOWS\System32\PSAPI.DLL
0x00007fffdfe90000 - 0x00007fffdfe99000 	C:\WINDOWS\SYSTEM32\WSOCK32.dll
0x00007ffff5d80000 - 0x00007ffff5deb000 	C:\WINDOWS\System32\WS2_32.dll
0x00007fffe5c30000 - 0x00007fffe5c57000 	C:\WINDOWS\SYSTEM32\WINMM.dll
0x00007fffeeb60000 - 0x00007fffeeb6a000 	C:\WINDOWS\SYSTEM32\VERSION.dll
0x00007ffff2570000 - 0x00007ffff2582000 	C:\WINDOWS\SYSTEM32\kernel.appcore.dll
0x00007fffe13d0000 - 0x00007fffe13da000 	c:\Users\lamho\.antigravity\extensions\redhat.java-1.12.0-win32-x64\jre\17.0.4.1-win32-x86_64\bin\jimage.dll
0x00007fffe55a0000 - 0x00007fffe57a1000 	C:\WINDOWS\SYSTEM32\DBGHELP.DLL
0x00007fffd1ec0000 - 0x00007fffd1ef4000 	C:\WINDOWS\SYSTEM32\dbgcore.DLL
0x00007ffff4ba0000 - 0x00007ffff4c22000 	C:\WINDOWS\System32\bcryptPrimitives.dll
0x00007fffe1250000 - 0x00007fffe125e000 	c:\Users\lamho\.antigravity\extensions\redhat.java-1.12.0-win32-x64\jre\17.0.4.1-win32-x86_64\bin\instrument.dll
0x00007fffc0980000 - 0x00007fffc09a5000 	c:\Users\lamho\.antigravity\extensions\redhat.java-1.12.0-win32-x64\jre\17.0.4.1-win32-x86_64\bin\java.dll
0x00007fffc5990000 - 0x00007fffc59a8000 	c:\Users\lamho\.antigravity\extensions\redhat.java-1.12.0-win32-x64\jre\17.0.4.1-win32-x86_64\bin\zip.dll
0x00007ffff50b0000 - 0x00007ffff5820000 	C:\WINDOWS\System32\SHELL32.dll
0x00007ffff2770000 - 0x00007ffff2f15000 	C:\WINDOWS\SYSTEM32\windows.storage.dll
0x00007ffff62c0000 - 0x00007ffff6614000 	C:\WINDOWS\System32\combase.dll
0x00007ffff3f90000 - 0x00007ffff3fbb000 	C:\WINDOWS\SYSTEM32\Wldp.dll
0x00007ffff5820000 - 0x00007ffff58ed000 	C:\WINDOWS\System32\OLEAUT32.dll
0x00007ffff58f0000 - 0x00007ffff599d000 	C:\WINDOWS\System32\SHCORE.dll
0x00007ffff6120000 - 0x00007ffff617b000 	C:\WINDOWS\System32\shlwapi.dll
0x00007ffff4650000 - 0x00007ffff4674000 	C:\WINDOWS\SYSTEM32\profapi.dll
0x00007fffc41b0000 - 0x00007fffc41c9000 	C:\Users\lamho\.antigravity\extensions\redhat.java-1.12.0-win32-x64\jre\17.0.4.1-win32-x86_64\bin\net.dll
0x00007fffee550000 - 0x00007fffee65a000 	C:\WINDOWS\SYSTEM32\WINHTTP.dll
0x00007ffff3d70000 - 0x00007ffff3dda000 	C:\WINDOWS\system32\mswsock.dll
0x00007fffc31b0000 - 0x00007fffc31c5000 	C:\Users\lamho\.antigravity\extensions\redhat.java-1.12.0-win32-x64\jre\17.0.4.1-win32-x86_64\bin\nio.dll
0x00007fffdd5f0000 - 0x00007fffdd600000 	c:\Users\lamho\.antigravity\extensions\redhat.java-1.12.0-win32-x64\jre\17.0.4.1-win32-x86_64\bin\verify.dll

dbghelp: loaded successfully - version: 4.0.5 - missing functions: none
symbol engine: initialized successfully - sym options: 0x614 - pdb path: .;c:\Users\lamho\.antigravity\extensions\redhat.java-1.12.0-win32-x64\jre\17.0.4.1-win32-x86_64\bin;C:\WINDOWS\SYSTEM32;C:\WINDOWS\WinSxS\amd64_microsoft.windows.common-controls_6595b64144ccf1df_6.0.19041.6456_none_60b8a6cb71f64256;c:\Users\lamho\.antigravity\extensions\redhat.java-1.12.0-win32-x64\jre\17.0.4.1-win32-x86_64\bin\server

VM Arguments:
jvm_args: --add-modules=ALL-SYSTEM --add-opens=java.base/java.util=ALL-UNNAMED --add-opens=java.base/java.lang=ALL-UNNAMED --add-opens=java.base/sun.nio.fs=ALL-UNNAMED -Declipse.application=org.eclipse.jdt.ls.core.id1 -Dosgi.bundles.defaultStartLevel=4 -Declipse.product=org.eclipse.jdt.ls.core.product -Djava.import.generatesMetadataFilesAtProjectRoot=false -Dfile.encoding=utf8 -XX:+UseParallelGC -XX:GCTimeRatio=4 -XX:AdaptiveSizePolicyWeight=90 -Dsun.zip.disableMemoryMapping=true -Xmx1G -Xms100m -Xlog:disable -javaagent:c:\Users\lamho\.antigravity\extensions\redhat.java-1.12.0-win32-x64\lombok\lombok-1.18.24.jar 
java_command: c:\Users\lamho\.antigravity\extensions\redhat.java-1.12.0-win32-x64\server\plugins\org.eclipse.equinox.launcher_1.6.400.v20210924-0641.jar -configuration c:\Users\lamho\AppData\Roaming\Antigravity\User\globalStorage\redhat.java\1.12.0\config_ss_win -data c:\Users\lamho\AppData\Roaming\Antigravity\User\workspaceStorage\72f3abaf5d5d677d5907d84c497303e1\redhat.java\ss_ws
java_class_path (initial): c:\Users\lamho\.antigravity\extensions\redhat.java-1.12.0-win32-x64\server\plugins\org.eclipse.equinox.launcher_1.6.400.v20210924-0641.jar
Launcher Type: SUN_STANDARD

[Global flags]
    uintx AdaptiveSizePolicyWeight                 = 90                                        {product} {command line}
     intx CICompilerCount                          = 4                                         {product} {ergonomic}
    uintx GCTimeRatio                              = 4                                         {product} {command line}
   size_t InitialHeapSize                          = 104857600                                 {product} {command line}
   size_t MaxHeapSize                              = 1073741824                                {product} {command line}
   size_t MaxNewSize                               = 357564416                                 {product} {ergonomic}
   size_t MinHeapDeltaBytes                        = 524288                                    {product} {ergonomic}
   size_t MinHeapSize                              = 104857600                                 {product} {command line}
   size_t NewSize                                  = 34603008                                  {product} {ergonomic}
    uintx NonNMethodCodeHeapSize                   = 5839372                                {pd product} {ergonomic}
    uintx NonProfiledCodeHeapSize                  = 122909434                              {pd product} {ergonomic}
   size_t OldSize                                  = 70254592                                  {product} {ergonomic}
    uintx ProfiledCodeHeapSize                     = 122909434                              {pd product} {ergonomic}
    uintx ReservedCodeCacheSize                    = 251658240                              {pd product} {ergonomic}
     bool SegmentedCodeCache                       = true                                      {product} {ergonomic}
   size_t SoftMaxHeapSize                          = 1073741824                             {manageable} {ergonomic}
     bool UseCompressedClassPointers               = true                           {product lp64_product} {ergonomic}
     bool UseCompressedOops                        = true                           {product lp64_product} {ergonomic}
     bool UseLargePagesIndividualAllocation        = false                                  {pd product} {ergonomic}
     bool UseParallelGC                            = true                                      {product} {command line}

Logging:
Log output configuration:
 #0: stdout all=off uptime,level,tags
 #1: stderr all=off uptime,level,tags

Environment Variables:
JAVA_HOME=C:\Program Files\Microsoft\jdk-17.0.18.8-hotspot\
PATH=C:\Program Files\Microsoft\jdk-17.0.18.8-hotspot\bin;C:\Program Files (x86)\Common Files\Oracle\Java\javapath;C:\WINDOWS\system32;C:\WINDOWS;C:\WINDOWS\System32\Wbem;C:\WINDOWS\System32\WindowsPowerShell\v1.0\;C:\WINDOWS\System32\OpenSSH\;C:\Program Files\dotnet\;C:\Program Files\Sunshine;C:\Program Files\Sunshine\tools;C:\Program Files\Git\cmd;C:\Program Files\Cloudflare\Cloudflare WARP\;C:\Program Files (x86)\Microsoft SQL Server\160\Tools\Binn\;C:\Program Files\Microsoft SQL Server\160\Tools\Binn\;C:\Program Files\Microsoft SQL Server\Client SDK\ODBC\170\Tools\Binn\;C:\Program Files\Microsoft SQL Server\160\DTS\Binn\;C:\Program Files\nodejs\;C:\Users\lamho\.local\bin;C:\Users\lamho\AppData\Local\Programs\Python\Python315\Scripts\;C:\Users\lamho\AppData\Local\Programs\Python\Python315\;C:\Users\lamho\AppData\Local\Programs\Python\Launcher\;C:\Users\lamho\AppData\Local\Microsoft\WindowsApps;D:\IntelliJ IDEA 261.21849.20\bin;D:\code\Microsoft VS Code\bin;C:\Users\lamho\AppData\Roaming\npm;D:\code\Antigravity\bin
USERNAME=lamho
OS=Windows_NT
PROCESSOR_IDENTIFIER=Intel64 Family 6 Model 165 Stepping 3, GenuineIntel
TMP=C:\Users\lamho\AppData\Local\Temp
TEMP=C:\Users\lamho\AppData\Local\Temp



---------------  S Y S T E M  ---------------

OS:
 Windows 10 , 64 bit Build 19041 (10.0.19041.5915)
OS uptime: 4 days 11:17 hours
Hyper-V role detected

CPU: total 8 (initial active 8) (4 cores per cpu, 2 threads per core) family 6 model 165 stepping 3 microcode 0xe0, cx8, cmov, fxsr, ht, mmx, 3dnowpref, sse, sse2, sse3, ssse3, sse4.1, sse4.2, popcnt, lzcnt, tsc, tscinvbit, avx, avx2, aes, erms, clmul, bmi1, bmi2, adx, fma, vzeroupper, clflush, clflushopt, hv

Memory: 4k page, system-wide physical 8058M (142M free)
TotalPageFile size 26002M (AvailPageFile size 14M)
current process WorkingSet (physical memory assigned to process): 79M, peak: 79M
current process commit charge ("private bytes"): 201M, peak: 201M

vm_info: OpenJDK 64-Bit Server VM (17.0.4.1+1) for windows-amd64 JRE (17.0.4.1+1), built on Aug 17 2022 07:42:43 by "temurin" with MS VC++ 16.7 (VS2019)

END.
