#
# There is insufficient memory for the Java Runtime Environment to continue.
# Native memory allocation (malloc) failed to allocate 32744 bytes for ChunkPool::allocate
# Possible reasons:
#   The system is out of physical RAM or swap space
#   The process is running with CompressedOops enabled, and the Java Heap may be blocking the growth of the native heap
# Possible solutions:
#   Reduce memory load on the system
#   Increase physical memory or swap space
#   Check if swap backing store is full
#   Decrease Java heap size (-Xmx/-Xms)
#   Decrease number of Java threads
#   Decrease Java thread stack sizes (-Xss)
#   Set larger code cache with -XX:ReservedCodeCacheSize=
#   JVM is running with Unscaled Compressed Oops mode in which the Java heap is
#     placed in the first 4GB address space. The Java Heap base address is the
#     maximum limit for the native heap growth. Please use -XX:HeapBaseMinAddress
#     to set the Java Heap base and to place the Java Heap above 4GB virtual address.
# This output file may be truncated or incomplete.
#
#  Out of Memory Error (arena.cpp:78), pid=17928, tid=21732
#
# JRE version: OpenJDK Runtime Environment Temurin-17.0.4.1+1 (17.0.4.1+1) (build 17.0.4.1+1)
# Java VM: OpenJDK 64-Bit Server VM Temurin-17.0.4.1+1 (17.0.4.1+1, mixed mode, tiered, compressed oops, compressed class ptrs, parallel gc, windows-amd64)
# No core dump will be written. Minidumps are not enabled by default on client versions of Windows
#

---------------  S U M M A R Y ------------

Command Line: --add-modules=ALL-SYSTEM --add-opens=java.base/java.util=ALL-UNNAMED --add-opens=java.base/java.lang=ALL-UNNAMED --add-opens=java.base/sun.nio.fs=ALL-UNNAMED -Declipse.application=org.eclipse.jdt.ls.core.id1 -Dosgi.bundles.defaultStartLevel=4 -Declipse.product=org.eclipse.jdt.ls.core.product -Djava.import.generatesMetadataFilesAtProjectRoot=false -Dfile.encoding=utf8 -XX:+UseParallelGC -XX:GCTimeRatio=4 -XX:AdaptiveSizePolicyWeight=90 -Dsun.zip.disableMemoryMapping=true -Xmx1G -Xms100m -Xlog:disable -javaagent:c:\Users\lamho\.antigravity\extensions\redhat.java-1.12.0-win32-x64\lombok\lombok-1.18.24.jar -XX:+HeapDumpOnOutOfMemoryError -XX:HeapDumpPath=c:\Users\lamho\AppData\Roaming\Antigravity\User\workspaceStorage\4b9c21fda4c49ae430132a5021eed1f4\redhat.java c:\Users\lamho\.antigravity\extensions\redhat.java-1.12.0-win32-x64\server\plugins\org.eclipse.equinox.launcher_1.6.400.v20210924-0641.jar -configuration c:\Users\lamho\AppData\Roaming\Antigravity\User\globalStorage\redhat.java\1.12.0\config_win -data c:\Users\lamho\AppData\Roaming\Antigravity\User\workspaceStorage\4b9c21fda4c49ae430132a5021eed1f4\redhat.java\jdt_ws

Host: Intel(R) Core(TM) i3-10100 CPU @ 3.60GHz, 8 cores, 7G,  Windows 10 , 64 bit Build 19041 (10.0.19041.5915)
Time: Sun Mar 22 22:20:19 2026 SE Asia Standard Time elapsed time: 1778.261938 seconds (0d 0h 29m 38s)

---------------  T H R E A D  ---------------

Current thread (0x000002e11b531d70):  JavaThread "C2 CompilerThread0" daemon [_thread_in_native, id=21732, stack(0x000000e6b1900000,0x000000e6b1a00000)]


Current CompileTask:
C2:1778261 11098   !   4       java.io.ObjectOutputStream::writeObject0 (620 bytes)

Stack: [0x000000e6b1900000,0x000000e6b1a00000]
Native frames: (J=compiled Java code, j=interpreted, Vv=VM code, C=native code)
V  [jvm.dll+0x67731a]
V  [jvm.dll+0x832284]
V  [jvm.dll+0x833a2e]
V  [jvm.dll+0x834093]
V  [jvm.dll+0x245775]
V  [jvm.dll+0xabfc0]
V  [jvm.dll+0xac30c]
V  [jvm.dll+0xabe8b]
V  [jvm.dll+0x654956]
V  [jvm.dll+0x56c9ee]
V  [jvm.dll+0x56d3e0]
V  [jvm.dll+0x56c7ee]
V  [jvm.dll+0x56c801]
V  [jvm.dll+0x56c801]
V  [jvm.dll+0x56c801]
V  [jvm.dll+0x56c801]
V  [jvm.dll+0x56c801]
V  [jvm.dll+0x56c801]
V  [jvm.dll+0x56c801]
V  [jvm.dll+0x57e5b8]
V  [jvm.dll+0x220892]
V  [jvm.dll+0x21a182]
V  [jvm.dll+0x21799b]
V  [jvm.dll+0x1a3f8d]
V  [jvm.dll+0x227498]
V  [jvm.dll+0x2255e5]
V  [jvm.dll+0x7e7e9b]
V  [jvm.dll+0x7e240a]
V  [jvm.dll+0x6761a5]
C  [ucrtbase.dll+0x21bb2]
C  [KERNEL32.DLL+0x17374]
C  [ntdll.dll+0x4cc91]


---------------  P R O C E S S  ---------------

Threads class SMR info:
_java_thread_list=0x000002e1303210c0, length=27, elements={
0x000002e1050cb1b0, 0x000002e118f5ced0, 0x000002e11b502550, 0x000002e11b52b270,
0x000002e11b52db40, 0x000002e11b52e400, 0x000002e11b5310d0, 0x000002e11b531d70,
0x000002e11b533ed0, 0x000002e11b59f810, 0x000002e118de0ca0, 0x000002e11b847480,
0x000002e11bcc0810, 0x000002e11cca21a0, 0x000002e11cf45350, 0x000002e11bf7af60,
0x000002e11d106020, 0x000002e11ce7fa40, 0x000002e11ce81720, 0x000002e11ce7ff10,
0x000002e11ce80d80, 0x000002e11ef6faa0, 0x000002e11ef70440, 0x000002e11ef76e20,
0x000002e11ef70910, 0x000002e11ef73e00, 0x000002e11ef70de0
}

Java Threads: ( => current thread )
  0x000002e1050cb1b0 JavaThread "main" [_thread_blocked, id=25384, stack(0x000000e6b1000000,0x000000e6b1100000)]
  0x000002e118f5ced0 JavaThread "Reference Handler" daemon [_thread_blocked, id=2660, stack(0x000000e6b1300000,0x000000e6b1400000)]
  0x000002e11b502550 JavaThread "Finalizer" daemon [_thread_blocked, id=26236, stack(0x000000e6b1400000,0x000000e6b1500000)]
  0x000002e11b52b270 JavaThread "Signal Dispatcher" daemon [_thread_blocked, id=16452, stack(0x000000e6b1500000,0x000000e6b1600000)]
  0x000002e11b52db40 JavaThread "Attach Listener" daemon [_thread_blocked, id=9720, stack(0x000000e6b1600000,0x000000e6b1700000)]
  0x000002e11b52e400 JavaThread "Service Thread" daemon [_thread_blocked, id=19472, stack(0x000000e6b1700000,0x000000e6b1800000)]
  0x000002e11b5310d0 JavaThread "Monitor Deflation Thread" daemon [_thread_blocked, id=9916, stack(0x000000e6b1800000,0x000000e6b1900000)]
=>0x000002e11b531d70 JavaThread "C2 CompilerThread0" daemon [_thread_in_native, id=21732, stack(0x000000e6b1900000,0x000000e6b1a00000)]
  0x000002e11b533ed0 JavaThread "C1 CompilerThread0" daemon [_thread_blocked, id=6124, stack(0x000000e6b1a00000,0x000000e6b1b00000)]
  0x000002e11b59f810 JavaThread "Sweeper thread" daemon [_thread_blocked, id=21924, stack(0x000000e6b1b00000,0x000000e6b1c00000)]
  0x000002e118de0ca0 JavaThread "Common-Cleaner" daemon [_thread_blocked, id=280, stack(0x000000e6b1c00000,0x000000e6b1d00000)]
  0x000002e11b847480 JavaThread "Notification Thread" daemon [_thread_blocked, id=25568, stack(0x000000e6b1e00000,0x000000e6b1f00000)]
  0x000002e11bcc0810 JavaThread "Active Thread: Equinox Container: d4426062-8013-42f6-bfda-c23da9f1aaa4" [_thread_blocked, id=18984, stack(0x000000e6b2600000,0x000000e6b2700000)]
  0x000002e11cca21a0 JavaThread "Framework Event Dispatcher: Equinox Container: d4426062-8013-42f6-bfda-c23da9f1aaa4" daemon [_thread_blocked, id=19768, stack(0x000000e6b2700000,0x000000e6b2800000)]
  0x000002e11cf45350 JavaThread "Start Level: Equinox Container: d4426062-8013-42f6-bfda-c23da9f1aaa4" daemon [_thread_blocked, id=22420, stack(0x000000e6b2800000,0x000000e6b2900000)]
  0x000002e11bf7af60 JavaThread "SCR Component Actor" daemon [_thread_blocked, id=27876, stack(0x000000e6b2900000,0x000000e6b2a00000)]
  0x000002e11d106020 JavaThread "Worker-JM" [_thread_blocked, id=26148, stack(0x000000e6b1d00000,0x000000e6b1e00000)]
  0x000002e11ce7fa40 JavaThread "Java indexing" daemon [_thread_blocked, id=21252, stack(0x000000e6b2f00000,0x000000e6b3000000)]
  0x000002e11ce81720 JavaThread "JNA Cleaner" daemon [_thread_blocked, id=14744, stack(0x000000e6b3100000,0x000000e6b3200000)]
  0x000002e11ce7ff10 JavaThread "pool-2-thread-1" [_thread_blocked, id=23972, stack(0x000000e6b3500000,0x000000e6b3600000)]
  0x000002e11ce80d80 JavaThread "pool-1-thread-1" [_thread_in_native, id=2144, stack(0x000000e6b3600000,0x000000e6b3700000)]
  0x000002e11ef6faa0 JavaThread "Worker-4" [_thread_blocked, id=24020, stack(0x000000e6b3800000,0x000000e6b3900000)]
  0x000002e11ef70440 JavaThread "Worker-6" [_thread_blocked, id=7672, stack(0x000000e6b2000000,0x000000e6b2100000)]
  0x000002e11ef76e20 JavaThread "ForkJoinPool.commonPool-worker-15" daemon [_thread_blocked, id=21156, stack(0x000000e6b0d00000,0x000000e6b0e00000)]
  0x000002e11ef70910 JavaThread "ForkJoinPool.commonPool-worker-17" daemon [_thread_blocked, id=18496, stack(0x000000e6b0f00000,0x000000e6b1000000)]
  0x000002e11ef73e00 JavaThread "ForkJoinPool.commonPool-worker-18" daemon [_thread_blocked, id=11732, stack(0x000000e6b2c00000,0x000000e6b2d00000)]
  0x000002e11ef70de0 JavaThread "ForkJoinPool.commonPool-worker-20" daemon [_thread_blocked, id=14508, stack(0x000000e6b0e00000,0x000000e6b0f00000)]

Other Threads:
  0x000002e118f560b0 VMThread "VM Thread" [stack: 0x000000e6b1200000,0x000000e6b1300000] [id=8700]
  0x000002e11b849e70 WatcherThread [stack: 0x000000e6b1f00000,0x000000e6b2000000] [id=28500]
  0x000002e1050e02f0 GCTaskThread "GC Thread#0" [stack: 0x000000e6b1100000,0x000000e6b1200000] [id=22816]
  0x000002e11be17130 GCTaskThread "GC Thread#1" [stack: 0x000000e6b2100000,0x000000e6b2200000] [id=21356]
  0x000002e11cc9a800 GCTaskThread "GC Thread#2" [stack: 0x000000e6b2200000,0x000000e6b2300000] [id=15396]
  0x000002e11ce052b0 GCTaskThread "GC Thread#3" [stack: 0x000000e6b2300000,0x000000e6b2400000] [id=9160]
  0x000002e11ce05560 GCTaskThread "GC Thread#4" [stack: 0x000000e6b2400000,0x000000e6b2500000] [id=22760]
  0x000002e11bea3370 GCTaskThread "GC Thread#5" [stack: 0x000000e6b2500000,0x000000e6b2600000] [id=28380]
  0x000002e11bf7cb50 GCTaskThread "GC Thread#6" [stack: 0x000000e6b2a00000,0x000000e6b2b00000] [id=7704]
  0x000002e11d044400 GCTaskThread "GC Thread#7" [stack: 0x000000e6b2b00000,0x000000e6b2c00000] [id=13784]

Threads with active compile tasks:
C2 CompilerThread0  1778302 11098   !   4       java.io.ObjectOutputStream::writeObject0 (620 bytes)

VM state: not at safepoint (normal execution)

VM Mutex/Monitor currently owned by a thread: None

Heap address: 0x00000000c0000000, size: 1024 MB, Compressed Oops mode: 32-bit

CDS archive(s) not mapped
Compressed class space mapped at: 0x0000000100000000-0x0000000140000000, reserved size: 1073741824
Narrow klass base: 0x0000000000000000, Narrow klass shift: 3, Narrow klass range: 0x140000000

GC Precious Log:
 CPUs: 8 total, 8 available
 Memory: 8058M
 Large Page Support: Disabled
 NUMA Support: Disabled
 Compressed Oops: Enabled (32-bit)
 Alignments: Space 512K, Generation 512K, Heap 2M
 Heap Min Capacity: 100M
 Heap Initial Capacity: 100M
 Heap Max Capacity: 1G
 Pre-touch: Disabled
 Parallel Workers: 8

Heap:
 PSYoungGen      total 17920K, used 7615K [0x00000000eab00000, 0x00000000ec500000, 0x0000000100000000)
  eden space 9216K, 82% used [0x00000000eab00000,0x00000000eb26fde8,0x00000000eb400000)
  from space 8704K, 0% used [0x00000000ebc80000,0x00000000ebc80000,0x00000000ec500000)
  to   space 8704K, 0% used [0x00000000eb400000,0x00000000eb400000,0x00000000ebc80000)
 ParOldGen       total 91648K, used 64242K [0x00000000c0000000, 0x00000000c5980000, 0x00000000eab00000)
  object space 91648K, 70% used [0x00000000c0000000,0x00000000c3ebc9e0,0x00000000c5980000)
 Metaspace       used 68143K, committed 69312K, reserved 1114112K
  class space    used 7008K, committed 7552K, reserved 1048576K

Card table byte_map: [0x000002e104a80000,0x000002e104c90000] _byte_map_base: 0x000002e104480000

Marking Bits: (ParMarkBitMap*) 0x00007fffa0612cc0
 Begin Bits: [0x000002e116d60000, 0x000002e117d60000)
 End Bits:   [0x000002e117d60000, 0x000002e118d60000)

Polling page: 0x000002e103030000

Metaspace:

Usage:
  Non-class:     59.70 MB used.
      Class:      6.84 MB used.
       Both:     66.55 MB used.

Virtual space:
  Non-class space:       64.00 MB reserved,      60.31 MB ( 94%) committed,  8 nodes.
      Class space:        1.00 GB reserved,       7.38 MB ( <1%) committed,  1 nodes.
             Both:        1.06 GB reserved,      67.69 MB (  6%) committed. 

Chunk freelists:
   Non-Class:  2.76 MB
       Class:  634.00 KB
        Both:  3.38 MB

MaxMetaspaceSize: unlimited
CompressedClassSpaceSize: 1.00 GB
Initial GC threshold: 21.00 MB
Current GC threshold: 112.19 MB
CDS: off
MetaspaceReclaimPolicy: balanced
 - commit_granule_bytes: 65536.
 - commit_granule_words: 8192.
 - virtual_space_node_default_size: 1048576.
 - enlarge_chunks_in_place: 1.
 - new_chunks_are_fully_committed: 0.
 - uncommit_free_chunks: 1.
 - use_allocation_guard: 0.
 - handle_deallocations: 1.


Internal statistics:

num_allocs_failed_limit: 6.
num_arena_births: 782.
num_arena_deaths: 178.
num_vsnodes_births: 9.
num_vsnodes_deaths: 0.
num_space_committed: 1083.
num_space_uncommitted: 0.
num_chunks_returned_to_freelist: 233.
num_chunks_taken_from_freelist: 3591.
num_chunk_merges: 72.
num_chunk_splits: 2217.
num_chunks_enlarged: 1345.
num_purges: 4.
num_inconsistent_stats: 0.

CodeHeap 'non-profiled nmethods': size=120000Kb used=7142Kb max_used=7280Kb free=112857Kb
 bounds [0x000002e10f830000, 0x000002e10ff70000, 0x000002e116d60000]
CodeHeap 'profiled nmethods': size=120000Kb used=19540Kb max_used=21481Kb free=100459Kb
 bounds [0x000002e108300000, 0x000002e109800000, 0x000002e10f830000]
CodeHeap 'non-nmethods': size=5760Kb used=1355Kb max_used=1553Kb free=4404Kb
 bounds [0x000002e107d60000, 0x000002e107fd0000, 0x000002e108300000]
 total_blobs=9785 nmethods=9084 adapters=613
 compilation: enabled
              stopped_count=0, restarted_count=0
 full_count=0

Compilation events (20 events):
Event: 1778.204 Thread 0x000002e11b533ed0 11101   !   3       jdk.internal.reflect.GeneratedMethodAccessor33::invoke (66 bytes)
Event: 1778.205 Thread 0x000002e11b533ed0 nmethod 11101 0x000002e108cc9a90 code [0x000002e108cc9d00, 0x000002e108cca838]
Event: 1778.205 Thread 0x000002e11b533ed0 11103       3       java.util.LinkedHashMap::internalWriteEntries (34 bytes)
Event: 1778.206 Thread 0x000002e11b533ed0 nmethod 11103 0x000002e1086c2a10 code [0x000002e1086c2bc0, 0x000002e1086c2e18]
Event: 1778.206 Thread 0x000002e11b533ed0 11102   !   3       jdk.internal.reflect.GeneratedMethodAccessor34::invoke (66 bytes)
Event: 1778.206 Thread 0x000002e11b533ed0 nmethod 11102 0x000002e108e0dd10 code [0x000002e108e0df40, 0x000002e108e0e658]
Event: 1778.206 Thread 0x000002e11b533ed0 11104       3       java.io.ObjectOutputStream$BlockDataOutputStream::writeFloat (46 bytes)
Event: 1778.206 Thread 0x000002e11b533ed0 nmethod 11104 0x000002e108cee390 code [0x000002e108cee580, 0x000002e108ceeb98]
Event: 1778.207 Thread 0x000002e11b533ed0 11105       2       java.lang.ClassValue$Entry::assertNotPromise (22 bytes)
Event: 1778.207 Thread 0x000002e11b533ed0 nmethod 11105 0x000002e108308690 code [0x000002e108308820, 0x000002e108308918]
Event: 1778.211 Thread 0x000002e11b533ed0 11106       1       org.eclipse.core.internal.resources.WorkspaceRoot::getType (3 bytes)
Event: 1778.211 Thread 0x000002e11b533ed0 nmethod 11106 0x000002e10fd5d710 code [0x000002e10fd5d8a0, 0x000002e10fd5d978]
Event: 1778.220 Thread 0x000002e11b533ed0 11107       3       org.eclipse.core.internal.jobs.DeadlockDetector::lockReleased (318 bytes)
Event: 1778.220 Thread 0x000002e11b531d70 nmethod 11094 0x000002e10fd66e90 code [0x000002e10fd670e0, 0x000002e10fd68988]
Event: 1778.220 Thread 0x000002e11b531d70 11098   !   4       java.io.ObjectOutputStream::writeObject0 (620 bytes)
Event: 1778.223 Thread 0x000002e11b533ed0 nmethod 11107 0x000002e10859ac10 code [0x000002e10859b180, 0x000002e10859dc18]
Event: 1778.223 Thread 0x000002e11b533ed0 11108       3       java.util.concurrent.ConcurrentLinkedQueue::offer (120 bytes)
Event: 1778.224 Thread 0x000002e11b533ed0 nmethod 11108 0x000002e10834db10 code [0x000002e10834df40, 0x000002e10834fd88]
Event: 1778.224 Thread 0x000002e11b533ed0 11109       3       java.util.concurrent.ConcurrentLinkedQueue$Node::<init> (13 bytes)
Event: 1778.225 Thread 0x000002e11b533ed0 nmethod 11109 0x000002e10831a910 code [0x000002e10831ab60, 0x000002e10831b4f8]

GC Heap History (20 events):
Event: 468.317 GC heap before
{Heap before GC invocations=61 (full 3):
 PSYoungGen      total 22528K, used 22324K [0x00000000eab00000, 0x00000000ec300000, 0x0000000100000000)
  eden space 20480K, 100% used [0x00000000eab00000,0x00000000ebf00000,0x00000000ebf00000)
  from space 2048K, 90% used [0x00000000ec100000,0x00000000ec2cd200,0x00000000ec300000)
  to   space 2048K, 0% used [0x00000000ebf00000,0x00000000ebf00000,0x00000000ec100000)
 ParOldGen       total 92160K, used 83309K [0x00000000c0000000, 0x00000000c5a00000, 0x00000000eab00000)
  object space 92160K, 90% used [0x00000000c0000000,0x00000000c515b5e8,0x00000000c5a00000)
 Metaspace       used 66448K, committed 67648K, reserved 1114112K
  class space    used 6877K, committed 7424K, reserved 1048576K
}
Event: 468.319 GC heap after
{Heap after GC invocations=61 (full 3):
 PSYoungGen      total 22528K, used 1696K [0x00000000eab00000, 0x00000000ec300000, 0x0000000100000000)
  eden space 20480K, 0% used [0x00000000eab00000,0x00000000eab00000,0x00000000ebf00000)
  from space 2048K, 82% used [0x00000000ebf00000,0x00000000ec0a8000,0x00000000ec100000)
  to   space 2048K, 0% used [0x00000000ec100000,0x00000000ec100000,0x00000000ec300000)
 ParOldGen       total 92160K, used 85002K [0x00000000c0000000, 0x00000000c5a00000, 0x00000000eab00000)
  object space 92160K, 92% used [0x00000000c0000000,0x00000000c5302808,0x00000000c5a00000)
 Metaspace       used 66448K, committed 67648K, reserved 1114112K
  class space    used 6877K, committed 7424K, reserved 1048576K
}
Event: 658.836 GC heap before
{Heap before GC invocations=62 (full 3):
 PSYoungGen      total 22528K, used 16627K [0x00000000eab00000, 0x00000000ec300000, 0x0000000100000000)
  eden space 20480K, 72% used [0x00000000eab00000,0x00000000eb994ce8,0x00000000ebf00000)
  from space 2048K, 82% used [0x00000000ebf00000,0x00000000ec0a8000,0x00000000ec100000)
  to   space 2048K, 0% used [0x00000000ec100000,0x00000000ec100000,0x00000000ec300000)
 ParOldGen       total 92160K, used 85002K [0x00000000c0000000, 0x00000000c5a00000, 0x00000000eab00000)
  object space 92160K, 92% used [0x00000000c0000000,0x00000000c5302808,0x00000000c5a00000)
 Metaspace       used 66692K, committed 67840K, reserved 1114112K
  class space    used 6891K, committed 7424K, reserved 1048576K
}
Event: 658.839 GC heap after
{Heap after GC invocations=62 (full 3):
 PSYoungGen      total 22016K, used 1136K [0x00000000eab00000, 0x00000000ec280000, 0x0000000100000000)
  eden space 20480K, 0% used [0x00000000eab00000,0x00000000eab00000,0x00000000ebf00000)
  from space 1536K, 73% used [0x00000000ec100000,0x00000000ec21c010,0x00000000ec280000)
  to   space 1536K, 0% used [0x00000000ebf80000,0x00000000ebf80000,0x00000000ec100000)
 ParOldGen       total 92160K, used 86530K [0x00000000c0000000, 0x00000000c5a00000, 0x00000000eab00000)
  object space 92160K, 93% used [0x00000000c0000000,0x00000000c5480808,0x00000000c5a00000)
 Metaspace       used 66692K, committed 67840K, reserved 1114112K
  class space    used 6891K, committed 7424K, reserved 1048576K
}
Event: 659.097 GC heap before
{Heap before GC invocations=63 (full 3):
 PSYoungGen      total 22016K, used 21616K [0x00000000eab00000, 0x00000000ec280000, 0x0000000100000000)
  eden space 20480K, 100% used [0x00000000eab00000,0x00000000ebf00000,0x00000000ebf00000)
  from space 1536K, 73% used [0x00000000ec100000,0x00000000ec21c010,0x00000000ec280000)
  to   space 1536K, 0% used [0x00000000ebf80000,0x00000000ebf80000,0x00000000ec100000)
 ParOldGen       total 103936K, used 98050K [0x00000000c0000000, 0x00000000c6580000, 0x00000000eab00000)
  object space 103936K, 94% used [0x00000000c0000000,0x00000000c5fc0818,0x00000000c6580000)
 Metaspace       used 66709K, committed 67904K, reserved 1114112K
  class space    used 6892K, committed 7424K, reserved 1048576K
}
Event: 659.100 GC heap after
{Heap after GC invocations=63 (full 3):
 PSYoungGen      total 20992K, used 224K [0x00000000eab00000, 0x00000000ec180000, 0x0000000100000000)
  eden space 20480K, 0% used [0x00000000eab00000,0x00000000eab00000,0x00000000ebf00000)
  from space 512K, 43% used [0x00000000ebf80000,0x00000000ebfb8000,0x00000000ec000000)
  to   space 1024K, 0% used [0x00000000ec080000,0x00000000ec080000,0x00000000ec180000)
 ParOldGen       total 103936K, used 98966K [0x00000000c0000000, 0x00000000c6580000, 0x00000000eab00000)
  object space 103936K, 95% used [0x00000000c0000000,0x00000000c60a5a38,0x00000000c6580000)
 Metaspace       used 66709K, committed 67904K, reserved 1114112K
  class space    used 6892K, committed 7424K, reserved 1048576K
}
Event: 1437.996 GC heap before
{Heap before GC invocations=64 (full 3):
 PSYoungGen      total 20992K, used 20704K [0x00000000eab00000, 0x00000000ec180000, 0x0000000100000000)
  eden space 20480K, 100% used [0x00000000eab00000,0x00000000ebf00000,0x00000000ebf00000)
  from space 512K, 43% used [0x00000000ebf80000,0x00000000ebfb8000,0x00000000ec000000)
  to   space 1024K, 0% used [0x00000000ec080000,0x00000000ec080000,0x00000000ec180000)
 ParOldGen       total 127488K, used 122006K [0x00000000c0000000, 0x00000000c7c80000, 0x00000000eab00000)
  object space 127488K, 95% used [0x00000000c0000000,0x00000000c7725a58,0x00000000c7c80000)
 Metaspace       used 67100K, committed 68352K, reserved 1114112K
  class space    used 6926K, committed 7488K, reserved 1048576K
}
Event: 1438.096 GC heap after
{Heap after GC invocations=64 (full 3):
 PSYoungGen      total 20480K, used 1022K [0x00000000eab00000, 0x00000000ec400000, 0x0000000100000000)
  eden space 19456K, 0% used [0x00000000eab00000,0x00000000eab00000,0x00000000ebe00000)
  from space 1024K, 99% used [0x00000000ec080000,0x00000000ec17f940,0x00000000ec180000)
  to   space 2560K, 0% used [0x00000000ebe00000,0x00000000ebe00000,0x00000000ec080000)
 ParOldGen       total 127488K, used 122849K [0x00000000c0000000, 0x00000000c7c80000, 0x00000000eab00000)
  object space 127488K, 96% used [0x00000000c0000000,0x00000000c77f8730,0x00000000c7c80000)
 Metaspace       used 67100K, committed 68352K, reserved 1114112K
  class space    used 6926K, committed 7488K, reserved 1048576K
}
Event: 1438.220 GC heap before
{Heap before GC invocations=65 (full 3):
 PSYoungGen      total 20480K, used 20478K [0x00000000eab00000, 0x00000000ec400000, 0x0000000100000000)
  eden space 19456K, 100% used [0x00000000eab00000,0x00000000ebe00000,0x00000000ebe00000)
  from space 1024K, 99% used [0x00000000ec080000,0x00000000ec17f940,0x00000000ec180000)
  to   space 2560K, 0% used [0x00000000ebe00000,0x00000000ebe00000,0x00000000ec080000)
 ParOldGen       total 127488K, used 122849K [0x00000000c0000000, 0x00000000c7c80000, 0x00000000eab00000)
  object space 127488K, 96% used [0x00000000c0000000,0x00000000c77f8730,0x00000000c7c80000)
 Metaspace       used 67106K, committed 68352K, reserved 1114112K
  class space    used 6926K, committed 7488K, reserved 1048576K
}
Event: 1438.223 GC heap after
{Heap after GC invocations=65 (full 3):
 PSYoungGen      total 22016K, used 2548K [0x00000000eab00000, 0x00000000ecb00000, 0x0000000100000000)
  eden space 19456K, 0% used [0x00000000eab00000,0x00000000eab00000,0x00000000ebe00000)
  from space 2560K, 99% used [0x00000000ebe00000,0x00000000ec07d2e8,0x00000000ec080000)
  to   space 6656K, 0% used [0x00000000ec480000,0x00000000ec480000,0x00000000ecb00000)
 ParOldGen       total 127488K, used 126187K [0x00000000c0000000, 0x00000000c7c80000, 0x00000000eab00000)
  object space 127488K, 98% used [0x00000000c0000000,0x00000000c7b3ac40,0x00000000c7c80000)
 Metaspace       used 67106K, committed 68352K, reserved 1114112K
  class space    used 6926K, committed 7488K, reserved 1048576K
}
Event: 1438.223 GC heap before
{Heap before GC invocations=66 (full 4):
 PSYoungGen      total 22016K, used 2548K [0x00000000eab00000, 0x00000000ecb00000, 0x0000000100000000)
  eden space 19456K, 0% used [0x00000000eab00000,0x00000000eab00000,0x00000000ebe00000)
  from space 2560K, 99% used [0x00000000ebe00000,0x00000000ec07d2e8,0x00000000ec080000)
  to   space 6656K, 0% used [0x00000000ec480000,0x00000000ec480000,0x00000000ecb00000)
 ParOldGen       total 127488K, used 126187K [0x00000000c0000000, 0x00000000c7c80000, 0x00000000eab00000)
  object space 127488K, 98% used [0x00000000c0000000,0x00000000c7b3ac40,0x00000000c7c80000)
 Metaspace       used 67106K, committed 68352K, reserved 1114112K
  class space    used 6926K, committed 7488K, reserved 1048576K
}
Event: 1439.290 GC heap after
{Heap after GC invocations=66 (full 4):
 PSYoungGen      total 26112K, used 0K [0x00000000eab00000, 0x00000000ecb00000, 0x0000000100000000)
  eden space 19456K, 0% used [0x00000000eab00000,0x00000000eab00000,0x00000000ebe00000)
  from space 6656K, 0% used [0x00000000ec480000,0x00000000ec480000,0x00000000ecb00000)
  to   space 6656K, 0% used [0x00000000ebe00000,0x00000000ebe00000,0x00000000ec480000)
 ParOldGen       total 96256K, used 67418K [0x00000000c0000000, 0x00000000c5e00000, 0x00000000eab00000)
  object space 96256K, 70% used [0x00000000c0000000,0x00000000c41d6ac8,0x00000000c5e00000)
 Metaspace       used 66934K, committed 68352K, reserved 1114112K
  class space    used 6884K, committed 7488K, reserved 1048576K
}
Event: 1478.378 GC heap before
{Heap before GC invocations=67 (full 4):
 PSYoungGen      total 26112K, used 19456K [0x00000000eab00000, 0x00000000ecb00000, 0x0000000100000000)
  eden space 19456K, 100% used [0x00000000eab00000,0x00000000ebe00000,0x00000000ebe00000)
  from space 6656K, 0% used [0x00000000ec480000,0x00000000ec480000,0x00000000ecb00000)
  to   space 6656K, 0% used [0x00000000ebe00000,0x00000000ebe00000,0x00000000ec480000)
 ParOldGen       total 96256K, used 67418K [0x00000000c0000000, 0x00000000c5e00000, 0x00000000eab00000)
  object space 96256K, 70% used [0x00000000c0000000,0x00000000c41d6ac8,0x00000000c5e00000)
 Metaspace       used 67133K, committed 68352K, reserved 1114112K
  class space    used 6914K, committed 7488K, reserved 1048576K
}
Event: 1478.380 GC heap after
{Heap after GC invocations=67 (full 4):
 PSYoungGen      total 22016K, used 2516K [0x00000000eab00000, 0x00000000ec600000, 0x0000000100000000)
  eden space 19456K, 0% used [0x00000000eab00000,0x00000000eab00000,0x00000000ebe00000)
  from space 2560K, 98% used [0x00000000ebe00000,0x00000000ec075210,0x00000000ec080000)
  to   space 4096K, 0% used [0x00000000ec200000,0x00000000ec200000,0x00000000ec600000)
 ParOldGen       total 96256K, used 67426K [0x00000000c0000000, 0x00000000c5e00000, 0x00000000eab00000)
  object space 96256K, 70% used [0x00000000c0000000,0x00000000c41d8ac8,0x00000000c5e00000)
 Metaspace       used 67133K, committed 68352K, reserved 1114112K
  class space    used 6914K, committed 7488K, reserved 1048576K
}
Event: 1478.870 GC heap before
{Heap before GC invocations=68 (full 4):
 PSYoungGen      total 22016K, used 21972K [0x00000000eab00000, 0x00000000ec600000, 0x0000000100000000)
  eden space 19456K, 100% used [0x00000000eab00000,0x00000000ebe00000,0x00000000ebe00000)
  from space 2560K, 98% used [0x00000000ebe00000,0x00000000ec075210,0x00000000ec080000)
  to   space 4096K, 0% used [0x00000000ec200000,0x00000000ec200000,0x00000000ec600000)
 ParOldGen       total 96256K, used 67426K [0x00000000c0000000, 0x00000000c5e00000, 0x00000000eab00000)
  object space 96256K, 70% used [0x00000000c0000000,0x00000000c41d8ac8,0x00000000c5e00000)
 Metaspace       used 67543K, committed 68736K, reserved 1114112K
  class space    used 6935K, committed 7488K, reserved 1048576K
}
Event: 1478.877 GC heap after
{Heap after GC invocations=68 (full 4):
 PSYoungGen      total 13312K, used 4078K [0x00000000eab00000, 0x00000000eda00000, 0x0000000100000000)
  eden space 9216K, 0% used [0x00000000eab00000,0x00000000eab00000,0x00000000eb400000)
  from space 4096K, 99% used [0x00000000ec200000,0x00000000ec5fb950,0x00000000ec600000)
  to   space 14336K, 0% used [0x00000000eb400000,0x00000000eb400000,0x00000000ec200000)
 ParOldGen       total 96256K, used 75605K [0x00000000c0000000, 0x00000000c5e00000, 0x00000000eab00000)
  object space 96256K, 78% used [0x00000000c0000000,0x00000000c49d56e0,0x00000000c5e00000)
 Metaspace       used 67543K, committed 68736K, reserved 1114112K
  class space    used 6935K, committed 7488K, reserved 1048576K
}
Event: 1479.146 GC heap before
{Heap before GC invocations=69 (full 4):
 PSYoungGen      total 13312K, used 13294K [0x00000000eab00000, 0x00000000eda00000, 0x0000000100000000)
  eden space 9216K, 100% used [0x00000000eab00000,0x00000000eb400000,0x00000000eb400000)
  from space 4096K, 99% used [0x00000000ec200000,0x00000000ec5fb950,0x00000000ec600000)
  to   space 14336K, 0% used [0x00000000eb400000,0x00000000eb400000,0x00000000ec200000)
 ParOldGen       total 96256K, used 75605K [0x00000000c0000000, 0x00000000c5e00000, 0x00000000eab00000)
  object space 96256K, 78% used [0x00000000c0000000,0x00000000c49d56e0,0x00000000c5e00000)
 Metaspace       used 67646K, committed 68800K, reserved 1114112K
  class space    used 6946K, committed 7488K, reserved 1048576K
}
Event: 1479.148 GC heap after
{Heap after GC invocations=69 (full 4):
 PSYoungGen      total 15872K, used 6237K [0x00000000eab00000, 0x00000000ec500000, 0x0000000100000000)
  eden space 9216K, 0% used [0x00000000eab00000,0x00000000eab00000,0x00000000eb400000)
  from space 6656K, 93% used [0x00000000eb400000,0x00000000eba177c8,0x00000000eba80000)
  to   space 8704K, 0% used [0x00000000ebc80000,0x00000000ebc80000,0x00000000ec500000)
 ParOldGen       total 96256K, used 76215K [0x00000000c0000000, 0x00000000c5e00000, 0x00000000eab00000)
  object space 96256K, 79% used [0x00000000c0000000,0x00000000c4a6dce0,0x00000000c5e00000)
 Metaspace       used 67646K, committed 68800K, reserved 1114112K
  class space    used 6946K, committed 7488K, reserved 1048576K
}
Event: 1595.991 GC heap before
{Heap before GC invocations=70 (full 5):
 PSYoungGen      total 15872K, used 15453K [0x00000000eab00000, 0x00000000ec500000, 0x0000000100000000)
  eden space 9216K, 100% used [0x00000000eab00000,0x00000000eb400000,0x00000000eb400000)
  from space 6656K, 93% used [0x00000000eb400000,0x00000000eba177c8,0x00000000eba80000)
  to   space 8704K, 0% used [0x00000000ebc80000,0x00000000ebc80000,0x00000000ec500000)
 ParOldGen       total 139776K, used 137655K [0x00000000c0000000, 0x00000000c8880000, 0x00000000eab00000)
  object space 139776K, 98% used [0x00000000c0000000,0x00000000c866dd40,0x00000000c8880000)
 Metaspace       used 67832K, committed 68928K, reserved 1114112K
  class space    used 6958K, committed 7488K, reserved 1048576K
}
Event: 1596.209 GC heap after
{Heap after GC invocations=70 (full 5):
 PSYoungGen      total 17920K, used 0K [0x00000000eab00000, 0x00000000ec500000, 0x0000000100000000)
  eden space 9216K, 0% used [0x00000000eab00000,0x00000000eab00000,0x00000000eb400000)
  from space 8704K, 0% used [0x00000000ebc80000,0x00000000ebc80000,0x00000000ec500000)
  to   space 8704K, 0% used [0x00000000eb400000,0x00000000eb400000,0x00000000ebc80000)
 ParOldGen       total 91648K, used 64242K [0x00000000c0000000, 0x00000000c5980000, 0x00000000eab00000)
  object space 91648K, 70% used [0x00000000c0000000,0x00000000c3ebc9e0,0x00000000c5980000)
 Metaspace       used 67832K, committed 68928K, reserved 1114112K
  class space    used 6958K, committed 7488K, reserved 1048576K
}

Deoptimization events (20 events):
Event: 1479.313 Thread 0x000002e11ef6faa0 DEOPT PACKING pc=0x000002e10ff11960 sp=0x000000e6b38fe860
Event: 1479.313 Thread 0x000002e11ef6faa0 DEOPT UNPACKING pc=0x000002e107db20a3 sp=0x000000e6b38fe6e8 mode 2
Event: 1595.637 Thread 0x000002e11ef6ff70 Uncommon trap: trap_request=0xffffffc6 fr.pc=0x000002e10fc30140 relative=0x0000000000000c00
Event: 1595.637 Thread 0x000002e11ef6ff70 Uncommon trap: reason=bimorphic_or_optimized_type_check action=maybe_recompile pc=0x000002e10fc30140 method=java.util.concurrent.ConcurrentHashMap.putAll(Ljava/util/Map;)V @ 23 c2
Event: 1595.637 Thread 0x000002e11ef6ff70 DEOPT PACKING pc=0x000002e10fc30140 sp=0x000000e6b0efea70
Event: 1595.637 Thread 0x000002e11ef6ff70 DEOPT UNPACKING pc=0x000002e107db20a3 sp=0x000000e6b0efea20 mode 2
Event: 1595.675 Thread 0x000002e11ef6ff70 Uncommon trap: trap_request=0xffffffde fr.pc=0x000002e10f9ad46c relative=0x000000000000006c
Event: 1595.675 Thread 0x000002e11ef6ff70 Uncommon trap: reason=class_check action=maybe_recompile pc=0x000002e10f9ad46c method=java.util.LinkedHashMap.afterNodeInsertion(Z)V @ 15 c2
Event: 1595.675 Thread 0x000002e11ef6ff70 DEOPT PACKING pc=0x000002e10f9ad46c sp=0x000000e6b0efe990
Event: 1595.675 Thread 0x000002e11ef6ff70 DEOPT UNPACKING pc=0x000002e107db20a3 sp=0x000000e6b0efe908 mode 2
Event: 1595.779 Thread 0x000002e11ef6ff70 Uncommon trap: trap_request=0xffffff45 fr.pc=0x000002e10f988204 relative=0x0000000000007dc4
Event: 1595.779 Thread 0x000002e11ef6ff70 Uncommon trap: reason=unstable_if action=reinterpret pc=0x000002e10f988204 method=org.eclipse.jdt.internal.core.JavaElement.openWhenClosed(Ljava/lang/Object;ZLorg/eclipse/core/runtime/IProgressMonitor;)Ljava/lang/Object; @ 39 c2
Event: 1595.779 Thread 0x000002e11ef6ff70 DEOPT PACKING pc=0x000002e10f988204 sp=0x000000e6b0efd870
Event: 1595.779 Thread 0x000002e11ef6ff70 DEOPT UNPACKING pc=0x000002e107db20a3 sp=0x000000e6b0efd828 mode 2
Event: 1596.771 Thread 0x000002e11ef6ff70 DEOPT PACKING pc=0x000002e1092dfd13 sp=0x000000e6b0efdb00
Event: 1596.771 Thread 0x000002e11ef6ff70 DEOPT UNPACKING pc=0x000002e107db2843 sp=0x000000e6b0efcf40 mode 0
Event: 1699.464 Thread 0x000002e11ef742d0 Uncommon trap: trap_request=0xffffffc6 fr.pc=0x000002e10fc30140 relative=0x0000000000000c00
Event: 1699.464 Thread 0x000002e11ef742d0 Uncommon trap: reason=bimorphic_or_optimized_type_check action=maybe_recompile pc=0x000002e10fc30140 method=java.util.concurrent.ConcurrentHashMap.putAll(Ljava/util/Map;)V @ 23 c2
Event: 1699.464 Thread 0x000002e11ef742d0 DEOPT PACKING pc=0x000002e10fc30140 sp=0x000000e6b2dfeb80
Event: 1699.464 Thread 0x000002e11ef742d0 DEOPT UNPACKING pc=0x000002e107db20a3 sp=0x000000e6b2dfeb30 mode 2

Classes unloaded (20 events):
Event: 1438.387 Thread 0x000002e118f560b0 Unloading class 0x00000001002af400 'java/lang/invoke/LambdaForm$MH+0x00000001002af400'
Event: 1438.387 Thread 0x000002e118f560b0 Unloading class 0x00000001002af000 'java/lang/invoke/LambdaForm$MH+0x00000001002af000'
Event: 1438.387 Thread 0x000002e118f560b0 Unloading class 0x00000001002aec00 'java/lang/invoke/LambdaForm$MH+0x00000001002aec00'
Event: 1438.387 Thread 0x000002e118f560b0 Unloading class 0x00000001002ae400 'java/lang/invoke/LambdaForm$MH+0x00000001002ae400'
Event: 1438.387 Thread 0x000002e118f560b0 Unloading class 0x00000001002ad800 'java/lang/invoke/LambdaForm$MH+0x00000001002ad800'
Event: 1438.388 Thread 0x000002e118f560b0 Unloading class 0x0000000100209800 'java/lang/invoke/LambdaForm$MH+0x0000000100209800'
Event: 1438.388 Thread 0x000002e118f560b0 Unloading class 0x00000001001d1000 'jdk/internal/reflect/GeneratedConstructorAccessor4'
Event: 1438.389 Thread 0x000002e118f560b0 Unloading class 0x00000001001a2800 'java/lang/invoke/LambdaForm$MH+0x00000001001a2800'
Event: 1438.389 Thread 0x000002e118f560b0 Unloading class 0x00000001001a2000 'java/lang/invoke/LambdaForm$MH+0x00000001001a2000'
Event: 1438.389 Thread 0x000002e118f560b0 Unloading class 0x00000001001a1c00 'java/lang/invoke/LambdaForm$MH+0x00000001001a1c00'
Event: 1438.389 Thread 0x000002e118f560b0 Unloading class 0x00000001001a1800 'java/lang/invoke/LambdaForm$MH+0x00000001001a1800'
Event: 1438.389 Thread 0x000002e118f560b0 Unloading class 0x00000001001a1000 'java/lang/invoke/LambdaForm$MH+0x00000001001a1000'
Event: 1438.389 Thread 0x000002e118f560b0 Unloading class 0x00000001001a0c00 'java/lang/invoke/LambdaForm$MH+0x00000001001a0c00'
Event: 1438.389 Thread 0x000002e118f560b0 Unloading class 0x00000001001a0800 'java/lang/invoke/LambdaForm$MH+0x00000001001a0800'
Event: 1438.389 Thread 0x000002e118f560b0 Unloading class 0x00000001001a0000 'java/lang/invoke/LambdaForm$MH+0x00000001001a0000'
Event: 1438.389 Thread 0x000002e118f560b0 Unloading class 0x0000000100129000 'jdk/internal/reflect/GeneratedMethodAccessor5'
Event: 1438.389 Thread 0x000002e118f560b0 Unloading class 0x0000000100128c00 'jdk/internal/reflect/GeneratedMethodAccessor4'
Event: 1438.389 Thread 0x000002e118f560b0 Unloading class 0x0000000100128800 'jdk/internal/reflect/GeneratedMethodAccessor3'
Event: 1438.389 Thread 0x000002e118f560b0 Unloading class 0x0000000100128400 'jdk/internal/reflect/GeneratedMethodAccessor2'
Event: 1438.389 Thread 0x000002e118f560b0 Unloading class 0x0000000100128000 'jdk/internal/reflect/GeneratedMethodAccessor1'

Classes redefined (0 events):
No events

Internal exceptions (20 events):
Event: 75.110 Thread 0x000002e11ce7ff10 Exception <a 'java/lang/NoSuchMethodError'{0x00000000eae297a8}: 'java.lang.Object java.lang.invoke.DirectMethodHandle$Holder.newInvokeSpecial(java.lang.Object, java.lang.Object, long)'> (0x00000000eae297a8) 
thrown [s\src\hotspot\share\interpreter\linkResolver.cpp, line 759]
Event: 75.110 Thread 0x000002e11ce7ff10 Exception <a 'java/lang/NoSuchMethodError'{0x00000000eae2d1e8}: 'java.lang.Object java.lang.invoke.Invokers$Holder.linkToTargetMethod(java.lang.Object, long, java.lang.Object)'> (0x00000000eae2d1e8) 
thrown [s\src\hotspot\share\interpreter\linkResolver.cpp, line 759]
Event: 79.471 Thread 0x000002e11ef71c50 Implicit null exception at 0x000002e10fdb8080 to 0x000002e10fdb8130
Event: 79.559 Thread 0x000002e11ef71c50 Exception <a 'java/lang/NoSuchMethodError'{0x00000000eb8d2350}: 'java.lang.Object java.lang.invoke.DirectMethodHandle$Holder.newInvokeSpecial(java.lang.Object, java.lang.Object, int, java.lang.Object, java.lang.Object, java.lang.Object, java.lang.Object)'> (0x00000000eb8d2350) 
thrown [s\src\hotspot\share\interpreter\linkResolver.cpp, line 759]
Event: 79.564 Thread 0x000002e11ef71c50 Exception <a 'java/lang/NoSuchMethodError'{0x00000000eb8f1f68}: 'java.lang.Object java.lang.invoke.DirectMethodHandle$Holder.invokeStatic(java.lang.Object, int, java.lang.Object, java.lang.Object, java.lang.Object, java.lang.Object)'> (0x00000000eb8f1f68) 
thrown [s\src\hotspot\share\interpreter\linkResolver.cpp, line 759]
Event: 79.564 Thread 0x000002e11ef71c50 Exception <a 'java/lang/NoSuchMethodError'{0x00000000eb8fa460}: 'java.lang.Object java.lang.invoke.DirectMethodHandle$Holder.newInvokeSpecial(java.lang.Object, int, java.lang.Object, java.lang.Object, java.lang.Object)'> (0x00000000eb8fa460) 
thrown [s\src\hotspot\share\interpreter\linkResolver.cpp, line 759]
Event: 79.666 Thread 0x000002e11ef71c50 Exception <a 'java/lang/NoSuchMethodError'{0x00000000ebe38430}: 'int java.lang.invoke.DirectMethodHandle$Holder.invokeSpecialIFC(java.lang.Object, java.lang.Object, java.lang.Object, java.lang.Object)'> (0x00000000ebe38430) 
thrown [s\src\hotspot\share\interpreter\linkResolver.cpp, line 759]
Event: 310.028 Thread 0x000002e11ef6faa0 Exception <a 'java/lang/NoSuchMethodError'{0x00000000eaee75b8}: static [J.<clinit>()V> (0x00000000eaee75b8) 
thrown [s\src\hotspot\share\prims\jni.cpp, line 1107]
Event: 310.038 Thread 0x000002e11ef6faa0 Exception <a 'java/lang/NoSuchMethodError'{0x00000000eaf1f838}: 'java.lang.Object java.lang.invoke.DirectMethodHandle$Holder.newInvokeSpecial(java.lang.Object, java.lang.Object, java.lang.Object, java.lang.Object, java.lang.Object, java.lang.Object, java.lang.Object, java.lang.Object)'> (0x00000000eaf1f838) 
thrown [s\src\hotspot\share\interpreter\linkResolver.cpp, line 759]
Event: 310.038 Thread 0x000002e11ef6faa0 Exception <a 'java/lang/NoSuchMethodError'{0x00000000eaf23ff0}: 'java.lang.Object java.lang.invoke.Invokers$Holder.linkToTargetMethod(java.lang.Object, java.lang.Object, java.lang.Object, java.lang.Object, java.lang.Object, java.lang.Object, java.lang.Object, java.lang.Object)'> (0x00000000eaf23ff0) 
thrown [s\src\hotspot\share\interpreter\linkResolver.cpp, line 759]
Event: 467.996 Thread 0x000002e11ef70910 Exception <a 'java/lang/NoSuchMethodError'{0x00000000eb200638}: 'int java.lang.invoke.DirectMethodHandle$Holder.invokeSpecialIFC(java.lang.Object, java.lang.Object, java.lang.Object)'> (0x00000000eb200638) 
thrown [s\src\hotspot\share\interpreter\linkResolver.cpp, line 759]
Event: 468.739 Thread 0x000002e11ef70440 Exception <a 'java/lang/ArrayIndexOutOfBoundsException'{0x00000000eb68e858}> (0x00000000eb68e858) 
thrown [s\src\hotspot\share\runtime\sharedRuntime.cpp, line 628]
Event: 1439.415 Thread 0x000002e11ef73e00 Implicit null exception at 0x000002e10fb59da7 to 0x000002e10fb59ee4
Event: 1439.435 Thread 0x000002e11ef73e00 Implicit null exception at 0x000002e10fea344f to 0x000002e10fea3a08
Event: 1477.945 Thread 0x000002e11ce80d80 Implicit null exception at 0x000002e10fa45e8d to 0x000002e10fa4625c
Event: 1478.511 Thread 0x000002e11ef76e20 Implicit null exception at 0x000002e10fe66054 to 0x000002e10fe660a0
Event: 1478.512 Thread 0x000002e11ef76e20 Implicit null exception at 0x000002e10fea28d4 to 0x000002e10fea2a1c
Event: 1478.656 Thread 0x000002e11ce7fa40 Implicit null exception at 0x000002e10fe64db4 to 0x000002e10fe651cc
Event: 1595.981 Thread 0x000002e11ef6ff70 Exception <a 'java/lang/ArrayIndexOutOfBoundsException'{0x00000000eb3d2950}> (0x00000000eb3d2950) 
thrown [s\src\hotspot\share\runtime\sharedRuntime.cpp, line 628]
Event: 1699.671 Thread 0x000002e11ef742d0 Exception <a 'java/lang/ArrayIndexOutOfBoundsException'{0x00000000eb063f50}> (0x00000000eb063f50) 
thrown [s\src\hotspot\share\runtime\sharedRuntime.cpp, line 628]

VM Operations (20 events):
Event: 1597.999 Executing VM operation: HandshakeAllThreads
Event: 1597.999 Executing VM operation: HandshakeAllThreads done
Event: 1598.000 Executing VM operation: HandshakeAllThreads
Event: 1598.000 Executing VM operation: HandshakeAllThreads done
Event: 1598.005 Executing VM operation: HandshakeAllThreads
Event: 1598.005 Executing VM operation: HandshakeAllThreads done
Event: 1598.007 Executing VM operation: HandshakeAllThreads
Event: 1598.007 Executing VM operation: HandshakeAllThreads done
Event: 1598.008 Executing VM operation: HandshakeAllThreads
Event: 1598.008 Executing VM operation: HandshakeAllThreads done
Event: 1599.020 Executing VM operation: Cleanup
Event: 1599.021 Executing VM operation: Cleanup done
Event: 1699.730 Executing VM operation: Cleanup
Event: 1699.730 Executing VM operation: Cleanup done
Event: 1700.733 Executing VM operation: Cleanup
Event: 1700.733 Executing VM operation: Cleanup done
Event: 1767.176 Executing VM operation: Cleanup
Event: 1767.176 Executing VM operation: Cleanup done
Event: 1778.182 Executing VM operation: Cleanup
Event: 1778.188 Executing VM operation: Cleanup done

Events (20 events):
Event: 1595.811 Thread 0x000002e11b59f810 flushing nmethod 0x000002e10962b010
Event: 1595.811 Thread 0x000002e11b59f810 flushing nmethod 0x000002e10964a710
Event: 1595.811 Thread 0x000002e11b59f810 flushing nmethod 0x000002e10964b710
Event: 1595.811 Thread 0x000002e11b59f810 flushing nmethod 0x000002e10964e810
Event: 1595.811 Thread 0x000002e11b59f810 flushing nmethod 0x000002e10964f110
Event: 1595.812 Thread 0x000002e11b59f810 flushing nmethod 0x000002e109694190
Event: 1595.812 Thread 0x000002e11b59f810 flushing nmethod 0x000002e109694a10
Event: 1595.812 Thread 0x000002e11b59f810 flushing nmethod 0x000002e109699890
Event: 1595.812 Thread 0x000002e11b59f810 flushing nmethod 0x000002e1096f3010
Event: 1595.812 Thread 0x000002e11b59f810 flushing nmethod 0x000002e1096f4a90
Event: 1595.812 Thread 0x000002e11b59f810 flushing nmethod 0x000002e1096f5810
Event: 1595.812 Thread 0x000002e11b59f810 flushing nmethod 0x000002e10979ac10
Event: 1597.963 Thread 0x000002e11e874a90 Thread exited: 0x000002e11e874a90
Event: 1658.037 Thread 0x000002e11ef6ff70 Thread exited: 0x000002e11ef6ff70
Event: 1699.461 Thread 0x000002e11ef70de0 Thread added: 0x000002e11ef70de0
Event: 1759.891 Thread 0x000002e11ef742d0 Thread exited: 0x000002e11ef742d0
Event: 1778.193 Thread 0x000002e11ef71c50 Thread added: 0x000002e11ef71c50
Event: 1778.194 Thread 0x000002e11ef742d0 Thread added: 0x000002e11ef742d0
Event: 1778.194 Thread 0x000002e11ef71c50 Thread exited: 0x000002e11ef71c50
Event: 1778.194 Thread 0x000002e11ef742d0 Thread exited: 0x000002e11ef742d0


Dynamic libraries:
0x00007ff6cb8e0000 - 0x00007ff6cb8ee000 	c:\Users\lamho\.antigravity\extensions\redhat.java-1.12.0-win32-x64\jre\17.0.4.1-win32-x86_64\bin\java.exe
0x00007ffff7090000 - 0x00007ffff7288000 	C:\WINDOWS\SYSTEM32\ntdll.dll
0x00007ffff59a0000 - 0x00007ffff5a62000 	C:\WINDOWS\System32\KERNEL32.DLL
0x00007ffff4820000 - 0x00007ffff4b16000 	C:\WINDOWS\System32\KERNELBASE.dll
0x00007ffff4720000 - 0x00007ffff4820000 	C:\WINDOWS\System32\ucrtbase.dll
0x00007fffdfc00000 - 0x00007fffdfc18000 	c:\Users\lamho\.antigravity\extensions\redhat.java-1.12.0-win32-x64\jre\17.0.4.1-win32-x86_64\bin\jli.dll
0x00007ffff6620000 - 0x00007ffff67c1000 	C:\WINDOWS\System32\USER32.dll
0x00007ffff4d80000 - 0x00007ffff4da2000 	C:\WINDOWS\System32\win32u.dll
0x00007fffdb750000 - 0x00007fffdb769000 	c:\Users\lamho\.antigravity\extensions\redhat.java-1.12.0-win32-x64\jre\17.0.4.1-win32-x86_64\bin\VCRUNTIME140.dll
0x00007ffff61a0000 - 0x00007ffff61cb000 	C:\WINDOWS\System32\GDI32.dll
0x00007ffff4c60000 - 0x00007ffff4d79000 	C:\WINDOWS\System32\gdi32full.dll
0x00007ffff5010000 - 0x00007ffff50ad000 	C:\WINDOWS\System32\msvcp_win.dll
0x00007fffe4790000 - 0x00007fffe4a2b000 	C:\WINDOWS\WinSxS\amd64_microsoft.windows.common-controls_6595b64144ccf1df_6.0.19041.6456_none_60b8a6cb71f64256\COMCTL32.dll
0x00007ffff6d70000 - 0x00007ffff6e0e000 	C:\WINDOWS\System32\msvcrt.dll
0x00007ffff5b30000 - 0x00007ffff5b5f000 	C:\WINDOWS\System32\IMM32.DLL
0x00007ffff0d40000 - 0x00007ffff0d4c000 	c:\Users\lamho\.antigravity\extensions\redhat.java-1.12.0-win32-x64\jre\17.0.4.1-win32-x86_64\bin\vcruntime140_1.dll
0x00007fffc6860000 - 0x00007fffc68f1000 	c:\Users\lamho\.antigravity\extensions\redhat.java-1.12.0-win32-x64\jre\17.0.4.1-win32-x86_64\bin\msvcp140.dll
0x00007fff9fa90000 - 0x00007fffa06d6000 	c:\Users\lamho\.antigravity\extensions\redhat.java-1.12.0-win32-x64\jre\17.0.4.1-win32-x86_64\bin\server\jvm.dll
0x00007ffff5a70000 - 0x00007ffff5b21000 	C:\WINDOWS\System32\ADVAPI32.dll
0x00007ffff5e70000 - 0x00007ffff5f0f000 	C:\WINDOWS\System32\sechost.dll
0x00007ffff5f20000 - 0x00007ffff6040000 	C:\WINDOWS\System32\RPCRT4.dll
0x00007ffff4c30000 - 0x00007ffff4c57000 	C:\WINDOWS\System32\bcrypt.dll
0x00007ffff5f10000 - 0x00007ffff5f18000 	C:\WINDOWS\System32\PSAPI.DLL
0x00007fffe5c30000 - 0x00007fffe5c57000 	C:\WINDOWS\SYSTEM32\WINMM.dll
0x00007fffdfe90000 - 0x00007fffdfe99000 	C:\WINDOWS\SYSTEM32\WSOCK32.dll
0x00007fffeeb60000 - 0x00007fffeeb6a000 	C:\WINDOWS\SYSTEM32\VERSION.dll
0x00007ffff5d80000 - 0x00007ffff5deb000 	C:\WINDOWS\System32\WS2_32.dll
0x00007ffff2570000 - 0x00007ffff2582000 	C:\WINDOWS\SYSTEM32\kernel.appcore.dll
0x00007fffe5a90000 - 0x00007fffe5a9a000 	c:\Users\lamho\.antigravity\extensions\redhat.java-1.12.0-win32-x64\jre\17.0.4.1-win32-x86_64\bin\jimage.dll
0x00007fffe55a0000 - 0x00007fffe57a1000 	C:\WINDOWS\SYSTEM32\DBGHELP.DLL
0x00007fffd1ec0000 - 0x00007fffd1ef4000 	C:\WINDOWS\SYSTEM32\dbgcore.DLL
0x00007ffff4ba0000 - 0x00007ffff4c22000 	C:\WINDOWS\System32\bcryptPrimitives.dll
0x00007fffe5a70000 - 0x00007fffe5a7e000 	c:\Users\lamho\.antigravity\extensions\redhat.java-1.12.0-win32-x64\jre\17.0.4.1-win32-x86_64\bin\instrument.dll
0x00007fffd2d60000 - 0x00007fffd2d85000 	c:\Users\lamho\.antigravity\extensions\redhat.java-1.12.0-win32-x64\jre\17.0.4.1-win32-x86_64\bin\java.dll
0x00007fffd4dd0000 - 0x00007fffd4de8000 	c:\Users\lamho\.antigravity\extensions\redhat.java-1.12.0-win32-x64\jre\17.0.4.1-win32-x86_64\bin\zip.dll
0x00007ffff50b0000 - 0x00007ffff5820000 	C:\WINDOWS\System32\SHELL32.dll
0x00007ffff2770000 - 0x00007ffff2f15000 	C:\WINDOWS\SYSTEM32\windows.storage.dll
0x00007ffff62c0000 - 0x00007ffff6614000 	C:\WINDOWS\System32\combase.dll
0x00007ffff3f90000 - 0x00007ffff3fbb000 	C:\WINDOWS\SYSTEM32\Wldp.dll
0x00007ffff5820000 - 0x00007ffff58ed000 	C:\WINDOWS\System32\OLEAUT32.dll
0x00007ffff58f0000 - 0x00007ffff599d000 	C:\WINDOWS\System32\SHCORE.dll
0x00007ffff6120000 - 0x00007ffff617b000 	C:\WINDOWS\System32\shlwapi.dll
0x00007ffff4650000 - 0x00007ffff4674000 	C:\WINDOWS\SYSTEM32\profapi.dll
0x00007fffdfc20000 - 0x00007fffdfc39000 	C:\Users\lamho\.antigravity\extensions\redhat.java-1.12.0-win32-x64\jre\17.0.4.1-win32-x86_64\bin\net.dll
0x00007fffee550000 - 0x00007fffee65a000 	C:\WINDOWS\SYSTEM32\WINHTTP.dll
0x00007ffff3d70000 - 0x00007ffff3dda000 	C:\WINDOWS\system32\mswsock.dll
0x00007fffdb880000 - 0x00007fffdb895000 	C:\Users\lamho\.antigravity\extensions\redhat.java-1.12.0-win32-x64\jre\17.0.4.1-win32-x86_64\bin\nio.dll
0x00007fffe59d0000 - 0x00007fffe59e0000 	c:\Users\lamho\.antigravity\extensions\redhat.java-1.12.0-win32-x64\jre\17.0.4.1-win32-x86_64\bin\verify.dll
0x00007fffd6f50000 - 0x00007fffd6f8e000 	C:\Users\lamho\AppData\Roaming\Antigravity\User\globalStorage\redhat.java\1.12.0\config_win\org.eclipse.equinox.launcher\org.eclipse.equinox.launcher.win32.win32.x86_64_1.2.600.v20220720-1916\eclipse_11700.dll
0x00007ffff6f20000 - 0x00007ffff704b000 	C:\WINDOWS\System32\ole32.dll
0x00007ffff3fd0000 - 0x00007ffff3fe8000 	C:\WINDOWS\SYSTEM32\CRYPTSP.dll
0x00007ffff36b0000 - 0x00007ffff36e8000 	C:\WINDOWS\system32\rsaenh.dll
0x00007ffff45d0000 - 0x00007ffff45fe000 	C:\WINDOWS\SYSTEM32\USERENV.dll
0x00007ffff3f00000 - 0x00007ffff3f0c000 	C:\WINDOWS\SYSTEM32\CRYPTBASE.dll
0x00007ffff3a70000 - 0x00007ffff3aab000 	C:\WINDOWS\SYSTEM32\IPHLPAPI.DLL
0x00007ffff6d60000 - 0x00007ffff6d68000 	C:\WINDOWS\System32\NSI.dll
0x00007fffef2a0000 - 0x00007fffef2b7000 	C:\WINDOWS\SYSTEM32\dhcpcsvc6.DLL
0x00007fffef090000 - 0x00007fffef0ad000 	C:\WINDOWS\SYSTEM32\dhcpcsvc.DLL
0x00007ffff3ab0000 - 0x00007ffff3b7a000 	C:\WINDOWS\SYSTEM32\DNSAPI.dll
0x00007fffd2c10000 - 0x00007fffd2c50000 	C:\Users\lamho\AppData\Local\Temp\jna-102738079\jna6191795710146481693.dll

dbghelp: loaded successfully - version: 4.0.5 - missing functions: none
symbol engine: initialized successfully - sym options: 0x614 - pdb path: .;c:\Users\lamho\.antigravity\extensions\redhat.java-1.12.0-win32-x64\jre\17.0.4.1-win32-x86_64\bin;C:\WINDOWS\SYSTEM32;C:\WINDOWS\WinSxS\amd64_microsoft.windows.common-controls_6595b64144ccf1df_6.0.19041.6456_none_60b8a6cb71f64256;c:\Users\lamho\.antigravity\extensions\redhat.java-1.12.0-win32-x64\jre\17.0.4.1-win32-x86_64\bin\server;C:\Users\lamho\AppData\Roaming\Antigravity\User\globalStorage\redhat.java\1.12.0\config_win\org.eclipse.equinox.launcher\org.eclipse.equinox.launcher.win32.win32.x86_64_1.2.600.v20220720-1916;C:\Users\lamho\AppData\Local\Temp\jna-102738079

VM Arguments:
jvm_args: --add-modules=ALL-SYSTEM --add-opens=java.base/java.util=ALL-UNNAMED --add-opens=java.base/java.lang=ALL-UNNAMED --add-opens=java.base/sun.nio.fs=ALL-UNNAMED -Declipse.application=org.eclipse.jdt.ls.core.id1 -Dosgi.bundles.defaultStartLevel=4 -Declipse.product=org.eclipse.jdt.ls.core.product -Djava.import.generatesMetadataFilesAtProjectRoot=false -Dfile.encoding=utf8 -XX:+UseParallelGC -XX:GCTimeRatio=4 -XX:AdaptiveSizePolicyWeight=90 -Dsun.zip.disableMemoryMapping=true -Xmx1G -Xms100m -Xlog:disable -javaagent:c:\Users\lamho\.antigravity\extensions\redhat.java-1.12.0-win32-x64\lombok\lombok-1.18.24.jar -XX:+HeapDumpOnOutOfMemoryError -XX:HeapDumpPath=c:\Users\lamho\AppData\Roaming\Antigravity\User\workspaceStorage\4b9c21fda4c49ae430132a5021eed1f4\redhat.java 
java_command: c:\Users\lamho\.antigravity\extensions\redhat.java-1.12.0-win32-x64\server\plugins\org.eclipse.equinox.launcher_1.6.400.v20210924-0641.jar -configuration c:\Users\lamho\AppData\Roaming\Antigravity\User\globalStorage\redhat.java\1.12.0\config_win -data c:\Users\lamho\AppData\Roaming\Antigravity\User\workspaceStorage\4b9c21fda4c49ae430132a5021eed1f4\redhat.java\jdt_ws
java_class_path (initial): c:\Users\lamho\.antigravity\extensions\redhat.java-1.12.0-win32-x64\server\plugins\org.eclipse.equinox.launcher_1.6.400.v20210924-0641.jar
Launcher Type: SUN_STANDARD

[Global flags]
    uintx AdaptiveSizePolicyWeight                 = 90                                        {product} {command line}
     intx CICompilerCount                          = 4                                         {product} {ergonomic}
    uintx GCTimeRatio                              = 4                                         {product} {command line}
     bool HeapDumpOnOutOfMemoryError               = true                                   {manageable} {command line}
    ccstr HeapDumpPath                             = c:\Users\lamho\AppData\Roaming\Antigravity\User\workspaceStorage\4b9c21fda4c49ae430132a5021eed1f4\redhat.java         {manageable} {command line}
   size_t InitialHeapSize                          = 104857600                                 {product} {command line}
   size_t MaxHeapSize                              = 1073741824                                {product} {command line}
   size_t MaxNewSize                               = 357564416                                 {product} {ergonomic}
   size_t MinHeapDeltaBytes                        = 524288                                    {product} {ergonomic}
   size_t MinHeapSize                              = 104857600                                 {product} {command line}
   size_t NewSize                                  = 34603008                                  {product} {ergonomic}
    uintx NonNMethodCodeHeapSize                   = 5839372                                {pd product} {ergonomic}
    uintx NonProfiledCodeHeapSize                  = 122909434                              {pd product} {ergonomic}
   size_t OldSize                                  = 70254592                                  {product} {ergonomic}
    uintx ProfiledCodeHeapSize                     = 122909434                              {pd product} {ergonomic}
    uintx ReservedCodeCacheSize                    = 251658240                              {pd product} {ergonomic}
     bool SegmentedCodeCache                       = true                                      {product} {ergonomic}
   size_t SoftMaxHeapSize                          = 1073741824                             {manageable} {ergonomic}
     bool UseCompressedClassPointers               = true                           {product lp64_product} {ergonomic}
     bool UseCompressedOops                        = true                           {product lp64_product} {ergonomic}
     bool UseLargePagesIndividualAllocation        = false                                  {pd product} {ergonomic}
     bool UseParallelGC                            = true                                      {product} {command line}

Logging:
Log output configuration:
 #0: stdout all=off uptime,level,tags
 #1: stderr all=off uptime,level,tags

Environment Variables:
JAVA_HOME=C:\Program Files\Microsoft\jdk-17.0.18.8-hotspot\
PATH=C:\Program Files\Microsoft\jdk-17.0.18.8-hotspot\bin;C:\Program Files (x86)\Common Files\Oracle\Java\javapath;C:\WINDOWS\system32;C:\WINDOWS;C:\WINDOWS\System32\Wbem;C:\WINDOWS\System32\WindowsPowerShell\v1.0\;C:\WINDOWS\System32\OpenSSH\;C:\Program Files\dotnet\;C:\Program Files\Sunshine;C:\Program Files\Sunshine\tools;C:\Program Files\Git\cmd;C:\Program Files\Cloudflare\Cloudflare WARP\;C:\Program Files (x86)\Microsoft SQL Server\160\Tools\Binn\;C:\Program Files\Microsoft SQL Server\160\Tools\Binn\;C:\Program Files\Microsoft SQL Server\Client SDK\ODBC\170\Tools\Binn\;C:\Program Files\Microsoft SQL Server\160\DTS\Binn\;C:\Program Files\nodejs\;C:\Users\lamho\.local\bin;C:\Users\lamho\AppData\Local\Programs\Python\Python315\Scripts\;C:\Users\lamho\AppData\Local\Programs\Python\Python315\;C:\Users\lamho\AppData\Local\Programs\Python\Launcher\;C:\Users\lamho\AppData\Local\Microsoft\WindowsApps;D:\IntelliJ IDEA 261.21849.20\bin;D:\code\Microsoft VS Code\bin;C:\Users\lamho\AppData\Roaming\npm;D:\code\Antigravity\bin
USERNAME=lamho
OS=Windows_NT
PROCESSOR_IDENTIFIER=Intel64 Family 6 Model 165 Stepping 3, GenuineIntel
TMP=C:\Users\lamho\AppData\Local\Temp
TEMP=C:\Users\lamho\AppData\Local\Temp



---------------  S Y S T E M  ---------------

OS:
 Windows 10 , 64 bit Build 19041 (10.0.19041.5915)
OS uptime: 4 days 12:20 hours
Hyper-V role detected

CPU: total 8 (initial active 8) (4 cores per cpu, 2 threads per core) family 6 model 165 stepping 3 microcode 0xe0, cx8, cmov, fxsr, ht, mmx, 3dnowpref, sse, sse2, sse3, ssse3, sse4.1, sse4.2, popcnt, lzcnt, tsc, tscinvbit, avx, avx2, aes, erms, clmul, bmi1, bmi2, adx, fma, vzeroupper, clflush, clflushopt, hv

Memory: 4k page, system-wide physical 8058M (246M free)
TotalPageFile size 26002M (AvailPageFile size 3M)
current process WorkingSet (physical memory assigned to process): 245M, peak: 372M
current process commit charge ("private bytes"): 341M, peak: 412M

vm_info: OpenJDK 64-Bit Server VM (17.0.4.1+1) for windows-amd64 JRE (17.0.4.1+1), built on Aug 17 2022 07:42:43 by "temurin" with MS VC++ 16.7 (VS2019)

END.
