#
# There is insufficient memory for the Java Runtime Environment to continue.
# Native memory allocation (malloc) failed to allocate 32744 bytes for ChunkPool::allocate
# Possible reasons:
#   The system is out of physical RAM or swap space
#   The process is running with CompressedOops enabled, and the Java Heap may be blocking the growth of the native heap
# Possible solutions:
#   Reduce memory load on the system
#   Increase physical memory or swap space
#   Check if swap backing store is full
#   Decrease Java heap size (-Xmx/-Xms)
#   Decrease number of Java threads
#   Decrease Java thread stack sizes (-Xss)
#   Set larger code cache with -XX:ReservedCodeCacheSize=
#   JVM is running with Unscaled Compressed Oops mode in which the Java heap is
#     placed in the first 4GB address space. The Java Heap base address is the
#     maximum limit for the native heap growth. Please use -XX:HeapBaseMinAddress
#     to set the Java Heap base and to place the Java Heap above 4GB virtual address.
# This output file may be truncated or incomplete.
#
#  Out of Memory Error (arena.cpp:78), pid=11508, tid=24592
#
# JRE version: OpenJDK Runtime Environment Temurin-17.0.4.1+1 (17.0.4.1+1) (build 17.0.4.1+1)
# Java VM: OpenJDK 64-Bit Server VM Temurin-17.0.4.1+1 (17.0.4.1+1, mixed mode, tiered, compressed oops, compressed class ptrs, parallel gc, windows-amd64)
# No core dump will be written. Minidumps are not enabled by default on client versions of Windows
#

---------------  S U M M A R Y ------------

Command Line: --add-modules=ALL-SYSTEM --add-opens=java.base/java.util=ALL-UNNAMED --add-opens=java.base/java.lang=ALL-UNNAMED --add-opens=java.base/sun.nio.fs=ALL-UNNAMED -Declipse.application=org.eclipse.jdt.ls.core.id1 -Dosgi.bundles.defaultStartLevel=4 -Declipse.product=org.eclipse.jdt.ls.core.product -Djava.import.generatesMetadataFilesAtProjectRoot=false -Dfile.encoding=utf8 -XX:+UseParallelGC -XX:GCTimeRatio=4 -XX:AdaptiveSizePolicyWeight=90 -Dsun.zip.disableMemoryMapping=true -Xmx1G -Xms100m -Xlog:disable -javaagent:c:\Users\lamho\.antigravity\extensions\redhat.java-1.12.0-win32-x64\lombok\lombok-1.18.24.jar -XX:+HeapDumpOnOutOfMemoryError -XX:HeapDumpPath=c:\Users\lamho\AppData\Roaming\Antigravity\User\workspaceStorage\72f3abaf5d5d677d5907d84c497303e1\redhat.java c:\Users\lamho\.antigravity\extensions\redhat.java-1.12.0-win32-x64\server\plugins\org.eclipse.equinox.launcher_1.6.400.v20210924-0641.jar -configuration c:\Users\lamho\AppData\Roaming\Antigravity\User\globalStorage\redhat.java\1.12.0\config_win -data c:\Users\lamho\AppData\Roaming\Antigravity\User\workspaceStorage\72f3abaf5d5d677d5907d84c497303e1\redhat.java\jdt_ws

Host: Intel(R) Core(TM) i3-10100 CPU @ 3.60GHz, 8 cores, 7G,  Windows 10 , 64 bit Build 19041 (10.0.19041.5915)
Time: Sun Mar 22 21:16:28 2026 SE Asia Standard Time elapsed time: 0.766528 seconds (0d 0h 0m 0s)

---------------  T H R E A D  ---------------

Current thread (0x000002d5fe2b9070):  JavaThread "C1 CompilerThread0" daemon [_thread_in_native, id=24592, stack(0x000000f599800000,0x000000f599900000)]


Current CompileTask:
C1:    766  535       3       sun.security.provider.ByteArrayAccess::b2iBig64 (231 bytes)

Stack: [0x000000f599800000,0x000000f599900000]
Native frames: (J=compiled Java code, j=interpreted, Vv=VM code, C=native code)
V  [jvm.dll+0x67731a]
V  [jvm.dll+0x832284]
V  [jvm.dll+0x833a2e]
V  [jvm.dll+0x834093]
V  [jvm.dll+0x245775]
V  [jvm.dll+0xabfc0]
V  [jvm.dll+0xac30c]
V  [jvm.dll+0x175b84]
V  [jvm.dll+0x175dfd]
V  [jvm.dll+0x175e7e]
V  [jvm.dll+0x178799]
V  [jvm.dll+0x17a7d1]
V  [jvm.dll+0x134943]
V  [jvm.dll+0x13423f]
V  [jvm.dll+0x134476]
V  [jvm.dll+0x13390a]
V  [jvm.dll+0x1355d1]
V  [jvm.dll+0x227498]
V  [jvm.dll+0x2255e5]
V  [jvm.dll+0x7e7e9b]
V  [jvm.dll+0x7e240a]
V  [jvm.dll+0x6761a5]
C  [ucrtbase.dll+0x21bb2]
C  [KERNEL32.DLL+0x17374]
C  [ntdll.dll+0x4cc91]


---------------  P R O C E S S  ---------------

Threads class SMR info:
_java_thread_list=0x000002d5fe57d4d0, length=13, elements={
0x000002d5e88896a0, 0x000002d5fe275120, 0x000002d5fe275be0, 0x000002d5fc715030,
0x000002d5fc717900, 0x000002d5fe2a4fc0, 0x000002d5fe2a98a0, 0x000002d5fe2aa490,
0x000002d5fe2b9070, 0x000002d5fe2c3d20, 0x000002d5e8949600, 0x000002d5fe57e4a0,
0x000002d5fe57d800
}

Java Threads: ( => current thread )
  0x000002d5e88896a0 JavaThread "main" [_thread_in_vm, id=23140, stack(0x000000f598e00000,0x000000f598f00000)]
  0x000002d5fe275120 JavaThread "Reference Handler" daemon [_thread_blocked, id=8116, stack(0x000000f599100000,0x000000f599200000)]
  0x000002d5fe275be0 JavaThread "Finalizer" daemon [_thread_blocked, id=11608, stack(0x000000f599200000,0x000000f599300000)]
  0x000002d5fc715030 JavaThread "Signal Dispatcher" daemon [_thread_blocked, id=23524, stack(0x000000f599300000,0x000000f599400000)]
  0x000002d5fc717900 JavaThread "Attach Listener" daemon [_thread_blocked, id=9636, stack(0x000000f599400000,0x000000f599500000)]
  0x000002d5fe2a4fc0 JavaThread "Service Thread" daemon [_thread_blocked, id=20984, stack(0x000000f599500000,0x000000f599600000)]
  0x000002d5fe2a98a0 JavaThread "Monitor Deflation Thread" daemon [_thread_blocked, id=23148, stack(0x000000f599600000,0x000000f599700000)]
  0x000002d5fe2aa490 JavaThread "C2 CompilerThread0" daemon [_thread_in_native, id=28384, stack(0x000000f599700000,0x000000f599800000)]
=>0x000002d5fe2b9070 JavaThread "C1 CompilerThread0" daemon [_thread_in_native, id=24592, stack(0x000000f599800000,0x000000f599900000)]
  0x000002d5fe2c3d20 JavaThread "Sweeper thread" daemon [_thread_blocked, id=812, stack(0x000000f599900000,0x000000f599a00000)]
  0x000002d5e8949600 JavaThread "Common-Cleaner" daemon [_thread_blocked, id=6196, stack(0x000000f599a00000,0x000000f599b00000)]
  0x000002d5fe57e4a0 JavaThread "Notification Thread" daemon [_thread_blocked, id=12856, stack(0x000000f599b00000,0x000000f599c00000)]
  0x000002d5fe57d800 JavaThread "C2 CompilerThread1" daemon [_thread_in_native, id=976, stack(0x000000f599d00000,0x000000f599e00000)]

Other Threads:
  0x000002d5fc5b8080 VMThread "VM Thread" [stack: 0x000000f599000000,0x000000f599100000] [id=18992]
  0x000002d5fe57e970 WatcherThread [stack: 0x000000f599c00000,0x000000f599d00000] [id=28088]
  0x000002d5e889e820 GCTaskThread "GC Thread#0" [stack: 0x000000f598f00000,0x000000f599000000] [id=20920]

Threads with active compile tasks:
C2 CompilerThread0      784  526       4       lombok.patcher.PatchScript::classMatches (41 bytes)
C1 CompilerThread0      784  535       3       sun.security.provider.ByteArrayAccess::b2iBig64 (231 bytes)
C2 CompilerThread1      784  523       4       lombok.patcher.scripts.MethodLevelPatchScript::patch (21 bytes)

VM state: not at safepoint (normal execution)

VM Mutex/Monitor currently owned by a thread:  ([mutex/lock_event])
[0x000002d5e8886100] Metaspace_lock - owner thread: 0x000002d5e88896a0

Heap address: 0x00000000c0000000, size: 1024 MB, Compressed Oops mode: 32-bit

CDS archive(s) not mapped
Compressed class space mapped at: 0x0000000100000000-0x0000000140000000, reserved size: 1073741824
Narrow klass base: 0x0000000000000000, Narrow klass shift: 3, Narrow klass range: 0x140000000

GC Precious Log:
 CPUs: 8 total, 8 available
 Memory: 8058M
 Large Page Support: Disabled
 NUMA Support: Disabled
 Compressed Oops: Enabled (32-bit)
 Alignments: Space 512K, Generation 512K, Heap 2M
 Heap Min Capacity: 100M
 Heap Initial Capacity: 100M
 Heap Max Capacity: 1G
 Pre-touch: Disabled
 Parallel Workers: 8

Heap:
 PSYoungGen      total 29696K, used 12171K [0x00000000eab00000, 0x00000000ecc00000, 0x0000000100000000)
  eden space 25600K, 47% used [0x00000000eab00000,0x00000000eb6e2f18,0x00000000ec400000)
  from space 4096K, 0% used [0x00000000ec800000,0x00000000ec800000,0x00000000ecc00000)
  to   space 4096K, 0% used [0x00000000ec400000,0x00000000ec400000,0x00000000ec800000)
 ParOldGen       total 68608K, used 0K [0x00000000c0000000, 0x00000000c4300000, 0x00000000eab00000)
  object space 68608K, 0% used [0x00000000c0000000,0x00000000c0000000,0x00000000c4300000)
 Metaspace       used 8416K, committed 8512K, reserved 1064960K
  class space    used 844K, committed 896K, reserved 1048576K

Card table byte_map: [0x000002d5e8270000,0x000002d5e8480000] _byte_map_base: 0x000002d5e7c70000

Marking Bits: (ParMarkBitMap*) 0x00007fff66132cc0
 Begin Bits: [0x000002d5fa520000, 0x000002d5fb520000)
 End Bits:   [0x000002d5fb520000, 0x000002d5fc520000)

Polling page: 0x000002d5e8060000

Metaspace:

Usage:
  Non-class:      7.40 MB used.
      Class:    844.18 KB used.
       Both:      8.22 MB used.

Virtual space:
  Non-class space:       16.00 MB reserved,       7.44 MB ( 46%) committed,  2 nodes.
      Class space:        1.00 GB reserved,     896.00 KB ( <1%) committed,  1 nodes.
             Both:        1.02 GB reserved,       8.31 MB ( <1%) committed. 

Chunk freelists:
   Non-Class:  3.99 MB
       Class:  3.09 MB
        Both:  7.09 MB

MaxMetaspaceSize: unlimited
CompressedClassSpaceSize: 1.00 GB
Initial GC threshold: 21.00 MB
Current GC threshold: 21.00 MB
CDS: off
MetaspaceReclaimPolicy: balanced
 - commit_granule_bytes: 65536.
 - commit_granule_words: 8192.
 - virtual_space_node_default_size: 1048576.
 - enlarge_chunks_in_place: 1.
 - new_chunks_are_fully_committed: 0.
 - uncommit_free_chunks: 1.
 - use_allocation_guard: 0.
 - handle_deallocations: 1.


Internal statistics:

num_allocs_failed_limit: 0.
num_arena_births: 10.
num_arena_deaths: 0.
num_vsnodes_births: 3.
num_vsnodes_deaths: 0.
num_space_committed: 133.
num_space_uncommitted: 0.
num_chunks_returned_to_freelist: 0.
num_chunks_taken_from_freelist: 38.
num_chunk_merges: 0.
num_chunk_splits: 21.
num_chunks_enlarged: 17.
num_purges: 0.
num_inconsistent_stats: 0.

CodeHeap 'non-profiled nmethods': size=120000Kb used=188Kb max_used=188Kb free=119811Kb
 bounds [0x000002d5f2ff0000, 0x000002d5f3260000, 0x000002d5fa520000]
CodeHeap 'profiled nmethods': size=120000Kb used=727Kb max_used=727Kb free=119272Kb
 bounds [0x000002d5ebac0000, 0x000002d5ebd30000, 0x000002d5f2ff0000]
CodeHeap 'non-nmethods': size=5760Kb used=1127Kb max_used=1147Kb free=4632Kb
 bounds [0x000002d5eb520000, 0x000002d5eb790000, 0x000002d5ebac0000]
 total_blobs=943 nmethods=529 adapters=329
 compilation: enabled
              stopped_count=0, restarted_count=0
 full_count=0

Compilation events (20 events):
Event: 0.753 Thread 0x000002d5fe2b9070 nmethod 513 0x000002d5ebb72c10 code [0x000002d5ebb72dc0, 0x000002d5ebb73198]
Event: 0.753 Thread 0x000002d5fe2b9070  516       3       jdk.internal.misc.Unsafe::getIntUnaligned (12 bytes)
Event: 0.753 Thread 0x000002d5fe2b9070 nmethod 516 0x000002d5ebb73310 code [0x000002d5ebb734c0, 0x000002d5ebb73718]
Event: 0.753 Thread 0x000002d5fe2b9070  521       1       java.lang.Integer::intValue (5 bytes)
Event: 0.753 Thread 0x000002d5fe2b9070 nmethod 521 0x000002d5f301d890 code [0x000002d5f301da20, 0x000002d5f301daf8]
Event: 0.754 Thread 0x000002d5fe57d800  523       4       lombok.patcher.scripts.MethodLevelPatchScript::patch (21 bytes)
Event: 0.754 Thread 0x000002d5fe2aa490  524       4       java.util.Collections$UnmodifiableCollection::iterator (9 bytes)
Event: 0.755 Thread 0x000002d5fe2b9070  527       3       java.util.Arrays::copyOf (40 bytes)
Event: 0.756 Thread 0x000002d5fe2b9070 nmethod 527 0x000002d5ebb73810 code [0x000002d5ebb73a00, 0x000002d5ebb740a8]
Event: 0.756 Thread 0x000002d5fe2b9070  529       3       java.security.Provider$ServiceKey::<init> (39 bytes)
Event: 0.756 Thread 0x000002d5fe2b9070 nmethod 529 0x000002d5ebb74290 code [0x000002d5ebb74480, 0x000002d5ebb748c8]
Event: 0.756 Thread 0x000002d5fe2b9070  530       3       java.security.Provider$ServiceKey::hashCode (19 bytes)
Event: 0.756 Thread 0x000002d5fe2b9070 nmethod 530 0x000002d5ebb74a90 code [0x000002d5ebb74c40, 0x000002d5ebb74dd8]
Event: 0.756 Thread 0x000002d5fe2b9070  532       1       java.security.Provider$UString::toString (5 bytes)
Event: 0.756 Thread 0x000002d5fe2b9070 nmethod 532 0x000002d5f301df90 code [0x000002d5f301e120, 0x000002d5f301e1f8]
Event: 0.756 Thread 0x000002d5fe2b9070  533       1       java.security.Provider$Service::getProvider (5 bytes)
Event: 0.757 Thread 0x000002d5fe2b9070 nmethod 533 0x000002d5f301e290 code [0x000002d5f301e420, 0x000002d5f301e4f8]
Event: 0.757 Thread 0x000002d5fe2b9070  534       3       sun.security.provider.SHA2::implCompress0 (490 bytes)
Event: 0.757 Thread 0x000002d5fe2b9070 nmethod 534 0x000002d5ebb74f10 code [0x000002d5ebb75100, 0x000002d5ebb75968]
Event: 0.758 Thread 0x000002d5fe2b9070  535       3       sun.security.provider.ByteArrayAccess::b2iBig64 (231 bytes)

GC Heap History (0 events):
No events

Deoptimization events (20 events):
Event: 0.640 Thread 0x000002d5e88896a0 Uncommon trap: trap_request=0xffffffde fr.pc=0x000002d5f3011644 relative=0x0000000000000124
Event: 0.640 Thread 0x000002d5e88896a0 Uncommon trap: reason=class_check action=maybe_recompile pc=0x000002d5f3011644 method=jdk.internal.misc.Unsafe.allocateUninitializedArray(Ljava/lang/Class;I)Ljava/lang/Object; @ 51 c2
Event: 0.640 Thread 0x000002d5e88896a0 DEOPT PACKING pc=0x000002d5f3011644 sp=0x000000f598efc770
Event: 0.640 Thread 0x000002d5e88896a0 DEOPT UNPACKING pc=0x000002d5eb5720a3 sp=0x000000f598efc6f8 mode 2
Event: 0.640 Thread 0x000002d5e88896a0 Uncommon trap: trap_request=0xffffffde fr.pc=0x000002d5f3011644 relative=0x0000000000000124
Event: 0.640 Thread 0x000002d5e88896a0 Uncommon trap: reason=class_check action=maybe_recompile pc=0x000002d5f3011644 method=jdk.internal.misc.Unsafe.allocateUninitializedArray(Ljava/lang/Class;I)Ljava/lang/Object; @ 51 c2
Event: 0.640 Thread 0x000002d5e88896a0 DEOPT PACKING pc=0x000002d5f3011644 sp=0x000000f598efc770
Event: 0.640 Thread 0x000002d5e88896a0 DEOPT UNPACKING pc=0x000002d5eb5720a3 sp=0x000000f598efc6f8 mode 2
Event: 0.640 Thread 0x000002d5e88896a0 Uncommon trap: trap_request=0xffffffde fr.pc=0x000002d5f3011644 relative=0x0000000000000124
Event: 0.640 Thread 0x000002d5e88896a0 Uncommon trap: reason=class_check action=maybe_recompile pc=0x000002d5f3011644 method=jdk.internal.misc.Unsafe.allocateUninitializedArray(Ljava/lang/Class;I)Ljava/lang/Object; @ 51 c2
Event: 0.640 Thread 0x000002d5e88896a0 DEOPT PACKING pc=0x000002d5f3011644 sp=0x000000f598efc7b0
Event: 0.640 Thread 0x000002d5e88896a0 DEOPT UNPACKING pc=0x000002d5eb5720a3 sp=0x000000f598efc738 mode 2
Event: 0.651 Thread 0x000002d5e88896a0 Uncommon trap: trap_request=0xffffff45 fr.pc=0x000002d5f3003244 relative=0x00000000000000c4
Event: 0.651 Thread 0x000002d5e88896a0 Uncommon trap: reason=unstable_if action=reinterpret pc=0x000002d5f3003244 method=java.net.URI.match(CJJ)Z @ 45 c2
Event: 0.651 Thread 0x000002d5e88896a0 DEOPT PACKING pc=0x000002d5f3003244 sp=0x000000f598efcc40
Event: 0.651 Thread 0x000002d5e88896a0 DEOPT UNPACKING pc=0x000002d5eb5720a3 sp=0x000000f598efcbc8 mode 2
Event: 0.665 Thread 0x000002d5e88896a0 Uncommon trap: trap_request=0xffffff45 fr.pc=0x000002d5f30129c8 relative=0x0000000000000648
Event: 0.665 Thread 0x000002d5e88896a0 Uncommon trap: reason=unstable_if action=reinterpret pc=0x000002d5f30129c8 method=java.lang.String.replace(Ljava/lang/CharSequence;Ljava/lang/CharSequence;)Ljava/lang/String; @ 48 c2
Event: 0.665 Thread 0x000002d5e88896a0 DEOPT PACKING pc=0x000002d5f30129c8 sp=0x000000f598efcbd0
Event: 0.666 Thread 0x000002d5e88896a0 DEOPT UNPACKING pc=0x000002d5eb5720a3 sp=0x000000f598efcb40 mode 2

Classes unloaded (0 events):
No events

Classes redefined (0 events):
No events

Internal exceptions (2 events):
Event: 0.197 Thread 0x000002d5e88896a0 Exception <a 'java/lang/NoSuchMethodError'{0x00000000eacb2520}: 'void java.lang.invoke.DirectMethodHandle$Holder.invokeStatic(java.lang.Object, java.lang.Object, java.lang.Object)'> (0x00000000eacb2520) 
thrown [s\src\hotspot\share\interpreter\linkResolver.cpp, line 759]
Event: 0.410 Thread 0x000002d5e88896a0 Exception <a 'java/lang/reflect/InvocationTargetException'{0x00000000eaf79440}> (0x00000000eaf79440) 
thrown [s\src\hotspot\share\runtime\reflection.cpp, line 1121]

VM Operations (6 events):
Event: 0.204 Executing VM operation: HandshakeAllThreads
Event: 0.204 Executing VM operation: HandshakeAllThreads done
Event: 0.313 Executing VM operation: HandshakeAllThreads
Event: 0.313 Executing VM operation: HandshakeAllThreads done
Event: 0.753 Executing VM operation: HandshakeAllThreads
Event: 0.753 Executing VM operation: HandshakeAllThreads done

Events (20 events):
Event: 0.752 loading class sun/security/util/KeyUtil
Event: 0.752 loading class sun/security/util/KeyUtil done
Event: 0.752 loading class sun/security/util/Length
Event: 0.752 loading class sun/security/util/Length done
Event: 0.752 loading class javax/crypto/SecretKey
Event: 0.752 loading class javax/crypto/SecretKey done
Event: 0.752 loading class java/util/LinkedHashMap$LinkedEntrySet
Event: 0.753 loading class java/util/LinkedHashMap$LinkedEntrySet done
Event: 0.753 loading class java/util/LinkedHashMap$LinkedEntryIterator
Event: 0.753 loading class java/util/LinkedHashMap$LinkedEntryIterator done
Event: 0.754 loading class java/util/Base64
Event: 0.754 loading class java/util/Base64 done
Event: 0.754 loading class java/util/Base64$Decoder
Event: 0.754 loading class java/util/Base64$Decoder done
Event: 0.754 loading class java/util/Base64$Encoder
Event: 0.754 loading class java/util/Base64$Encoder done
Event: 0.755 loading class java/util/jar/JarVerifier$VerifierStream
Event: 0.755 loading class java/util/jar/JarVerifier$VerifierStream done
Event: 0.755 loading class sun/security/util/ManifestEntryVerifier$SunProviderHolder
Event: 0.755 loading class sun/security/util/ManifestEntryVerifier$SunProviderHolder done


Dynamic libraries:
0x00007ff6cb8e0000 - 0x00007ff6cb8ee000 	c:\Users\lamho\.antigravity\extensions\redhat.java-1.12.0-win32-x64\jre\17.0.4.1-win32-x86_64\bin\java.exe
0x00007ffff7090000 - 0x00007ffff7288000 	C:\WINDOWS\SYSTEM32\ntdll.dll
0x00007ffff59a0000 - 0x00007ffff5a62000 	C:\WINDOWS\System32\KERNEL32.DLL
0x00007ffff4820000 - 0x00007ffff4b16000 	C:\WINDOWS\System32\KERNELBASE.dll
0x00007ffff4720000 - 0x00007ffff4820000 	C:\WINDOWS\System32\ucrtbase.dll
0x00007fffc6860000 - 0x00007fffc6878000 	c:\Users\lamho\.antigravity\extensions\redhat.java-1.12.0-win32-x64\jre\17.0.4.1-win32-x86_64\bin\jli.dll
0x00007fffc6220000 - 0x00007fffc6239000 	c:\Users\lamho\.antigravity\extensions\redhat.java-1.12.0-win32-x64\jre\17.0.4.1-win32-x86_64\bin\VCRUNTIME140.dll
0x00007ffff6620000 - 0x00007ffff67c1000 	C:\WINDOWS\System32\USER32.dll
0x00007ffff4d80000 - 0x00007ffff4da2000 	C:\WINDOWS\System32\win32u.dll
0x00007ffff61a0000 - 0x00007ffff61cb000 	C:\WINDOWS\System32\GDI32.dll
0x00007fffe4790000 - 0x00007fffe4a2b000 	C:\WINDOWS\WinSxS\amd64_microsoft.windows.common-controls_6595b64144ccf1df_6.0.19041.6456_none_60b8a6cb71f64256\COMCTL32.dll
0x00007ffff4c60000 - 0x00007ffff4d79000 	C:\WINDOWS\System32\gdi32full.dll
0x00007ffff6d70000 - 0x00007ffff6e0e000 	C:\WINDOWS\System32\msvcrt.dll
0x00007ffff5010000 - 0x00007ffff50ad000 	C:\WINDOWS\System32\msvcp_win.dll
0x00007ffff5b30000 - 0x00007ffff5b5f000 	C:\WINDOWS\System32\IMM32.DLL
0x00007fffe5420000 - 0x00007fffe542c000 	c:\Users\lamho\.antigravity\extensions\redhat.java-1.12.0-win32-x64\jre\17.0.4.1-win32-x86_64\bin\vcruntime140_1.dll
0x00007fff80ff0000 - 0x00007fff81081000 	c:\Users\lamho\.antigravity\extensions\redhat.java-1.12.0-win32-x64\jre\17.0.4.1-win32-x86_64\bin\msvcp140.dll
0x00007fff655b0000 - 0x00007fff661f6000 	c:\Users\lamho\.antigravity\extensions\redhat.java-1.12.0-win32-x64\jre\17.0.4.1-win32-x86_64\bin\server\jvm.dll
0x00007ffff5a70000 - 0x00007ffff5b21000 	C:\WINDOWS\System32\ADVAPI32.dll
0x00007ffff5e70000 - 0x00007ffff5f0f000 	C:\WINDOWS\System32\sechost.dll
0x00007ffff5f20000 - 0x00007ffff6040000 	C:\WINDOWS\System32\RPCRT4.dll
0x00007ffff4c30000 - 0x00007ffff4c57000 	C:\WINDOWS\System32\bcrypt.dll
0x00007ffff5f10000 - 0x00007ffff5f18000 	C:\WINDOWS\System32\PSAPI.DLL
0x00007fffdfe90000 - 0x00007fffdfe99000 	C:\WINDOWS\SYSTEM32\WSOCK32.dll
0x00007ffff5d80000 - 0x00007ffff5deb000 	C:\WINDOWS\System32\WS2_32.dll
0x00007fffe5c30000 - 0x00007fffe5c57000 	C:\WINDOWS\SYSTEM32\WINMM.dll
0x00007fffeeb60000 - 0x00007fffeeb6a000 	C:\WINDOWS\SYSTEM32\VERSION.dll
0x00007ffff2570000 - 0x00007ffff2582000 	C:\WINDOWS\SYSTEM32\kernel.appcore.dll
0x00007fffe13d0000 - 0x00007fffe13da000 	c:\Users\lamho\.antigravity\extensions\redhat.java-1.12.0-win32-x64\jre\17.0.4.1-win32-x86_64\bin\jimage.dll
0x00007fffe55a0000 - 0x00007fffe57a1000 	C:\WINDOWS\SYSTEM32\DBGHELP.DLL
0x00007fffd1ec0000 - 0x00007fffd1ef4000 	C:\WINDOWS\SYSTEM32\dbgcore.DLL
0x00007ffff4ba0000 - 0x00007ffff4c22000 	C:\WINDOWS\System32\bcryptPrimitives.dll
0x00007fffe1250000 - 0x00007fffe125e000 	c:\Users\lamho\.antigravity\extensions\redhat.java-1.12.0-win32-x64\jre\17.0.4.1-win32-x86_64\bin\instrument.dll
0x00007fffc0980000 - 0x00007fffc09a5000 	c:\Users\lamho\.antigravity\extensions\redhat.java-1.12.0-win32-x64\jre\17.0.4.1-win32-x86_64\bin\java.dll
0x00007fffc5990000 - 0x00007fffc59a8000 	c:\Users\lamho\.antigravity\extensions\redhat.java-1.12.0-win32-x64\jre\17.0.4.1-win32-x86_64\bin\zip.dll
0x00007ffff50b0000 - 0x00007ffff5820000 	C:\WINDOWS\System32\SHELL32.dll
0x00007ffff2770000 - 0x00007ffff2f15000 	C:\WINDOWS\SYSTEM32\windows.storage.dll
0x00007ffff62c0000 - 0x00007ffff6614000 	C:\WINDOWS\System32\combase.dll
0x00007ffff3f90000 - 0x00007ffff3fbb000 	C:\WINDOWS\SYSTEM32\Wldp.dll
0x00007ffff5820000 - 0x00007ffff58ed000 	C:\WINDOWS\System32\OLEAUT32.dll
0x00007ffff58f0000 - 0x00007ffff599d000 	C:\WINDOWS\System32\SHCORE.dll
0x00007ffff6120000 - 0x00007ffff617b000 	C:\WINDOWS\System32\shlwapi.dll
0x00007ffff4650000 - 0x00007ffff4674000 	C:\WINDOWS\SYSTEM32\profapi.dll
0x00007fffc41b0000 - 0x00007fffc41c9000 	C:\Users\lamho\.antigravity\extensions\redhat.java-1.12.0-win32-x64\jre\17.0.4.1-win32-x86_64\bin\net.dll
0x00007fffee550000 - 0x00007fffee65a000 	C:\WINDOWS\SYSTEM32\WINHTTP.dll
0x00007ffff3d70000 - 0x00007ffff3dda000 	C:\WINDOWS\system32\mswsock.dll
0x00007fffc31b0000 - 0x00007fffc31c5000 	C:\Users\lamho\.antigravity\extensions\redhat.java-1.12.0-win32-x64\jre\17.0.4.1-win32-x86_64\bin\nio.dll
0x00007fffdd5f0000 - 0x00007fffdd600000 	c:\Users\lamho\.antigravity\extensions\redhat.java-1.12.0-win32-x64\jre\17.0.4.1-win32-x86_64\bin\verify.dll

dbghelp: loaded successfully - version: 4.0.5 - missing functions: none
symbol engine: initialized successfully - sym options: 0x614 - pdb path: .;c:\Users\lamho\.antigravity\extensions\redhat.java-1.12.0-win32-x64\jre\17.0.4.1-win32-x86_64\bin;C:\WINDOWS\SYSTEM32;C:\WINDOWS\WinSxS\amd64_microsoft.windows.common-controls_6595b64144ccf1df_6.0.19041.6456_none_60b8a6cb71f64256;c:\Users\lamho\.antigravity\extensions\redhat.java-1.12.0-win32-x64\jre\17.0.4.1-win32-x86_64\bin\server

VM Arguments:
jvm_args: --add-modules=ALL-SYSTEM --add-opens=java.base/java.util=ALL-UNNAMED --add-opens=java.base/java.lang=ALL-UNNAMED --add-opens=java.base/sun.nio.fs=ALL-UNNAMED -Declipse.application=org.eclipse.jdt.ls.core.id1 -Dosgi.bundles.defaultStartLevel=4 -Declipse.product=org.eclipse.jdt.ls.core.product -Djava.import.generatesMetadataFilesAtProjectRoot=false -Dfile.encoding=utf8 -XX:+UseParallelGC -XX:GCTimeRatio=4 -XX:AdaptiveSizePolicyWeight=90 -Dsun.zip.disableMemoryMapping=true -Xmx1G -Xms100m -Xlog:disable -javaagent:c:\Users\lamho\.antigravity\extensions\redhat.java-1.12.0-win32-x64\lombok\lombok-1.18.24.jar -XX:+HeapDumpOnOutOfMemoryError -XX:HeapDumpPath=c:\Users\lamho\AppData\Roaming\Antigravity\User\workspaceStorage\72f3abaf5d5d677d5907d84c497303e1\redhat.java 
java_command: c:\Users\lamho\.antigravity\extensions\redhat.java-1.12.0-win32-x64\server\plugins\org.eclipse.equinox.launcher_1.6.400.v20210924-0641.jar -configuration c:\Users\lamho\AppData\Roaming\Antigravity\User\globalStorage\redhat.java\1.12.0\config_win -data c:\Users\lamho\AppData\Roaming\Antigravity\User\workspaceStorage\72f3abaf5d5d677d5907d84c497303e1\redhat.java\jdt_ws
java_class_path (initial): c:\Users\lamho\.antigravity\extensions\redhat.java-1.12.0-win32-x64\server\plugins\org.eclipse.equinox.launcher_1.6.400.v20210924-0641.jar
Launcher Type: SUN_STANDARD

[Global flags]
    uintx AdaptiveSizePolicyWeight                 = 90                                        {product} {command line}
     intx CICompilerCount                          = 4                                         {product} {ergonomic}
    uintx GCTimeRatio                              = 4                                         {product} {command line}
     bool HeapDumpOnOutOfMemoryError               = true                                   {manageable} {command line}
    ccstr HeapDumpPath                             = c:\Users\lamho\AppData\Roaming\Antigravity\User\workspaceStorage\72f3abaf5d5d677d5907d84c497303e1\redhat.java         {manageable} {command line}
   size_t InitialHeapSize                          = 104857600                                 {product} {command line}
   size_t MaxHeapSize                              = 1073741824                                {product} {command line}
   size_t MaxNewSize                               = 357564416                                 {product} {ergonomic}
   size_t MinHeapDeltaBytes                        = 524288                                    {product} {ergonomic}
   size_t MinHeapSize                              = 104857600                                 {product} {command line}
   size_t NewSize                                  = 34603008                                  {product} {ergonomic}
    uintx NonNMethodCodeHeapSize                   = 5839372                                {pd product} {ergonomic}
    uintx NonProfiledCodeHeapSize                  = 122909434                              {pd product} {ergonomic}
   size_t OldSize                                  = 70254592                                  {product} {ergonomic}
    uintx ProfiledCodeHeapSize                     = 122909434                              {pd product} {ergonomic}
    uintx ReservedCodeCacheSize                    = 251658240                              {pd product} {ergonomic}
     bool SegmentedCodeCache                       = true                                      {product} {ergonomic}
   size_t SoftMaxHeapSize                          = 1073741824                             {manageable} {ergonomic}
     bool UseCompressedClassPointers               = true                           {product lp64_product} {ergonomic}
     bool UseCompressedOops                        = true                           {product lp64_product} {ergonomic}
     bool UseLargePagesIndividualAllocation        = false                                  {pd product} {ergonomic}
     bool UseParallelGC                            = true                                      {product} {command line}

Logging:
Log output configuration:
 #0: stdout all=off uptime,level,tags
 #1: stderr all=off uptime,level,tags

Environment Variables:
JAVA_HOME=C:\Program Files\Microsoft\jdk-17.0.18.8-hotspot\
PATH=C:\Program Files\Microsoft\jdk-17.0.18.8-hotspot\bin;C:\Program Files (x86)\Common Files\Oracle\Java\javapath;C:\WINDOWS\system32;C:\WINDOWS;C:\WINDOWS\System32\Wbem;C:\WINDOWS\System32\WindowsPowerShell\v1.0\;C:\WINDOWS\System32\OpenSSH\;C:\Program Files\dotnet\;C:\Program Files\Sunshine;C:\Program Files\Sunshine\tools;C:\Program Files\Git\cmd;C:\Program Files\Cloudflare\Cloudflare WARP\;C:\Program Files (x86)\Microsoft SQL Server\160\Tools\Binn\;C:\Program Files\Microsoft SQL Server\160\Tools\Binn\;C:\Program Files\Microsoft SQL Server\Client SDK\ODBC\170\Tools\Binn\;C:\Program Files\Microsoft SQL Server\160\DTS\Binn\;C:\Program Files\nodejs\;C:\Users\lamho\.local\bin;C:\Users\lamho\AppData\Local\Programs\Python\Python315\Scripts\;C:\Users\lamho\AppData\Local\Programs\Python\Python315\;C:\Users\lamho\AppData\Local\Programs\Python\Launcher\;C:\Users\lamho\AppData\Local\Microsoft\WindowsApps;D:\IntelliJ IDEA 261.21849.20\bin;D:\code\Microsoft VS Code\bin;C:\Users\lamho\AppData\Roaming\npm;D:\code\Antigravity\bin
USERNAME=lamho
OS=Windows_NT
PROCESSOR_IDENTIFIER=Intel64 Family 6 Model 165 Stepping 3, GenuineIntel
TMP=C:\Users\lamho\AppData\Local\Temp
TEMP=C:\Users\lamho\AppData\Local\Temp



---------------  S Y S T E M  ---------------

OS:
 Windows 10 , 64 bit Build 19041 (10.0.19041.5915)
OS uptime: 4 days 11:16 hours
Hyper-V role detected

CPU: total 8 (initial active 8) (4 cores per cpu, 2 threads per core) family 6 model 165 stepping 3 microcode 0xe0, cx8, cmov, fxsr, ht, mmx, 3dnowpref, sse, sse2, sse3, ssse3, sse4.1, sse4.2, popcnt, lzcnt, tsc, tscinvbit, avx, avx2, aes, erms, clmul, bmi1, bmi2, adx, fma, vzeroupper, clflush, clflushopt, hv

Memory: 4k page, system-wide physical 8058M (476M free)
TotalPageFile size 26002M (AvailPageFile size 5M)
current process WorkingSet (physical memory assigned to process): 54M, peak: 54M
current process commit charge ("private bytes"): 195M, peak: 195M

vm_info: OpenJDK 64-Bit Server VM (17.0.4.1+1) for windows-amd64 JRE (17.0.4.1+1), built on Aug 17 2022 07:42:43 by "temurin" with MS VC++ 16.7 (VS2019)

END.
