#
# There is insufficient memory for the Java Runtime Environment to continue.
# Native memory allocation (malloc) failed to allocate 1671216 bytes for Chunk::new
# Possible reasons:
#   The system is out of physical RAM or swap space
#   The process is running with CompressedOops enabled, and the Java Heap may be blocking the growth of the native heap
# Possible solutions:
#   Reduce memory load on the system
#   Increase physical memory or swap space
#   Check if swap backing store is full
#   Decrease Java heap size (-Xmx/-Xms)
#   Decrease number of Java threads
#   Decrease Java thread stack sizes (-Xss)
#   Set larger code cache with -XX:ReservedCodeCacheSize=
#   JVM is running with Unscaled Compressed Oops mode in which the Java heap is
#     placed in the first 4GB address space. The Java Heap base address is the
#     maximum limit for the native heap growth. Please use -XX:HeapBaseMinAddress
#     to set the Java Heap base and to place the Java Heap above 4GB virtual address.
# This output file may be truncated or incomplete.
#
#  Out of Memory Error (arena.cpp:189), pid=23360, tid=12616
#
# JRE version: OpenJDK Runtime Environment Temurin-17.0.4.1+1 (17.0.4.1+1) (build 17.0.4.1+1)
# Java VM: OpenJDK 64-Bit Server VM Temurin-17.0.4.1+1 (17.0.4.1+1, mixed mode, tiered, compressed oops, compressed class ptrs, parallel gc, windows-amd64)
# No core dump will be written. Minidumps are not enabled by default on client versions of Windows
#

---------------  S U M M A R Y ------------

Command Line: --add-modules=ALL-SYSTEM --add-opens=java.base/java.util=ALL-UNNAMED --add-opens=java.base/java.lang=ALL-UNNAMED --add-opens=java.base/sun.nio.fs=ALL-UNNAMED -Declipse.application=org.eclipse.jdt.ls.core.id1 -Dosgi.bundles.defaultStartLevel=4 -Declipse.product=org.eclipse.jdt.ls.core.product -Djava.import.generatesMetadataFilesAtProjectRoot=false -Dfile.encoding=utf8 -XX:+UseParallelGC -XX:GCTimeRatio=4 -XX:AdaptiveSizePolicyWeight=90 -Dsun.zip.disableMemoryMapping=true -Xmx1G -Xms100m -Xlog:disable -javaagent:c:\Users\lamho\.antigravity\extensions\redhat.java-1.12.0-win32-x64\lombok\lombok-1.18.24.jar -XX:+HeapDumpOnOutOfMemoryError -XX:HeapDumpPath=c:\Users\lamho\AppData\Roaming\Antigravity\User\workspaceStorage\72f3abaf5d5d677d5907d84c497303e1\redhat.java c:\Users\lamho\.antigravity\extensions\redhat.java-1.12.0-win32-x64\server\plugins\org.eclipse.equinox.launcher_1.6.400.v20210924-0641.jar -configuration c:\Users\lamho\AppData\Roaming\Antigravity\User\globalStorage\redhat.java\1.12.0\config_win -data c:\Users\lamho\AppData\Roaming\Antigravity\User\workspaceStorage\72f3abaf5d5d677d5907d84c497303e1\redhat.java\jdt_ws

Host: Intel(R) Core(TM) i3-10100 CPU @ 3.60GHz, 8 cores, 7G,  Windows 10 , 64 bit Build 19041 (10.0.19041.5915)
Time: Sun Mar 22 21:16:05 2026 SE Asia Standard Time elapsed time: 11.004659 seconds (0d 0h 0m 11s)

---------------  T H R E A D  ---------------

Current thread (0x00000205b9c9c540):  JavaThread "C2 CompilerThread1" daemon [_thread_in_native, id=12616, stack(0x000000f3d3700000,0x000000f3d3800000)]


Current CompileTask:
C2:  11004 4076   !   4       org.eclipse.osgi.internal.loader.classpath.ClasspathManager::defineClass (636 bytes)

Stack: [0x000000f3d3700000,0x000000f3d3800000]
Native frames: (J=compiled Java code, j=interpreted, Vv=VM code, C=native code)
V  [jvm.dll+0x67731a]
V  [jvm.dll+0x832284]
V  [jvm.dll+0x833a2e]
V  [jvm.dll+0x834093]
V  [jvm.dll+0x245775]
V  [jvm.dll+0xabd7b]
V  [jvm.dll+0xac30c]
V  [jvm.dll+0x363a42]
V  [jvm.dll+0x1bbd52]
V  [jvm.dll+0x2187d9]
V  [jvm.dll+0x217aa1]
V  [jvm.dll+0x1a3f8d]
V  [jvm.dll+0x227498]
V  [jvm.dll+0x2255e5]
V  [jvm.dll+0x7e7e9b]
V  [jvm.dll+0x7e240a]
V  [jvm.dll+0x6761a5]
C  [ucrtbase.dll+0x21bb2]
C  [KERNEL32.DLL+0x17374]
C  [ntdll.dll+0x4cc91]


---------------  P R O C E S S  ---------------

Threads class SMR info:
_java_thread_list=0x00000205ba43d080, length=26, elements={
0x00000205a08ee0c0, 0x00000205a09bb5c0, 0x00000205a09bcd60, 0x00000205b4776240,
0x00000205b4776dc0, 0x00000205b4778950, 0x00000205b477c390, 0x00000205b477cf80,
0x00000205b62e47a0, 0x00000205b63078a0, 0x00000205a09abc80, 0x00000205b6578230,
0x00000205b7956ab0, 0x00000205b866f2c0, 0x00000205b7824070, 0x00000205b78488a0,
0x00000205b7822c40, 0x00000205b861a4a0, 0x00000205b8b047e0, 0x00000205b897ff20,
0x00000205b89803f0, 0x00000205b9c9c540, 0x00000205b897f0b0, 0x00000205b897cf00,
0x00000205b897f580, 0x00000205b897d3d0
}

Java Threads: ( => current thread )
  0x00000205a08ee0c0 JavaThread "main" [_thread_blocked, id=27392, stack(0x000000f3d1800000,0x000000f3d1900000)]
  0x00000205a09bb5c0 JavaThread "Reference Handler" daemon [_thread_blocked, id=10612, stack(0x000000f3d1b00000,0x000000f3d1c00000)]
  0x00000205a09bcd60 JavaThread "Finalizer" daemon [_thread_blocked, id=2196, stack(0x000000f3d1c00000,0x000000f3d1d00000)]
  0x00000205b4776240 JavaThread "Signal Dispatcher" daemon [_thread_blocked, id=23076, stack(0x000000f3d1d00000,0x000000f3d1e00000)]
  0x00000205b4776dc0 JavaThread "Attach Listener" daemon [_thread_blocked, id=1956, stack(0x000000f3d1e00000,0x000000f3d1f00000)]
  0x00000205b4778950 JavaThread "Service Thread" daemon [_thread_blocked, id=7680, stack(0x000000f3d1f00000,0x000000f3d2000000)]
  0x00000205b477c390 JavaThread "Monitor Deflation Thread" daemon [_thread_blocked, id=14884, stack(0x000000f3d2000000,0x000000f3d2100000)]
  0x00000205b477cf80 JavaThread "C2 CompilerThread0" daemon [_thread_in_native, id=10480, stack(0x000000f3d2100000,0x000000f3d2200000)]
  0x00000205b62e47a0 JavaThread "C1 CompilerThread0" daemon [_thread_in_native, id=15892, stack(0x000000f3d2200000,0x000000f3d2300000)]
  0x00000205b63078a0 JavaThread "Sweeper thread" daemon [_thread_blocked, id=18908, stack(0x000000f3d2300000,0x000000f3d2400000)]
  0x00000205a09abc80 JavaThread "Common-Cleaner" daemon [_thread_blocked, id=21096, stack(0x000000f3d2400000,0x000000f3d2500000)]
  0x00000205b6578230 JavaThread "Notification Thread" daemon [_thread_blocked, id=5452, stack(0x000000f3d2500000,0x000000f3d2600000)]
  0x00000205b7956ab0 JavaThread "Active Thread: Equinox Container: 2d747209-67cc-4d29-953a-005c22c89574" [_thread_blocked, id=28572, stack(0x000000f3d2c00000,0x000000f3d2d00000)]
  0x00000205b866f2c0 JavaThread "Framework Event Dispatcher: Equinox Container: 2d747209-67cc-4d29-953a-005c22c89574" daemon [_thread_blocked, id=21764, stack(0x000000f3d2d00000,0x000000f3d2e00000)]
  0x00000205b7824070 JavaThread "Start Level: Equinox Container: 2d747209-67cc-4d29-953a-005c22c89574" daemon [_thread_blocked, id=17764, stack(0x000000f3d2e00000,0x000000f3d2f00000)]
  0x00000205b78488a0 JavaThread "SCR Component Actor" daemon [_thread_blocked, id=20572, stack(0x000000f3d2f00000,0x000000f3d3000000)]
  0x00000205b7822c40 JavaThread "SCR Component Registry" daemon [_thread_blocked, id=21216, stack(0x000000f3d3200000,0x000000f3d3300000)]
  0x00000205b861a4a0 JavaThread "Worker-JM" [_thread_blocked, id=25296, stack(0x000000f3d3300000,0x000000f3d3400000)]
  0x00000205b8b047e0 JavaThread "Worker-0" [_thread_blocked, id=1172, stack(0x000000f3d3400000,0x000000f3d3500000)]
  0x00000205b897ff20 JavaThread "Worker-1" [_thread_blocked, id=13356, stack(0x000000f3d3500000,0x000000f3d3600000)]
  0x00000205b89803f0 JavaThread "Worker-2: Repository registry initialization" [_thread_in_Java, id=25552, stack(0x000000f3d3600000,0x000000f3d3700000)]
=>0x00000205b9c9c540 JavaThread "C2 CompilerThread1" daemon [_thread_in_native, id=12616, stack(0x000000f3d3700000,0x000000f3d3800000)]
  0x00000205b897f0b0 JavaThread "Java indexing" daemon [_thread_blocked, id=28188, stack(0x000000f3d3800000,0x000000f3d3900000)]
  0x00000205b897cf00 JavaThread "JNA Cleaner" daemon [_thread_blocked, id=10032, stack(0x000000f3d3900000,0x000000f3d3a00000)]
  0x00000205b897f580 JavaThread "pool-2-thread-1" [_thread_blocked, id=13332, stack(0x000000f3d3c00000,0x000000f3d3d00000)]
  0x00000205b897d3d0 JavaThread "pool-1-thread-1" [_thread_in_native, id=740, stack(0x000000f3d3d00000,0x000000f3d3e00000)]

Other Threads:
  0x00000205b4643360 VMThread "VM Thread" [stack: 0x000000f3d1a00000,0x000000f3d1b00000] [id=19984]
  0x00000205b6578700 WatcherThread [stack: 0x000000f3d2600000,0x000000f3d2700000] [id=9040]
  0x00000205a0903860 GCTaskThread "GC Thread#0" [stack: 0x000000f3d1900000,0x000000f3d1a00000] [id=27988]
  0x00000205b767de90 GCTaskThread "GC Thread#1" [stack: 0x000000f3d2700000,0x000000f3d2800000] [id=21500]
  0x00000205b79139b0 GCTaskThread "GC Thread#2" [stack: 0x000000f3d2800000,0x000000f3d2900000] [id=28856]
  0x00000205b7913c60 GCTaskThread "GC Thread#3" [stack: 0x000000f3d2900000,0x000000f3d2a00000] [id=8732]
  0x00000205b7913f10 GCTaskThread "GC Thread#4" [stack: 0x000000f3d2a00000,0x000000f3d2b00000] [id=26532]
  0x00000205b79141c0 GCTaskThread "GC Thread#5" [stack: 0x000000f3d2b00000,0x000000f3d2c00000] [id=10604]
  0x00000205b84f0ba0 GCTaskThread "GC Thread#6" [stack: 0x000000f3d3000000,0x000000f3d3100000] [id=13032]
  0x00000205b84f0e50 GCTaskThread "GC Thread#7" [stack: 0x000000f3d3100000,0x000000f3d3200000] [id=1468]

Threads with active compile tasks:
C2 CompilerThread0    11073 4242   !   4       org.eclipse.osgi.internal.loader.BundleLoader::findClass0 (466 bytes)
C1 CompilerThread0    11073 4390   !   3       com.google.common.cache.LocalCache$LoadingValueReference::loadFuture (125 bytes)
C2 CompilerThread1    11073 4076   !   4       org.eclipse.osgi.internal.loader.classpath.ClasspathManager::defineClass (636 bytes)

VM state: not at safepoint (normal execution)

VM Mutex/Monitor currently owned by a thread: None

Heap address: 0x00000000c0000000, size: 1024 MB, Compressed Oops mode: 32-bit

CDS archive(s) not mapped
Compressed class space mapped at: 0x0000000100000000-0x0000000140000000, reserved size: 1073741824
Narrow klass base: 0x0000000000000000, Narrow klass shift: 3, Narrow klass range: 0x140000000

GC Precious Log:
 CPUs: 8 total, 8 available
 Memory: 8058M
 Large Page Support: Disabled
 NUMA Support: Disabled
 Compressed Oops: Enabled (32-bit)
 Alignments: Space 512K, Generation 512K, Heap 2M
 Heap Min Capacity: 100M
 Heap Initial Capacity: 100M
 Heap Max Capacity: 1G
 Pre-touch: Disabled
 Parallel Workers: 8

Heap:
 PSYoungGen      total 24064K, used 19755K [0x00000000eab00000, 0x00000000ec580000, 0x0000000100000000)
  eden space 22528K, 82% used [0x00000000eab00000,0x00000000ebd1a150,0x00000000ec100000)
  from space 1536K, 79% used [0x00000000ec300000,0x00000000ec430c90,0x00000000ec480000)
  to   space 1024K, 0% used [0x00000000ec480000,0x00000000ec480000,0x00000000ec580000)
 ParOldGen       total 68608K, used 13998K [0x00000000c0000000, 0x00000000c4300000, 0x00000000eab00000)
  object space 68608K, 20% used [0x00000000c0000000,0x00000000c0dab8e8,0x00000000c4300000)
 Metaspace       used 43222K, committed 44160K, reserved 1089536K
  class space    used 4649K, committed 5056K, reserved 1048576K

Card table byte_map: [0x00000205a02d0000,0x00000205a04e0000] _byte_map_base: 0x000002059fcd0000

Marking Bits: (ParMarkBitMap*) 0x00007fff66132cc0
 Begin Bits: [0x00000205b2580000, 0x00000205b3580000)
 End Bits:   [0x00000205b3580000, 0x00000205b4580000)

Polling page: 0x00000205a00c0000

Metaspace:

Usage:
  Non-class:     37.67 MB used.
      Class:      4.54 MB used.
       Both:     42.21 MB used.

Virtual space:
  Non-class space:       40.00 MB reserved,      38.19 MB ( 95%) committed,  5 nodes.
      Class space:        1.00 GB reserved,       4.94 MB ( <1%) committed,  1 nodes.
             Both:        1.04 GB reserved,      43.12 MB (  4%) committed. 

Chunk freelists:
   Non-Class:  1.73 MB
       Class:  3.11 MB
        Both:  4.84 MB

MaxMetaspaceSize: unlimited
CompressedClassSpaceSize: 1.00 GB
Initial GC threshold: 21.00 MB
Current GC threshold: 58.38 MB
CDS: off
MetaspaceReclaimPolicy: balanced
 - commit_granule_bytes: 65536.
 - commit_granule_words: 8192.
 - virtual_space_node_default_size: 1048576.
 - enlarge_chunks_in_place: 1.
 - new_chunks_are_fully_committed: 0.
 - uncommit_free_chunks: 1.
 - use_allocation_guard: 0.
 - handle_deallocations: 1.


Internal statistics:

num_allocs_failed_limit: 6.
num_arena_births: 536.
num_arena_deaths: 14.
num_vsnodes_births: 6.
num_vsnodes_deaths: 0.
num_space_committed: 690.
num_space_uncommitted: 0.
num_chunks_returned_to_freelist: 20.
num_chunks_taken_from_freelist: 2116.
num_chunk_merges: 10.
num_chunk_splits: 1316.
num_chunks_enlarged: 751.
num_purges: 2.
num_inconsistent_stats: 0.

CodeHeap 'non-profiled nmethods': size=120000Kb used=2046Kb max_used=2046Kb free=117954Kb
 bounds [0x00000205ab050000, 0x00000205ab2c0000, 0x00000205b2580000]
CodeHeap 'profiled nmethods': size=120000Kb used=9067Kb max_used=9067Kb free=110933Kb
 bounds [0x00000205a3b20000, 0x00000205a4400000, 0x00000205ab050000]
CodeHeap 'non-nmethods': size=5760Kb used=1264Kb max_used=1378Kb free=4495Kb
 bounds [0x00000205a3580000, 0x00000205a37f0000, 0x00000205a3b20000]
 total_blobs=4938 nmethods=4352 adapters=499
 compilation: enabled
              stopped_count=0, restarted_count=0
 full_count=0

Compilation events (20 events):
Event: 10.999 Thread 0x00000205b62e47a0 nmethod 4250 0x00000205a43b8e10 code [0x00000205a43b8fc0, 0x00000205a43b9268]
Event: 10.999 Thread 0x00000205b62e47a0 4251   !   3       com.google.gson.internal.LinkedTreeMap::findByObject (18 bytes)
Event: 10.999 Thread 0x00000205b62e47a0 nmethod 4251 0x00000205a43b9390 code [0x00000205a43b9540, 0x00000205a43b9748]
Event: 10.999 Thread 0x00000205b62e47a0 4252       1       com.google.common.cache.LocalCache$StrongEntry::getHash (5 bytes)
Event: 10.999 Thread 0x00000205b62e47a0 nmethod 4252 0x00000205ab24a690 code [0x00000205ab24a820, 0x00000205ab24a8f8]
Event: 11.001 Thread 0x00000205b62e47a0 4255       3       com.google.common.collect.RegularImmutableSet::contains (56 bytes)
Event: 11.001 Thread 0x00000205b62e47a0 nmethod 4255 0x00000205a43b9810 code [0x00000205a43b9a00, 0x00000205a43b9f88]
Event: 11.001 Thread 0x00000205b62e47a0 4256       3       com.google.common.collect.Hashing::smearedHash (16 bytes)
Event: 11.002 Thread 0x00000205b62e47a0 nmethod 4256 0x00000205a43ba190 code [0x00000205a43ba340, 0x00000205a43ba578]
Event: 11.002 Thread 0x00000205b62e47a0 4258       1       com.google.common.cache.LocalCache$StrongEntry::getNext (5 bytes)
Event: 11.002 Thread 0x00000205b62e47a0 nmethod 4258 0x00000205ab24a990 code [0x00000205ab24ab20, 0x00000205ab24abf8]
Event: 11.002 Thread 0x00000205b62e47a0 4257       1       com.google.common.cache.LocalCache$1::get (2 bytes)
Event: 11.002 Thread 0x00000205b62e47a0 nmethod 4257 0x00000205ab24ac90 code [0x00000205ab24ae20, 0x00000205ab24aef8]
Event: 11.002 Thread 0x00000205b62e47a0 4259       3       com.google.common.cache.LocalCache$Segment::postReadCleanup (18 bytes)
Event: 11.002 Thread 0x00000205b62e47a0 nmethod 4259 0x00000205a43ba690 code [0x00000205a43ba840, 0x00000205a43baa18]
Event: 11.002 Thread 0x00000205b62e47a0 4260       3       com.google.common.base.Equivalence::equivalent (24 bytes)
Event: 11.002 Thread 0x00000205b62e47a0 nmethod 4260 0x00000205a43bab10 code [0x00000205a43bacc0, 0x00000205a43baf88]
Event: 11.002 Thread 0x00000205b62e47a0 4264       3       com.sun.org.apache.xerces.internal.dom.NodeImpl::<init> (10 bytes)
Event: 11.003 Thread 0x00000205b62e47a0 nmethod 4264 0x00000205a43bb010 code [0x00000205a43bb1a0, 0x00000205a43bb318]
Event: 11.003 Thread 0x00000205b62e47a0 4266       3       com.google.common.cache.LocalCache$Segment::getEntry (73 bytes)

GC Heap History (20 events):
Event: 5.769 GC heap before
{Heap before GC invocations=4 (full 0):
 PSYoungGen      total 29696K, used 13207K [0x00000000eab00000, 0x00000000ecc00000, 0x0000000100000000)
  eden space 25600K, 35% used [0x00000000eab00000,0x00000000eb3e97b8,0x00000000ec400000)
  from space 4096K, 99% used [0x00000000ec400000,0x00000000ec7fc560,0x00000000ec800000)
  to   space 4096K, 0% used [0x00000000ec800000,0x00000000ec800000,0x00000000ecc00000)
 ParOldGen       total 68608K, used 3804K [0x00000000c0000000, 0x00000000c4300000, 0x00000000eab00000)
  object space 68608K, 5% used [0x00000000c0000000,0x00000000c03b7018,0x00000000c4300000)
 Metaspace       used 21105K, committed 21504K, reserved 1073152K
  class space    used 2143K, committed 2368K, reserved 1048576K
}
Event: 5.772 GC heap after
{Heap after GC invocations=4 (full 0):
 PSYoungGen      total 29696K, used 4071K [0x00000000eab00000, 0x00000000ecc00000, 0x0000000100000000)
  eden space 25600K, 0% used [0x00000000eab00000,0x00000000eab00000,0x00000000ec400000)
  from space 4096K, 99% used [0x00000000ec800000,0x00000000ecbf9da0,0x00000000ecc00000)
  to   space 4096K, 0% used [0x00000000ec400000,0x00000000ec400000,0x00000000ec800000)
 ParOldGen       total 68608K, used 4204K [0x00000000c0000000, 0x00000000c4300000, 0x00000000eab00000)
  object space 68608K, 6% used [0x00000000c0000000,0x00000000c041b028,0x00000000c4300000)
 Metaspace       used 21105K, committed 21504K, reserved 1073152K
  class space    used 2143K, committed 2368K, reserved 1048576K
}
Event: 5.772 GC heap before
{Heap before GC invocations=5 (full 1):
 PSYoungGen      total 29696K, used 4071K [0x00000000eab00000, 0x00000000ecc00000, 0x0000000100000000)
  eden space 25600K, 0% used [0x00000000eab00000,0x00000000eab00000,0x00000000ec400000)
  from space 4096K, 99% used [0x00000000ec800000,0x00000000ecbf9da0,0x00000000ecc00000)
  to   space 4096K, 0% used [0x00000000ec400000,0x00000000ec400000,0x00000000ec800000)
 ParOldGen       total 68608K, used 4204K [0x00000000c0000000, 0x00000000c4300000, 0x00000000eab00000)
  object space 68608K, 6% used [0x00000000c0000000,0x00000000c041b028,0x00000000c4300000)
 Metaspace       used 21105K, committed 21504K, reserved 1073152K
  class space    used 2143K, committed 2368K, reserved 1048576K
}
Event: 5.820 GC heap after
{Heap after GC invocations=5 (full 1):
 PSYoungGen      total 29696K, used 0K [0x00000000eab00000, 0x00000000ecc00000, 0x0000000100000000)
  eden space 25600K, 0% used [0x00000000eab00000,0x00000000eab00000,0x00000000ec400000)
  from space 4096K, 0% used [0x00000000ec800000,0x00000000ec800000,0x00000000ecc00000)
  to   space 4096K, 0% used [0x00000000ec400000,0x00000000ec400000,0x00000000ec800000)
 ParOldGen       total 68608K, used 8083K [0x00000000c0000000, 0x00000000c4300000, 0x00000000eab00000)
  object space 68608K, 11% used [0x00000000c0000000,0x00000000c07e4f00,0x00000000c4300000)
 Metaspace       used 21091K, committed 21504K, reserved 1073152K
  class space    used 2139K, committed 2368K, reserved 1048576K
}
Event: 7.496 GC heap before
{Heap before GC invocations=6 (full 1):
 PSYoungGen      total 29696K, used 25600K [0x00000000eab00000, 0x00000000ecc00000, 0x0000000100000000)
  eden space 25600K, 100% used [0x00000000eab00000,0x00000000ec400000,0x00000000ec400000)
  from space 4096K, 0% used [0x00000000ec800000,0x00000000ec800000,0x00000000ecc00000)
  to   space 4096K, 0% used [0x00000000ec400000,0x00000000ec400000,0x00000000ec800000)
 ParOldGen       total 68608K, used 8083K [0x00000000c0000000, 0x00000000c4300000, 0x00000000eab00000)
  object space 68608K, 11% used [0x00000000c0000000,0x00000000c07e4f00,0x00000000c4300000)
 Metaspace       used 24622K, committed 25216K, reserved 1073152K
  class space    used 2545K, committed 2816K, reserved 1048576K
}
Event: 7.498 GC heap after
{Heap after GC invocations=6 (full 1):
 PSYoungGen      total 27648K, used 2382K [0x00000000eab00000, 0x00000000eca80000, 0x0000000100000000)
  eden space 25088K, 0% used [0x00000000eab00000,0x00000000eab00000,0x00000000ec380000)
  from space 2560K, 93% used [0x00000000ec400000,0x00000000ec653a28,0x00000000ec680000)
  to   space 3584K, 0% used [0x00000000ec700000,0x00000000ec700000,0x00000000eca80000)
 ParOldGen       total 68608K, used 8091K [0x00000000c0000000, 0x00000000c4300000, 0x00000000eab00000)
  object space 68608K, 11% used [0x00000000c0000000,0x00000000c07e6f00,0x00000000c4300000)
 Metaspace       used 24622K, committed 25216K, reserved 1073152K
  class space    used 2545K, committed 2816K, reserved 1048576K
}
Event: 7.995 GC heap before
{Heap before GC invocations=7 (full 1):
 PSYoungGen      total 27648K, used 27470K [0x00000000eab00000, 0x00000000eca80000, 0x0000000100000000)
  eden space 25088K, 100% used [0x00000000eab00000,0x00000000ec380000,0x00000000ec380000)
  from space 2560K, 93% used [0x00000000ec400000,0x00000000ec653a28,0x00000000ec680000)
  to   space 3584K, 0% used [0x00000000ec700000,0x00000000ec700000,0x00000000eca80000)
 ParOldGen       total 68608K, used 8091K [0x00000000c0000000, 0x00000000c4300000, 0x00000000eab00000)
  object space 68608K, 11% used [0x00000000c0000000,0x00000000c07e6f00,0x00000000c4300000)
 Metaspace       used 27476K, committed 28096K, reserved 1081344K
  class space    used 2725K, committed 3008K, reserved 1048576K
}
Event: 7.996 GC heap after
{Heap after GC invocations=7 (full 1):
 PSYoungGen      total 27648K, used 2793K [0x00000000eab00000, 0x00000000eca00000, 0x0000000100000000)
  eden space 24576K, 0% used [0x00000000eab00000,0x00000000eab00000,0x00000000ec300000)
  from space 3072K, 90% used [0x00000000ec700000,0x00000000ec9ba6a0,0x00000000eca00000)
  to   space 3072K, 0% used [0x00000000ec400000,0x00000000ec400000,0x00000000ec700000)
 ParOldGen       total 68608K, used 8099K [0x00000000c0000000, 0x00000000c4300000, 0x00000000eab00000)
  object space 68608K, 11% used [0x00000000c0000000,0x00000000c07e8f00,0x00000000c4300000)
 Metaspace       used 27476K, committed 28096K, reserved 1081344K
  class space    used 2725K, committed 3008K, reserved 1048576K
}
Event: 8.418 GC heap before
{Heap before GC invocations=8 (full 1):
 PSYoungGen      total 27648K, used 27369K [0x00000000eab00000, 0x00000000eca00000, 0x0000000100000000)
  eden space 24576K, 100% used [0x00000000eab00000,0x00000000ec300000,0x00000000ec300000)
  from space 3072K, 90% used [0x00000000ec700000,0x00000000ec9ba6a0,0x00000000eca00000)
  to   space 3072K, 0% used [0x00000000ec400000,0x00000000ec400000,0x00000000ec700000)
 ParOldGen       total 68608K, used 8099K [0x00000000c0000000, 0x00000000c4300000, 0x00000000eab00000)
  object space 68608K, 11% used [0x00000000c0000000,0x00000000c07e8f00,0x00000000c4300000)
 Metaspace       used 30113K, committed 30784K, reserved 1081344K
  class space    used 2968K, committed 3264K, reserved 1048576K
}
Event: 8.421 GC heap after
{Heap after GC invocations=8 (full 1):
 PSYoungGen      total 27136K, used 2942K [0x00000000eab00000, 0x00000000ec880000, 0x0000000100000000)
  eden space 24064K, 0% used [0x00000000eab00000,0x00000000eab00000,0x00000000ec280000)
  from space 3072K, 95% used [0x00000000ec400000,0x00000000ec6df9e0,0x00000000ec700000)
  to   space 1536K, 0% used [0x00000000ec700000,0x00000000ec700000,0x00000000ec880000)
 ParOldGen       total 68608K, used 8107K [0x00000000c0000000, 0x00000000c4300000, 0x00000000eab00000)
  object space 68608K, 11% used [0x00000000c0000000,0x00000000c07eaf00,0x00000000c4300000)
 Metaspace       used 30113K, committed 30784K, reserved 1081344K
  class space    used 2968K, committed 3264K, reserved 1048576K
}
Event: 9.100 GC heap before
{Heap before GC invocations=9 (full 1):
 PSYoungGen      total 27136K, used 27006K [0x00000000eab00000, 0x00000000ec880000, 0x0000000100000000)
  eden space 24064K, 100% used [0x00000000eab00000,0x00000000ec280000,0x00000000ec280000)
  from space 3072K, 95% used [0x00000000ec400000,0x00000000ec6df9e0,0x00000000ec700000)
  to   space 1536K, 0% used [0x00000000ec700000,0x00000000ec700000,0x00000000ec880000)
 ParOldGen       total 68608K, used 8107K [0x00000000c0000000, 0x00000000c4300000, 0x00000000eab00000)
  object space 68608K, 11% used [0x00000000c0000000,0x00000000c07eaf00,0x00000000c4300000)
 Metaspace       used 34057K, committed 34752K, reserved 1081344K
  class space    used 3451K, committed 3776K, reserved 1048576K
}
Event: 9.103 GC heap after
{Heap after GC invocations=9 (full 1):
 PSYoungGen      total 25088K, used 1517K [0x00000000eab00000, 0x00000000ecc00000, 0x0000000100000000)
  eden space 23552K, 0% used [0x00000000eab00000,0x00000000eab00000,0x00000000ec200000)
  from space 1536K, 98% used [0x00000000ec700000,0x00000000ec87b648,0x00000000ec880000)
  to   space 5120K, 0% used [0x00000000ec200000,0x00000000ec200000,0x00000000ec700000)
 ParOldGen       total 68608K, used 11208K [0x00000000c0000000, 0x00000000c4300000, 0x00000000eab00000)
  object space 68608K, 16% used [0x00000000c0000000,0x00000000c0af22f8,0x00000000c4300000)
 Metaspace       used 34057K, committed 34752K, reserved 1081344K
  class space    used 3451K, committed 3776K, reserved 1048576K
}
Event: 9.411 GC heap before
{Heap before GC invocations=10 (full 1):
 PSYoungGen      total 25088K, used 11773K [0x00000000eab00000, 0x00000000ecc00000, 0x0000000100000000)
  eden space 23552K, 43% used [0x00000000eab00000,0x00000000eb503fb0,0x00000000ec200000)
  from space 1536K, 98% used [0x00000000ec700000,0x00000000ec87b648,0x00000000ec880000)
  to   space 5120K, 0% used [0x00000000ec200000,0x00000000ec200000,0x00000000ec700000)
 ParOldGen       total 68608K, used 11208K [0x00000000c0000000, 0x00000000c4300000, 0x00000000eab00000)
  object space 68608K, 16% used [0x00000000c0000000,0x00000000c0af22f8,0x00000000c4300000)
 Metaspace       used 35139K, committed 35840K, reserved 1081344K
  class space    used 3577K, committed 3904K, reserved 1048576K
}
Event: 9.413 GC heap after
{Heap after GC invocations=10 (full 1):
 PSYoungGen      total 25088K, used 1151K [0x00000000eab00000, 0x00000000ec780000, 0x0000000100000000)
  eden space 23552K, 0% used [0x00000000eab00000,0x00000000eab00000,0x00000000ec200000)
  from space 1536K, 74% used [0x00000000ec200000,0x00000000ec31ff20,0x00000000ec380000)
  to   space 2560K, 0% used [0x00000000ec500000,0x00000000ec500000,0x00000000ec780000)
 ParOldGen       total 68608K, used 12373K [0x00000000c0000000, 0x00000000c4300000, 0x00000000eab00000)
  object space 68608K, 18% used [0x00000000c0000000,0x00000000c0c155a0,0x00000000c4300000)
 Metaspace       used 35139K, committed 35840K, reserved 1081344K
  class space    used 3577K, committed 3904K, reserved 1048576K
}
Event: 9.413 GC heap before
{Heap before GC invocations=11 (full 2):
 PSYoungGen      total 25088K, used 1151K [0x00000000eab00000, 0x00000000ec780000, 0x0000000100000000)
  eden space 23552K, 0% used [0x00000000eab00000,0x00000000eab00000,0x00000000ec200000)
  from space 1536K, 74% used [0x00000000ec200000,0x00000000ec31ff20,0x00000000ec380000)
  to   space 2560K, 0% used [0x00000000ec500000,0x00000000ec500000,0x00000000ec780000)
 ParOldGen       total 68608K, used 12373K [0x00000000c0000000, 0x00000000c4300000, 0x00000000eab00000)
  object space 68608K, 18% used [0x00000000c0000000,0x00000000c0c155a0,0x00000000c4300000)
 Metaspace       used 35139K, committed 35840K, reserved 1081344K
  class space    used 3577K, committed 3904K, reserved 1048576K
}
Event: 9.441 GC heap after
{Heap after GC invocations=11 (full 2):
 PSYoungGen      total 25088K, used 0K [0x00000000eab00000, 0x00000000ec780000, 0x0000000100000000)
  eden space 23552K, 0% used [0x00000000eab00000,0x00000000eab00000,0x00000000ec200000)
  from space 1536K, 0% used [0x00000000ec200000,0x00000000ec200000,0x00000000ec380000)
  to   space 2560K, 0% used [0x00000000ec500000,0x00000000ec500000,0x00000000ec780000)
 ParOldGen       total 68608K, used 13118K [0x00000000c0000000, 0x00000000c4300000, 0x00000000eab00000)
  object space 68608K, 19% used [0x00000000c0000000,0x00000000c0ccfb58,0x00000000c4300000)
 Metaspace       used 35139K, committed 35840K, reserved 1081344K
  class space    used 3577K, committed 3904K, reserved 1048576K
}
Event: 10.036 GC heap before
{Heap before GC invocations=12 (full 2):
 PSYoungGen      total 25088K, used 23552K [0x00000000eab00000, 0x00000000ec780000, 0x0000000100000000)
  eden space 23552K, 100% used [0x00000000eab00000,0x00000000ec200000,0x00000000ec200000)
  from space 1536K, 0% used [0x00000000ec200000,0x00000000ec200000,0x00000000ec380000)
  to   space 2560K, 0% used [0x00000000ec500000,0x00000000ec500000,0x00000000ec780000)
 ParOldGen       total 68608K, used 13118K [0x00000000c0000000, 0x00000000c4300000, 0x00000000eab00000)
  object space 68608K, 19% used [0x00000000c0000000,0x00000000c0ccfb58,0x00000000c4300000)
 Metaspace       used 37590K, committed 38400K, reserved 1089536K
  class space    used 3903K, committed 4288K, reserved 1048576K
}
Event: 10.037 GC heap after
{Heap after GC invocations=12 (full 2):
 PSYoungGen      total 24064K, used 1024K [0x00000000eab00000, 0x00000000ec600000, 0x0000000100000000)
  eden space 23040K, 0% used [0x00000000eab00000,0x00000000eab00000,0x00000000ec180000)
  from space 1024K, 100% used [0x00000000ec500000,0x00000000ec600000,0x00000000ec600000)
  to   space 1536K, 0% used [0x00000000ec300000,0x00000000ec300000,0x00000000ec480000)
 ParOldGen       total 68608K, used 13126K [0x00000000c0000000, 0x00000000c4300000, 0x00000000eab00000)
  object space 68608K, 19% used [0x00000000c0000000,0x00000000c0cd1b58,0x00000000c4300000)
 Metaspace       used 37590K, committed 38400K, reserved 1089536K
  class space    used 3903K, committed 4288K, reserved 1048576K
}
Event: 10.663 GC heap before
{Heap before GC invocations=13 (full 2):
 PSYoungGen      total 24064K, used 24064K [0x00000000eab00000, 0x00000000ec600000, 0x0000000100000000)
  eden space 23040K, 100% used [0x00000000eab00000,0x00000000ec180000,0x00000000ec180000)
  from space 1024K, 100% used [0x00000000ec500000,0x00000000ec600000,0x00000000ec600000)
  to   space 1536K, 0% used [0x00000000ec300000,0x00000000ec300000,0x00000000ec480000)
 ParOldGen       total 68608K, used 13129K [0x00000000c0000000, 0x00000000c4300000, 0x00000000eab00000)
  object space 68608K, 19% used [0x00000000c0000000,0x00000000c0cd27e8,0x00000000c4300000)
 Metaspace       used 40815K, committed 41664K, reserved 1089536K
  class space    used 4325K, committed 4736K, reserved 1048576K
}
Event: 10.666 GC heap after
{Heap after GC invocations=13 (full 2):
 PSYoungGen      total 24064K, used 1219K [0x00000000eab00000, 0x00000000ec580000, 0x0000000100000000)
  eden space 22528K, 0% used [0x00000000eab00000,0x00000000eab00000,0x00000000ec100000)
  from space 1536K, 79% used [0x00000000ec300000,0x00000000ec430c90,0x00000000ec480000)
  to   space 1024K, 0% used [0x00000000ec480000,0x00000000ec480000,0x00000000ec580000)
 ParOldGen       total 68608K, used 13998K [0x00000000c0000000, 0x00000000c4300000, 0x00000000eab00000)
  object space 68608K, 20% used [0x00000000c0000000,0x00000000c0dab8e8,0x00000000c4300000)
 Metaspace       used 40815K, committed 41664K, reserved 1089536K
  class space    used 4325K, committed 4736K, reserved 1048576K
}

Deoptimization events (20 events):
Event: 10.104 Thread 0x00000205b7824070 Uncommon trap: trap_request=0xffffff76 fr.pc=0x00000205ab1fd328 relative=0x0000000000000668
Event: 10.104 Thread 0x00000205b7824070 Uncommon trap: reason=predicate action=maybe_recompile pc=0x00000205ab1fd328 method=java.util.TreeMap.getEntryUsingComparator(Ljava/lang/Object;)Ljava/util/TreeMap$Entry; @ 19 c2
Event: 10.104 Thread 0x00000205b7824070 DEOPT PACKING pc=0x00000205ab1fd328 sp=0x000000f3d2efcaf0
Event: 10.104 Thread 0x00000205b7824070 DEOPT UNPACKING pc=0x00000205a35d20a3 sp=0x000000f3d2efca10 mode 2
Event: 10.163 Thread 0x00000205a08ee0c0 Uncommon trap: trap_request=0xffffff76 fr.pc=0x00000205ab1f9aa8 relative=0x0000000000000668
Event: 10.163 Thread 0x00000205a08ee0c0 Uncommon trap: reason=predicate action=maybe_recompile pc=0x00000205ab1f9aa8 method=java.util.TreeMap.getEntryUsingComparator(Ljava/lang/Object;)Ljava/util/TreeMap$Entry; @ 19 c2
Event: 10.163 Thread 0x00000205a08ee0c0 DEOPT PACKING pc=0x00000205ab1f9aa8 sp=0x000000f3d18fdcd0
Event: 10.164 Thread 0x00000205a08ee0c0 DEOPT UNPACKING pc=0x00000205a35d20a3 sp=0x000000f3d18fdc80 mode 2
Event: 10.768 Thread 0x00000205a08ee0c0 Uncommon trap: trap_request=0xffffff45 fr.pc=0x00000205ab1680dc relative=0x0000000000005e7c
Event: 10.768 Thread 0x00000205a08ee0c0 Uncommon trap: reason=unstable_if action=reinterpret pc=0x00000205ab1680dc method=jdk.internal.org.objectweb.asm.Frame.execute(IILjdk/internal/org/objectweb/asm/Symbol;Ljdk/internal/org/objectweb/asm/SymbolTable;)V @ 1 c2
Event: 10.768 Thread 0x00000205a08ee0c0 DEOPT PACKING pc=0x00000205ab1680dc sp=0x000000f3d18fd620
Event: 10.768 Thread 0x00000205a08ee0c0 DEOPT UNPACKING pc=0x00000205a35d20a3 sp=0x000000f3d18fd5b8 mode 2
Event: 10.994 Thread 0x00000205b897d3d0 Uncommon trap: trap_request=0xffffff45 fr.pc=0x00000205ab0b8bec relative=0x00000000000001cc
Event: 10.994 Thread 0x00000205b897d3d0 Uncommon trap: reason=unstable_if action=reinterpret pc=0x00000205ab0b8bec method=java.net.URI$Parser.scan(IIJJ)I @ 42 c2
Event: 10.994 Thread 0x00000205b897d3d0 DEOPT PACKING pc=0x00000205ab0b8bec sp=0x000000f3d3dfdd80
Event: 10.994 Thread 0x00000205b897d3d0 DEOPT UNPACKING pc=0x00000205a35d20a3 sp=0x000000f3d3dfdd00 mode 2
Event: 10.994 Thread 0x00000205b897d3d0 Uncommon trap: trap_request=0xffffff45 fr.pc=0x00000205ab1ee288 relative=0x0000000000000148
Event: 10.994 Thread 0x00000205b897d3d0 Uncommon trap: reason=unstable_if action=reinterpret pc=0x00000205ab1ee288 method=java.nio.charset.CharsetDecoder.decode(Ljava/nio/ByteBuffer;Ljava/nio/CharBuffer;Z)Ljava/nio/charset/CoderResult; @ 1 c2
Event: 10.994 Thread 0x00000205b897d3d0 DEOPT PACKING pc=0x00000205ab1ee288 sp=0x000000f3d3dfde20
Event: 10.994 Thread 0x00000205b897d3d0 DEOPT UNPACKING pc=0x00000205a35d20a3 sp=0x000000f3d3dfddd8 mode 2

Classes unloaded (7 events):
Event: 5.791 Thread 0x00000205b4643360 Unloading class 0x000000010020c400 'java/lang/invoke/LambdaForm$MH+0x000000010020c400'
Event: 5.791 Thread 0x00000205b4643360 Unloading class 0x000000010020c000 'java/lang/invoke/LambdaForm$MH+0x000000010020c000'
Event: 5.791 Thread 0x00000205b4643360 Unloading class 0x000000010020bc00 'java/lang/invoke/LambdaForm$MH+0x000000010020bc00'
Event: 5.791 Thread 0x00000205b4643360 Unloading class 0x000000010020b800 'java/lang/invoke/LambdaForm$MH+0x000000010020b800'
Event: 5.791 Thread 0x00000205b4643360 Unloading class 0x000000010020b000 'java/lang/invoke/LambdaForm$BMH+0x000000010020b000'
Event: 5.791 Thread 0x00000205b4643360 Unloading class 0x000000010020ac00 'java/lang/invoke/LambdaForm$DMH+0x000000010020ac00'
Event: 5.791 Thread 0x00000205b4643360 Unloading class 0x0000000100208400 'java/lang/invoke/LambdaForm$DMH+0x0000000100208400'

Classes redefined (0 events):
No events

Internal exceptions (20 events):
Event: 7.090 Thread 0x00000205b7824070 Exception <a 'java/lang/NoSuchMethodError'{0x00000000ebded6e0}: static Lorg/eclipse/m2e/core/internal/lifecyclemapping/model/PluginExecutionMetadata;.<clinit>()V> (0x00000000ebded6e0) 
thrown [s\src\hotspot\share\prims\jni.cpp, line 1107]
Event: 7.101 Thread 0x00000205b7824070 Exception <a 'java/lang/NoSuchMethodError'{0x00000000ebe3f6c8}: static Lorg/eclipse/m2e/core/internal/lifecyclemapping/model/PluginExecutionFilter;.<clinit>()V> (0x00000000ebe3f6c8) 
thrown [s\src\hotspot\share\prims\jni.cpp, line 1107]
Event: 7.287 Thread 0x00000205b8b047e0 Exception <a 'java/io/FileNotFoundException'{0x00000000ec03cad8}> (0x00000000ec03cad8) 
thrown [s\src\hotspot\share\prims\jni.cpp, line 516]
Event: 8.552 Thread 0x00000205b7824070 Exception <a 'java/lang/ClassNotFoundException'{0x00000000eb023e78}: com/sun/org/apache/xerces/internal/impl/msg/spi/DOMMessagesProvider> (0x00000000eb023e78) 
thrown [s\src\hotspot\share\classfile\systemDictionary.cpp, line 256]
Event: 8.556 Thread 0x00000205b7824070 Exception <a 'java/lang/ClassNotFoundException'{0x00000000eb03fa18}: com/sun/org/apache/xerces/internal/impl/msg/spi/XMLSerializerMessagesProvider> (0x00000000eb03fa18) 
thrown [s\src\hotspot\share\classfile\systemDictionary.cpp, line 256]
Event: 8.564 Thread 0x00000205b7824070 Exception <a 'java/lang/ClassNotFoundException'{0x00000000eb04ccf0}: com/sun/org/apache/xerces/internal/impl/msg/spi/XMLMessagesProvider> (0x00000000eb04ccf0) 
thrown [s\src\hotspot\share\classfile\systemDictionary.cpp, line 256]
Event: 8.699 Thread 0x00000205b7824070 Exception <a 'sun/nio/fs/WindowsException'{0x00000000eb649ac0}> (0x00000000eb649ac0) 
thrown [s\src\hotspot\share\prims\jni.cpp, line 516]
Event: 8.856 Thread 0x00000205b7824070 Exception <a 'java/lang/NoSuchMethodError'{0x00000000ebb9bbb0}: 'java.lang.Object java.lang.invoke.DirectMethodHandle$Holder.invokeStaticInit(java.lang.Object, int, int, int, int)'> (0x00000000ebb9bbb0) 
thrown [s\src\hotspot\share\interpreter\linkResolver.cpp, line 759]
Event: 9.129 Thread 0x00000205b8b047e0 Exception <a 'java/io/FileNotFoundException'{0x00000000eabe1720}> (0x00000000eabe1720) 
thrown [s\src\hotspot\share\prims\jni.cpp, line 516]
Event: 9.264 Thread 0x00000205b89803f0 Exception <a 'java/lang/NoClassDefFoundError'{0x00000000eb063050}: javax/enterprise/inject/Typed> (0x00000000eb063050) 
thrown [s\src\hotspot\share\classfile\systemDictionary.cpp, line 245]
Event: 9.328 Thread 0x00000205b7824070 Exception <a 'java/lang/NoSuchMethodError'{0x00000000eaba4758}: 'java.lang.Object java.lang.invoke.DirectMethodHandle$Holder.invokeStaticInit(java.lang.Object, java.lang.Object, int, int, int, int)'> (0x00000000eaba4758) 
thrown [s\src\hotspot\share\interpreter\linkResolver.cpp, line 759]
Event: 9.575 Thread 0x00000205b7824070 Exception <a 'java/lang/ClassNotFoundException'{0x00000000eafb53f8}: com/sun/org/apache/xml/internal/serializer/spi/XMLEntitiesProvider> (0x00000000eafb53f8) 
thrown [s\src\hotspot\share\classfile\systemDictionary.cpp, line 256]
Event: 9.815 Thread 0x00000205b7824070 Exception <a 'java/io/FileNotFoundException'{0x00000000eb9abc70}> (0x00000000eb9abc70) 
thrown [s\src\hotspot\share\prims\jni.cpp, line 516]
Event: 10.094 Thread 0x00000205b7824070 Exception <a 'java/lang/UnsatisfiedLinkError'{0x00000000eadaa038}: The specified procedure could not be found.
> (0x00000000eadaa038) 
thrown [s\src\hotspot\share\prims\jni.cpp, line 535]
Event: 10.102 Thread 0x00000205b7824070 Exception <a 'java/io/FileNotFoundException'{0x00000000eadcccf0}> (0x00000000eadcccf0) 
thrown [s\src\hotspot\share\prims\jni.cpp, line 516]
Event: 10.116 Thread 0x00000205b7824070 Exception <a 'java/io/FileNotFoundException'{0x00000000eaed0440}> (0x00000000eaed0440) 
thrown [s\src\hotspot\share\prims\jni.cpp, line 516]
Event: 10.135 Thread 0x00000205b7824070 Exception <a 'java/lang/UnsatisfiedLinkError'{0x00000000eafadf88}: The specified procedure could not be found.
> (0x00000000eafadf88) 
thrown [s\src\hotspot\share\prims\jni.cpp, line 535]
Event: 10.251 Thread 0x00000205a08ee0c0 Exception <a 'java/lang/NoSuchMethodError'{0x00000000eb6357f0}: 'void java.lang.invoke.DirectMethodHandle$Holder.invokeStatic(java.lang.Object, java.lang.Object, java.lang.Object, java.lang.Object)'> (0x00000000eb6357f0) 
thrown [s\src\hotspot\share\interpreter\linkResolver.cpp, line 759]
Event: 10.757 Thread 0x00000205a08ee0c0 Exception <a 'java/lang/NoSuchMethodError'{0x00000000eb054980}: 'void java.lang.invoke.DirectMethodHandle$Holder.invokeSpecial(java.lang.Object, java.lang.Object, java.lang.Object, java.lang.Object, java.lang.Object, java.lang.Object)'> (0x00000000eb054980) 
thrown [s\src\hotspot\share\interpreter\linkResolver.cpp, line 759]
Event: 10.997 Thread 0x00000205b897d3d0 Exception <a 'java/io/FileNotFoundException'{0x00000000eb9ede60}> (0x00000000eb9ede60) 
thrown [s\src\hotspot\share\prims\jni.cpp, line 516]

VM Operations (20 events):
Event: 9.628 Executing VM operation: HandshakeAllThreads
Event: 9.628 Executing VM operation: HandshakeAllThreads done
Event: 10.036 Executing VM operation: ParallelGCFailedAllocation
Event: 10.037 Executing VM operation: ParallelGCFailedAllocation done
Event: 10.071 Executing VM operation: HandshakeAllThreads
Event: 10.071 Executing VM operation: HandshakeAllThreads done
Event: 10.077 Executing VM operation: HandshakeAllThreads
Event: 10.077 Executing VM operation: HandshakeAllThreads done
Event: 10.212 Executing VM operation: HandshakeAllThreads
Event: 10.218 Executing VM operation: HandshakeAllThreads done
Event: 10.663 Executing VM operation: ParallelGCFailedAllocation
Event: 10.663 Executing VM operation: ParallelGCFailedAllocation done
Event: 10.663 Executing VM operation: ParallelGCFailedAllocation
Event: 10.666 Executing VM operation: ParallelGCFailedAllocation done
Event: 10.983 Executing VM operation: HandshakeAllThreads
Event: 10.983 Executing VM operation: HandshakeAllThreads done
Event: 10.985 Executing VM operation: HandshakeAllThreads
Event: 10.985 Executing VM operation: HandshakeAllThreads done
Event: 10.988 Executing VM operation: HandshakeAllThreads
Event: 10.988 Executing VM operation: HandshakeAllThreads done

Events (20 events):
Event: 10.472 loading class sun/reflect/generics/tree/ArrayTypeSignature done
Event: 10.478 loading class sun/reflect/generics/tree/BooleanSignature
Event: 10.478 loading class sun/reflect/generics/tree/BooleanSignature done
Event: 10.680 loading class javax/net/ssl/SSLSocketFactory
Event: 10.682 loading class javax/net/SocketFactory
Event: 10.682 loading class javax/net/SocketFactory done
Event: 10.682 loading class javax/net/ssl/SSLSocketFactory done
Event: 10.704 loading class java/util/concurrent/atomic/AtomicIntegerArray
Event: 10.704 loading class java/util/concurrent/atomic/AtomicIntegerArray done
Event: 10.706 loading class java/util/Currency
Event: 10.707 loading class java/util/Currency done
Event: 10.735 loading class java/util/concurrent/atomic/AtomicLongArray
Event: 10.735 loading class java/util/concurrent/atomic/AtomicLongArray done
Event: 10.744 loading class sun/reflect/generics/repository/FieldRepository
Event: 10.745 loading class sun/reflect/generics/repository/FieldRepository done
Event: 10.812 loading class sun/util/locale/provider/DateFormatProviderImpl
Event: 10.812 loading class sun/util/locale/provider/DateFormatProviderImpl done
Event: 10.822 Thread 0x00000205b897d3d0 Thread added: 0x00000205b897d3d0
Event: 10.887 loading class jdk/internal/reflect/UnsafeQualifiedIntegerFieldAccessorImpl
Event: 10.888 loading class jdk/internal/reflect/UnsafeQualifiedIntegerFieldAccessorImpl done


Dynamic libraries:
0x00007ff6cb8e0000 - 0x00007ff6cb8ee000 	c:\Users\lamho\.antigravity\extensions\redhat.java-1.12.0-win32-x64\jre\17.0.4.1-win32-x86_64\bin\java.exe
0x00007ffff7090000 - 0x00007ffff7288000 	C:\WINDOWS\SYSTEM32\ntdll.dll
0x00007ffff59a0000 - 0x00007ffff5a62000 	C:\WINDOWS\System32\KERNEL32.DLL
0x00007ffff4820000 - 0x00007ffff4b16000 	C:\WINDOWS\System32\KERNELBASE.dll
0x00007ffff4720000 - 0x00007ffff4820000 	C:\WINDOWS\System32\ucrtbase.dll
0x00007fffc6860000 - 0x00007fffc6878000 	c:\Users\lamho\.antigravity\extensions\redhat.java-1.12.0-win32-x64\jre\17.0.4.1-win32-x86_64\bin\jli.dll
0x00007ffff6620000 - 0x00007ffff67c1000 	C:\WINDOWS\System32\USER32.dll
0x00007ffff4d80000 - 0x00007ffff4da2000 	C:\WINDOWS\System32\win32u.dll
0x00007ffff61a0000 - 0x00007ffff61cb000 	C:\WINDOWS\System32\GDI32.dll
0x00007fffc6220000 - 0x00007fffc6239000 	c:\Users\lamho\.antigravity\extensions\redhat.java-1.12.0-win32-x64\jre\17.0.4.1-win32-x86_64\bin\VCRUNTIME140.dll
0x00007ffff4c60000 - 0x00007ffff4d79000 	C:\WINDOWS\System32\gdi32full.dll
0x00007ffff5010000 - 0x00007ffff50ad000 	C:\WINDOWS\System32\msvcp_win.dll
0x00007fffe4790000 - 0x00007fffe4a2b000 	C:\WINDOWS\WinSxS\amd64_microsoft.windows.common-controls_6595b64144ccf1df_6.0.19041.6456_none_60b8a6cb71f64256\COMCTL32.dll
0x00007ffff6d70000 - 0x00007ffff6e0e000 	C:\WINDOWS\System32\msvcrt.dll
0x00007ffff5b30000 - 0x00007ffff5b5f000 	C:\WINDOWS\System32\IMM32.DLL
0x00007fffe5420000 - 0x00007fffe542c000 	c:\Users\lamho\.antigravity\extensions\redhat.java-1.12.0-win32-x64\jre\17.0.4.1-win32-x86_64\bin\vcruntime140_1.dll
0x00007fff80ff0000 - 0x00007fff81081000 	c:\Users\lamho\.antigravity\extensions\redhat.java-1.12.0-win32-x64\jre\17.0.4.1-win32-x86_64\bin\msvcp140.dll
0x00007fff655b0000 - 0x00007fff661f6000 	c:\Users\lamho\.antigravity\extensions\redhat.java-1.12.0-win32-x64\jre\17.0.4.1-win32-x86_64\bin\server\jvm.dll
0x00007ffff5a70000 - 0x00007ffff5b21000 	C:\WINDOWS\System32\ADVAPI32.dll
0x00007ffff5e70000 - 0x00007ffff5f0f000 	C:\WINDOWS\System32\sechost.dll
0x00007ffff5f20000 - 0x00007ffff6040000 	C:\WINDOWS\System32\RPCRT4.dll
0x00007ffff4c30000 - 0x00007ffff4c57000 	C:\WINDOWS\System32\bcrypt.dll
0x00007ffff5f10000 - 0x00007ffff5f18000 	C:\WINDOWS\System32\PSAPI.DLL
0x00007fffdfe90000 - 0x00007fffdfe99000 	C:\WINDOWS\SYSTEM32\WSOCK32.dll
0x00007ffff5d80000 - 0x00007ffff5deb000 	C:\WINDOWS\System32\WS2_32.dll
0x00007fffe5c30000 - 0x00007fffe5c57000 	C:\WINDOWS\SYSTEM32\WINMM.dll
0x00007fffeeb60000 - 0x00007fffeeb6a000 	C:\WINDOWS\SYSTEM32\VERSION.dll
0x00007ffff2570000 - 0x00007ffff2582000 	C:\WINDOWS\SYSTEM32\kernel.appcore.dll
0x00007fffe13d0000 - 0x00007fffe13da000 	c:\Users\lamho\.antigravity\extensions\redhat.java-1.12.0-win32-x64\jre\17.0.4.1-win32-x86_64\bin\jimage.dll
0x00007fffe55a0000 - 0x00007fffe57a1000 	C:\WINDOWS\SYSTEM32\DBGHELP.DLL
0x00007fffd1ec0000 - 0x00007fffd1ef4000 	C:\WINDOWS\SYSTEM32\dbgcore.DLL
0x00007ffff4ba0000 - 0x00007ffff4c22000 	C:\WINDOWS\System32\bcryptPrimitives.dll
0x00007fffe1250000 - 0x00007fffe125e000 	c:\Users\lamho\.antigravity\extensions\redhat.java-1.12.0-win32-x64\jre\17.0.4.1-win32-x86_64\bin\instrument.dll
0x00007fffc0980000 - 0x00007fffc09a5000 	c:\Users\lamho\.antigravity\extensions\redhat.java-1.12.0-win32-x64\jre\17.0.4.1-win32-x86_64\bin\java.dll
0x00007fffc5990000 - 0x00007fffc59a8000 	c:\Users\lamho\.antigravity\extensions\redhat.java-1.12.0-win32-x64\jre\17.0.4.1-win32-x86_64\bin\zip.dll
0x00007ffff50b0000 - 0x00007ffff5820000 	C:\WINDOWS\System32\SHELL32.dll
0x00007ffff2770000 - 0x00007ffff2f15000 	C:\WINDOWS\SYSTEM32\windows.storage.dll
0x00007ffff62c0000 - 0x00007ffff6614000 	C:\WINDOWS\System32\combase.dll
0x00007ffff3f90000 - 0x00007ffff3fbb000 	C:\WINDOWS\SYSTEM32\Wldp.dll
0x00007ffff5820000 - 0x00007ffff58ed000 	C:\WINDOWS\System32\OLEAUT32.dll
0x00007ffff58f0000 - 0x00007ffff599d000 	C:\WINDOWS\System32\SHCORE.dll
0x00007ffff6120000 - 0x00007ffff617b000 	C:\WINDOWS\System32\shlwapi.dll
0x00007ffff4650000 - 0x00007ffff4674000 	C:\WINDOWS\SYSTEM32\profapi.dll
0x00007fffc41b0000 - 0x00007fffc41c9000 	C:\Users\lamho\.antigravity\extensions\redhat.java-1.12.0-win32-x64\jre\17.0.4.1-win32-x86_64\bin\net.dll
0x00007fffee550000 - 0x00007fffee65a000 	C:\WINDOWS\SYSTEM32\WINHTTP.dll
0x00007ffff3d70000 - 0x00007ffff3dda000 	C:\WINDOWS\system32\mswsock.dll
0x00007fffc31b0000 - 0x00007fffc31c5000 	C:\Users\lamho\.antigravity\extensions\redhat.java-1.12.0-win32-x64\jre\17.0.4.1-win32-x86_64\bin\nio.dll
0x00007fffdd5f0000 - 0x00007fffdd600000 	c:\Users\lamho\.antigravity\extensions\redhat.java-1.12.0-win32-x64\jre\17.0.4.1-win32-x86_64\bin\verify.dll
0x00007fffc8190000 - 0x00007fffc81ce000 	C:\Users\lamho\AppData\Roaming\Antigravity\User\globalStorage\redhat.java\1.12.0\config_win\org.eclipse.equinox.launcher\org.eclipse.equinox.launcher.win32.win32.x86_64_1.2.600.v20220720-1916\eclipse_11700.dll
0x00007ffff6f20000 - 0x00007ffff704b000 	C:\WINDOWS\System32\ole32.dll
0x00007ffff3fd0000 - 0x00007ffff3fe8000 	C:\WINDOWS\SYSTEM32\CRYPTSP.dll
0x00007ffff36b0000 - 0x00007ffff36e8000 	C:\WINDOWS\system32\rsaenh.dll
0x00007ffff45d0000 - 0x00007ffff45fe000 	C:\WINDOWS\SYSTEM32\USERENV.dll
0x00007ffff3f00000 - 0x00007ffff3f0c000 	C:\WINDOWS\SYSTEM32\CRYPTBASE.dll
0x00007ffff3a70000 - 0x00007ffff3aab000 	C:\WINDOWS\SYSTEM32\IPHLPAPI.DLL
0x00007ffff6d60000 - 0x00007ffff6d68000 	C:\WINDOWS\System32\NSI.dll
0x00007fffef2a0000 - 0x00007fffef2b7000 	C:\WINDOWS\SYSTEM32\dhcpcsvc6.DLL
0x00007fffef090000 - 0x00007fffef0ad000 	C:\WINDOWS\SYSTEM32\dhcpcsvc.DLL
0x00007ffff3ab0000 - 0x00007ffff3b7a000 	C:\WINDOWS\SYSTEM32\DNSAPI.dll
0x00007fffc1100000 - 0x00007fffc1140000 	C:\Users\lamho\AppData\Local\Temp\jna-102738079\jna3840847332535753386.dll

dbghelp: loaded successfully - version: 4.0.5 - missing functions: none
symbol engine: initialized successfully - sym options: 0x614 - pdb path: .;c:\Users\lamho\.antigravity\extensions\redhat.java-1.12.0-win32-x64\jre\17.0.4.1-win32-x86_64\bin;C:\WINDOWS\SYSTEM32;C:\WINDOWS\WinSxS\amd64_microsoft.windows.common-controls_6595b64144ccf1df_6.0.19041.6456_none_60b8a6cb71f64256;c:\Users\lamho\.antigravity\extensions\redhat.java-1.12.0-win32-x64\jre\17.0.4.1-win32-x86_64\bin\server;C:\Users\lamho\AppData\Roaming\Antigravity\User\globalStorage\redhat.java\1.12.0\config_win\org.eclipse.equinox.launcher\org.eclipse.equinox.launcher.win32.win32.x86_64_1.2.600.v20220720-1916;C:\Users\lamho\AppData\Local\Temp\jna-102738079

VM Arguments:
jvm_args: --add-modules=ALL-SYSTEM --add-opens=java.base/java.util=ALL-UNNAMED --add-opens=java.base/java.lang=ALL-UNNAMED --add-opens=java.base/sun.nio.fs=ALL-UNNAMED -Declipse.application=org.eclipse.jdt.ls.core.id1 -Dosgi.bundles.defaultStartLevel=4 -Declipse.product=org.eclipse.jdt.ls.core.product -Djava.import.generatesMetadataFilesAtProjectRoot=false -Dfile.encoding=utf8 -XX:+UseParallelGC -XX:GCTimeRatio=4 -XX:AdaptiveSizePolicyWeight=90 -Dsun.zip.disableMemoryMapping=true -Xmx1G -Xms100m -Xlog:disable -javaagent:c:\Users\lamho\.antigravity\extensions\redhat.java-1.12.0-win32-x64\lombok\lombok-1.18.24.jar -XX:+HeapDumpOnOutOfMemoryError -XX:HeapDumpPath=c:\Users\lamho\AppData\Roaming\Antigravity\User\workspaceStorage\72f3abaf5d5d677d5907d84c497303e1\redhat.java 
java_command: c:\Users\lamho\.antigravity\extensions\redhat.java-1.12.0-win32-x64\server\plugins\org.eclipse.equinox.launcher_1.6.400.v20210924-0641.jar -configuration c:\Users\lamho\AppData\Roaming\Antigravity\User\globalStorage\redhat.java\1.12.0\config_win -data c:\Users\lamho\AppData\Roaming\Antigravity\User\workspaceStorage\72f3abaf5d5d677d5907d84c497303e1\redhat.java\jdt_ws
java_class_path (initial): c:\Users\lamho\.antigravity\extensions\redhat.java-1.12.0-win32-x64\server\plugins\org.eclipse.equinox.launcher_1.6.400.v20210924-0641.jar
Launcher Type: SUN_STANDARD

[Global flags]
    uintx AdaptiveSizePolicyWeight                 = 90                                        {product} {command line}
     intx CICompilerCount                          = 4                                         {product} {ergonomic}
    uintx GCTimeRatio                              = 4                                         {product} {command line}
     bool HeapDumpOnOutOfMemoryError               = true                                   {manageable} {command line}
    ccstr HeapDumpPath                             = c:\Users\lamho\AppData\Roaming\Antigravity\User\workspaceStorage\72f3abaf5d5d677d5907d84c497303e1\redhat.java         {manageable} {command line}
   size_t InitialHeapSize                          = 104857600                                 {product} {command line}
   size_t MaxHeapSize                              = 1073741824                                {product} {command line}
   size_t MaxNewSize                               = 357564416                                 {product} {ergonomic}
   size_t MinHeapDeltaBytes                        = 524288                                    {product} {ergonomic}
   size_t MinHeapSize                              = 104857600                                 {product} {command line}
   size_t NewSize                                  = 34603008                                  {product} {ergonomic}
    uintx NonNMethodCodeHeapSize                   = 5839372                                {pd product} {ergonomic}
    uintx NonProfiledCodeHeapSize                  = 122909434                              {pd product} {ergonomic}
   size_t OldSize                                  = 70254592                                  {product} {ergonomic}
    uintx ProfiledCodeHeapSize                     = 122909434                              {pd product} {ergonomic}
    uintx ReservedCodeCacheSize                    = 251658240                              {pd product} {ergonomic}
     bool SegmentedCodeCache                       = true                                      {product} {ergonomic}
   size_t SoftMaxHeapSize                          = 1073741824                             {manageable} {ergonomic}
     bool UseCompressedClassPointers               = true                           {product lp64_product} {ergonomic}
     bool UseCompressedOops                        = true                           {product lp64_product} {ergonomic}
     bool UseLargePagesIndividualAllocation        = false                                  {pd product} {ergonomic}
     bool UseParallelGC                            = true                                      {product} {command line}

Logging:
Log output configuration:
 #0: stdout all=off uptime,level,tags
 #1: stderr all=off uptime,level,tags

Environment Variables:
JAVA_HOME=C:\Program Files\Microsoft\jdk-17.0.18.8-hotspot\
PATH=C:\Program Files\Microsoft\jdk-17.0.18.8-hotspot\bin;C:\Program Files (x86)\Common Files\Oracle\Java\javapath;C:\WINDOWS\system32;C:\WINDOWS;C:\WINDOWS\System32\Wbem;C:\WINDOWS\System32\WindowsPowerShell\v1.0\;C:\WINDOWS\System32\OpenSSH\;C:\Program Files\dotnet\;C:\Program Files\Sunshine;C:\Program Files\Sunshine\tools;C:\Program Files\Git\cmd;C:\Program Files\Cloudflare\Cloudflare WARP\;C:\Program Files (x86)\Microsoft SQL Server\160\Tools\Binn\;C:\Program Files\Microsoft SQL Server\160\Tools\Binn\;C:\Program Files\Microsoft SQL Server\Client SDK\ODBC\170\Tools\Binn\;C:\Program Files\Microsoft SQL Server\160\DTS\Binn\;C:\Program Files\nodejs\;C:\Users\lamho\.local\bin;C:\Users\lamho\AppData\Local\Programs\Python\Python315\Scripts\;C:\Users\lamho\AppData\Local\Programs\Python\Python315\;C:\Users\lamho\AppData\Local\Programs\Python\Launcher\;C:\Users\lamho\AppData\Local\Microsoft\WindowsApps;D:\IntelliJ IDEA 261.21849.20\bin;D:\code\Microsoft VS Code\bin;C:\Users\lamho\AppData\Roaming\npm;D:\code\Antigravity\bin
USERNAME=lamho
OS=Windows_NT
PROCESSOR_IDENTIFIER=Intel64 Family 6 Model 165 Stepping 3, GenuineIntel
TMP=C:\Users\lamho\AppData\Local\Temp
TEMP=C:\Users\lamho\AppData\Local\Temp



---------------  S Y S T E M  ---------------

OS:
 Windows 10 , 64 bit Build 19041 (10.0.19041.5915)
OS uptime: 4 days 11:16 hours
Hyper-V role detected

CPU: total 8 (initial active 8) (4 cores per cpu, 2 threads per core) family 6 model 165 stepping 3 microcode 0xe0, cx8, cmov, fxsr, ht, mmx, 3dnowpref, sse, sse2, sse3, ssse3, sse4.1, sse4.2, popcnt, lzcnt, tsc, tscinvbit, avx, avx2, aes, erms, clmul, bmi1, bmi2, adx, fma, vzeroupper, clflush, clflushopt, hv

Memory: 4k page, system-wide physical 8058M (259M free)
TotalPageFile size 26002M (AvailPageFile size 5M)
current process WorkingSet (physical memory assigned to process): 172M, peak: 188M
current process commit charge ("private bytes"): 273M, peak: 289M

vm_info: OpenJDK 64-Bit Server VM (17.0.4.1+1) for windows-amd64 JRE (17.0.4.1+1), built on Aug 17 2022 07:42:43 by "temurin" with MS VC++ 16.7 (VS2019)

END.
