#
# There is insufficient memory for the Java Runtime Environment to continue.
# Native memory allocation (mmap) failed to map 65536 bytes for Failed to commit metaspace.
# Possible reasons:
#   The system is out of physical RAM or swap space
#   The process is running with CompressedOops enabled, and the Java Heap may be blocking the growth of the native heap
# Possible solutions:
#   Reduce memory load on the system
#   Increase physical memory or swap space
#   Check if swap backing store is full
#   Decrease Java heap size (-Xmx/-Xms)
#   Decrease number of Java threads
#   Decrease Java thread stack sizes (-Xss)
#   Set larger code cache with -XX:ReservedCodeCacheSize=
#   JVM is running with Unscaled Compressed Oops mode in which the Java heap is
#     placed in the first 4GB address space. The Java Heap base address is the
#     maximum limit for the native heap growth. Please use -XX:HeapBaseMinAddress
#     to set the Java Heap base and to place the Java Heap above 4GB virtual address.
# This output file may be truncated or incomplete.
#
#  Out of Memory Error (virtualSpaceNode.cpp:110), pid=27696, tid=11152
#
# JRE version: OpenJDK Runtime Environment Temurin-17.0.4.1+1 (17.0.4.1+1) (build 17.0.4.1+1)
# Java VM: OpenJDK 64-Bit Server VM Temurin-17.0.4.1+1 (17.0.4.1+1, mixed mode, tiered, compressed oops, compressed class ptrs, parallel gc, windows-amd64)
# No core dump will be written. Minidumps are not enabled by default on client versions of Windows
#

---------------  S U M M A R Y ------------

Command Line: --add-modules=ALL-SYSTEM --add-opens=java.base/java.util=ALL-UNNAMED --add-opens=java.base/java.lang=ALL-UNNAMED --add-opens=java.base/sun.nio.fs=ALL-UNNAMED -Declipse.application=org.eclipse.jdt.ls.core.id1 -Dosgi.bundles.defaultStartLevel=4 -Declipse.product=org.eclipse.jdt.ls.core.product -Djava.import.generatesMetadataFilesAtProjectRoot=false -Dfile.encoding=utf8 -XX:+UseParallelGC -XX:GCTimeRatio=4 -XX:AdaptiveSizePolicyWeight=90 -Dsun.zip.disableMemoryMapping=true -Xmx1G -Xms100m -Xlog:disable -javaagent:c:\Users\lamho\.antigravity\extensions\redhat.java-1.12.0-win32-x64\lombok\lombok-1.18.24.jar -XX:+HeapDumpOnOutOfMemoryError -XX:HeapDumpPath=c:\Users\lamho\AppData\Roaming\Antigravity\User\workspaceStorage\72f3abaf5d5d677d5907d84c497303e1\redhat.java c:\Users\lamho\.antigravity\extensions\redhat.java-1.12.0-win32-x64\server\plugins\org.eclipse.equinox.launcher_1.6.400.v20210924-0641.jar -configuration c:\Users\lamho\AppData\Roaming\Antigravity\User\globalStorage\redhat.java\1.12.0\config_win -data c:\Users\lamho\AppData\Roaming\Antigravity\User\workspaceStorage\72f3abaf5d5d677d5907d84c497303e1\redhat.java\jdt_ws

Host: Intel(R) Core(TM) i3-10100 CPU @ 3.60GHz, 8 cores, 7G,  Windows 10 , 64 bit Build 19041 (10.0.19041.5915)
Time: Sun Mar 22 21:16:35 2026 SE Asia Standard Time elapsed time: 1.667816 seconds (0d 0h 0m 1s)

---------------  T H R E A D  ---------------

Current thread (0x00000190f3297b20):  JavaThread "Start Level: Equinox Container: b11158ec-a158-4725-a419-bbce0a58b9f4" daemon [_thread_in_vm, id=11152, stack(0x0000000101d00000,0x0000000101e00000)]

Stack: [0x0000000101d00000,0x0000000101e00000]
Native frames: (J=compiled Java code, j=interpreted, Vv=VM code, C=native code)
V  [jvm.dll+0x67731a]
V  [jvm.dll+0x832284]
V  [jvm.dll+0x833a2e]
V  [jvm.dll+0x834093]
V  [jvm.dll+0x245775]
V  [jvm.dll+0x82e22b]
V  [jvm.dll+0x61bdf6]
V  [jvm.dll+0x1c07be]
V  [jvm.dll+0x61e741]
V  [jvm.dll+0x61c796]
V  [jvm.dll+0x23b216]
V  [jvm.dll+0x1eafbd]
V  [jvm.dll+0x1e09f1]
V  [jvm.dll+0x53c910]
V  [jvm.dll+0x7ad138]
V  [jvm.dll+0x7ad224]
V  [jvm.dll+0x40ccd5]
V  [jvm.dll+0x412ec8]
C  [java.dll+0x17ec]

Java frames: (J=compiled Java code, j=interpreted, Vv=VM code)
J 1063  java.lang.ClassLoader.defineClass1(Ljava/lang/ClassLoader;Ljava/lang/String;[BIILjava/security/ProtectionDomain;Ljava/lang/String;)Ljava/lang/Class; java.base@17.0.4.1 (0 bytes) @ 0x00000190e5e4f963 [0x00000190e5e4f8a0+0x00000000000000c3]
J 1683 c1 java.lang.ClassLoader.defineClass(Ljava/lang/String;[BIILjava/security/ProtectionDomain;)Ljava/lang/Class; java.base@17.0.4.1 (43 bytes) @ 0x00000190debdaddc [0x00000190debdaa80+0x000000000000035c]
j  org.eclipse.osgi.internal.loader.ModuleClassLoader.defineClass(Ljava/lang/String;[BLorg/eclipse/osgi/internal/loader/classpath/ClasspathEntry;)Lorg/eclipse/osgi/internal/loader/ModuleClassLoader$DefineClassResult;+42
j  org.eclipse.osgi.internal.loader.classpath.ClasspathManager.defineClass(Ljava/lang/String;[BLorg/eclipse/osgi/internal/loader/classpath/ClasspathEntry;Lorg/eclipse/osgi/storage/bundlefile/BundleEntry;Ljava/util/List;)Ljava/lang/Class;+424
J 1728 c1 org.eclipse.osgi.internal.loader.classpath.ClasspathManager.findClassImpl(Ljava/lang/String;Lorg/eclipse/osgi/internal/loader/classpath/ClasspathEntry;Ljava/util/List;)Ljava/lang/Class; (308 bytes) @ 0x00000190dec0006c [0x00000190debfd240+0x0000000000002e2c]
J 1727 c1 org.eclipse.osgi.internal.loader.classpath.ClasspathManager.findLocalClassImpl(Ljava/lang/String;[Lorg/eclipse/osgi/internal/loader/classpath/ClasspathEntry;Ljava/util/List;)Ljava/lang/Class; (55 bytes) @ 0x00000190debfc6cc [0x00000190debfc540+0x000000000000018c]
j  org.eclipse.osgi.internal.loader.classpath.ClasspathManager.findLocalClassImpl(Ljava/lang/String;Ljava/util/List;)Ljava/lang/Class;+69
J 1722 c1 org.eclipse.osgi.internal.loader.classpath.ClasspathManager.findLocalClass(Ljava/lang/String;)Ljava/lang/Class; (210 bytes) @ 0x00000190debf75bc [0x00000190debf68a0+0x0000000000000d1c]
J 1720 c1 org.eclipse.osgi.internal.loader.BundleLoader.findLocalClass(Ljava/lang/String;)Ljava/lang/Class; (152 bytes) @ 0x00000190debf498c [0x00000190debf4120+0x000000000000086c]
J 1652 c1 org.eclipse.osgi.internal.loader.BundleLoader.findClass0(Ljava/lang/String;ZZ)Ljava/lang/Class; (466 bytes) @ 0x00000190debca254 [0x00000190debc7aa0+0x00000000000027b4]
J 1651 c1 org.eclipse.osgi.internal.loader.BundleLoader.findClass(Ljava/lang/String;)Ljava/lang/Class; (8 bytes) @ 0x00000190debc719c [0x00000190debc7120+0x000000000000007c]
J 1654 c1 org.eclipse.osgi.internal.loader.ModuleClassLoader.loadClass(Ljava/lang/String;Z)Ljava/lang/Class; (36 bytes) @ 0x00000190debce044 [0x00000190debcde20+0x0000000000000224]
J 787 c1 java.lang.ClassLoader.loadClass(Ljava/lang/String;)Ljava/lang/Class; java.base@17.0.4.1 (7 bytes) @ 0x00000190de9fed4c [0x00000190de9fec40+0x000000000000010c]
v  ~StubRoutines::call_stub
j  org.eclipse.core.resources.ResourcesPlugin$WorkspaceInitCustomizer.addingService(Lorg/osgi/framework/ServiceReference;)Lorg/eclipse/core/internal/resources/Workspace;+30
j  org.eclipse.core.resources.ResourcesPlugin$WorkspaceInitCustomizer.addingService(Lorg/osgi/framework/ServiceReference;)Ljava/lang/Object;+5
j  org.osgi.util.tracker.ServiceTracker$Tracked.customizerAdding(Lorg/osgi/framework/ServiceReference;Lorg/osgi/framework/ServiceEvent;)Ljava/lang/Object;+8
j  org.osgi.util.tracker.ServiceTracker$Tracked.customizerAdding(Ljava/lang/Object;Ljava/lang/Object;)Ljava/lang/Object;+9
j  org.osgi.util.tracker.AbstractTracked.trackAdding(Ljava/lang/Object;Ljava/lang/Object;)V+8
j  org.osgi.util.tracker.AbstractTracked.trackInitial()V+90
j  org.osgi.util.tracker.ServiceTracker.open(Z)V+198
j  org.osgi.util.tracker.ServiceTracker.open()V+2
j  org.eclipse.core.resources.ResourcesPlugin.start(Lorg/osgi/framework/BundleContext;)V+106
j  org.eclipse.osgi.internal.framework.BundleContextImpl$2.run()Ljava/lang/Void;+23
j  org.eclipse.osgi.internal.framework.BundleContextImpl$2.run()Ljava/lang/Object;+1
J 1230 c1 java.security.AccessController.executePrivileged(Ljava/security/PrivilegedExceptionAction;Ljava/security/AccessControlContext;Ljava/lang/Class;)Ljava/lang/Object; java.base@17.0.4.1 (65 bytes) @ 0x00000190deae2c3c [0x00000190deae2ae0+0x000000000000015c]
j  java.security.AccessController.doPrivileged(Ljava/security/PrivilegedExceptionAction;)Ljava/lang/Object;+9 java.base@17.0.4.1
j  org.eclipse.osgi.internal.framework.BundleContextImpl.startActivator(Lorg/osgi/framework/BundleActivator;)V+9
j  org.eclipse.osgi.internal.framework.BundleContextImpl.start()V+134
j  org.eclipse.osgi.internal.framework.EquinoxBundle.startWorker0()V+35
j  org.eclipse.osgi.internal.framework.EquinoxBundle$EquinoxModule.startWorker()V+4
j  org.eclipse.osgi.container.Module.doStart([Lorg/eclipse/osgi/container/Module$StartOptions;)Lorg/eclipse/osgi/container/ModuleContainerAdaptor$ModuleEvent;+190
j  org.eclipse.osgi.container.Module.start([Lorg/eclipse/osgi/container/Module$StartOptions;)V+460
j  org.eclipse.osgi.framework.util.SecureAction.start(Lorg/eclipse/osgi/container/Module;[Lorg/eclipse/osgi/container/Module$StartOptions;)V+8
J 2050 c1 org.eclipse.osgi.internal.hooks.EclipseLazyStarter.postFindLocalClass(Ljava/lang/String;Ljava/lang/Class;Lorg/eclipse/osgi/internal/loader/classpath/ClasspathManager;)V (394 bytes) @ 0x00000190deca8dac [0x00000190deca7da0+0x000000000000100c]
J 1722 c1 org.eclipse.osgi.internal.loader.classpath.ClasspathManager.findLocalClass(Ljava/lang/String;)Ljava/lang/Class; (210 bytes) @ 0x00000190debf790c [0x00000190debf68a0+0x000000000000106c]
J 1720 c1 org.eclipse.osgi.internal.loader.BundleLoader.findLocalClass(Ljava/lang/String;)Ljava/lang/Class; (152 bytes) @ 0x00000190debf498c [0x00000190debf4120+0x000000000000086c]
J 1652 c1 org.eclipse.osgi.internal.loader.BundleLoader.findClass0(Ljava/lang/String;ZZ)Ljava/lang/Class; (466 bytes) @ 0x00000190debca254 [0x00000190debc7aa0+0x00000000000027b4]
J 1651 c1 org.eclipse.osgi.internal.loader.BundleLoader.findClass(Ljava/lang/String;)Ljava/lang/Class; (8 bytes) @ 0x00000190debc719c [0x00000190debc7120+0x000000000000007c]
J 1654 c1 org.eclipse.osgi.internal.loader.ModuleClassLoader.loadClass(Ljava/lang/String;Z)Ljava/lang/Class; (36 bytes) @ 0x00000190debce044 [0x00000190debcde20+0x0000000000000224]
J 787 c1 java.lang.ClassLoader.loadClass(Ljava/lang/String;)Ljava/lang/Class; java.base@17.0.4.1 (7 bytes) @ 0x00000190de9fed4c [0x00000190de9fec40+0x000000000000010c]
v  ~StubRoutines::call_stub
j  java.lang.Class.getDeclaredConstructors0(Z)[Ljava/lang/reflect/Constructor;+0 java.base@17.0.4.1
j  java.lang.Class.privateGetDeclaredConstructors(Z)[Ljava/lang/reflect/Constructor;+52 java.base@17.0.4.1
j  java.lang.Class.getConstructor0([Ljava/lang/Class;I)Ljava/lang/reflect/Constructor;+14 java.base@17.0.4.1
j  java.lang.Class.getConstructor([Ljava/lang/Class;)Ljava/lang/reflect/Constructor;+24 java.base@17.0.4.1
j  org.eclipse.osgi.internal.framework.BundleContextImpl.loadBundleActivator()Lorg/osgi/framework/BundleActivator;+105
j  org.eclipse.osgi.internal.framework.BundleContextImpl.start()V+18
j  org.eclipse.osgi.internal.framework.EquinoxBundle.startWorker0()V+35
j  org.eclipse.osgi.internal.framework.EquinoxBundle$EquinoxModule.startWorker()V+4
j  org.eclipse.osgi.container.Module.doStart([Lorg/eclipse/osgi/container/Module$StartOptions;)Lorg/eclipse/osgi/container/ModuleContainerAdaptor$ModuleEvent;+190
j  org.eclipse.osgi.container.Module.start([Lorg/eclipse/osgi/container/Module$StartOptions;)V+460
j  org.eclipse.osgi.container.ModuleContainer$ContainerStartLevel$2.run()V+71
j  org.eclipse.osgi.internal.framework.EquinoxContainerAdaptor$1$1.execute(Ljava/lang/Runnable;)V+1
j  org.eclipse.osgi.container.ModuleContainer$ContainerStartLevel.incStartLevel(ILjava/util/List;Z)V+192
j  org.eclipse.osgi.container.ModuleContainer$ContainerStartLevel.incStartLevel(ILjava/util/List;Ljava/util/List;Ljava/util/List;Ljava/util/List;)V+19
j  org.eclipse.osgi.container.ModuleContainer$ContainerStartLevel.doContainerStartLevel(Lorg/eclipse/osgi/container/Module;I[Lorg/osgi/framework/FrameworkListener;)V+349
j  org.eclipse.osgi.container.ModuleContainer$ContainerStartLevel.dispatchEvent(Lorg/eclipse/osgi/container/Module;[Lorg/osgi/framework/FrameworkListener;ILjava/lang/Integer;)V+32
j  org.eclipse.osgi.container.ModuleContainer$ContainerStartLevel.dispatchEvent(Ljava/lang/Object;Ljava/lang/Object;ILjava/lang/Object;)V+15
j  org.eclipse.osgi.framework.eventmgr.EventManager.dispatchEvent(Ljava/util/Set;Lorg/eclipse/osgi/framework/eventmgr/EventDispatcher;ILjava/lang/Object;)V+48
j  org.eclipse.osgi.framework.eventmgr.EventManager$EventThread.run()V+26
v  ~StubRoutines::call_stub

---------------  P R O C E S S  ---------------

Threads class SMR info:
_java_thread_list=0x00000190f3199f90, length=18, elements={
0x00000190db68b6c0, 0x00000190f1013590, 0x00000190ef509c50, 0x00000190ef51bd70,
0x00000190ef51c630, 0x00000190ef51df00, 0x00000190ef51e7c0, 0x00000190f1031620,
0x00000190f1040290, 0x00000190f1061af0, 0x00000190db749ad0, 0x00000190f12219d0,
0x00000190f1309020, 0x00000190f23eb230, 0x00000190f3272910, 0x00000190f3297b20,
0x00000190f34275b0, 0x00000190f3713020
}

Java Threads: ( => current thread )
  0x00000190db68b6c0 JavaThread "main" [_thread_blocked, id=4416, stack(0x0000000100600000,0x0000000100700000)]
  0x00000190f1013590 JavaThread "Reference Handler" daemon [_thread_blocked, id=29036, stack(0x0000000100900000,0x0000000100a00000)]
  0x00000190ef509c50 JavaThread "Finalizer" daemon [_thread_blocked, id=24768, stack(0x0000000100a00000,0x0000000100b00000)]
  0x00000190ef51bd70 JavaThread "Signal Dispatcher" daemon [_thread_blocked, id=1272, stack(0x0000000100b00000,0x0000000100c00000)]
  0x00000190ef51c630 JavaThread "Attach Listener" daemon [_thread_blocked, id=7672, stack(0x0000000100c00000,0x0000000100d00000)]
  0x00000190ef51df00 JavaThread "Service Thread" daemon [_thread_blocked, id=15592, stack(0x0000000100d00000,0x0000000100e00000)]
  0x00000190ef51e7c0 JavaThread "Monitor Deflation Thread" daemon [_thread_blocked, id=14712, stack(0x0000000100e00000,0x0000000100f00000)]
  0x00000190f1031620 JavaThread "C2 CompilerThread0" daemon [_thread_in_native, id=7028, stack(0x0000000100f00000,0x0000000101000000)]
  0x00000190f1040290 JavaThread "C1 CompilerThread0" daemon [_thread_blocked, id=27264, stack(0x0000000101000000,0x0000000101100000)]
  0x00000190f1061af0 JavaThread "Sweeper thread" daemon [_thread_blocked, id=16500, stack(0x0000000101100000,0x0000000101200000)]
  0x00000190db749ad0 JavaThread "Common-Cleaner" daemon [_thread_blocked, id=19568, stack(0x0000000101200000,0x0000000101300000)]
  0x00000190f12219d0 JavaThread "C2 CompilerThread1" daemon [_thread_blocked, id=11444, stack(0x0000000101300000,0x0000000101400000)]
  0x00000190f1309020 JavaThread "Notification Thread" daemon [_thread_blocked, id=26264, stack(0x0000000101400000,0x0000000101500000)]
  0x00000190f23eb230 JavaThread "Active Thread: Equinox Container: b11158ec-a158-4725-a419-bbce0a58b9f4" [_thread_blocked, id=21640, stack(0x0000000101b00000,0x0000000101c00000)]
  0x00000190f3272910 JavaThread "Framework Event Dispatcher: Equinox Container: b11158ec-a158-4725-a419-bbce0a58b9f4" daemon [_thread_blocked, id=20124, stack(0x0000000101c00000,0x0000000101d00000)]
=>0x00000190f3297b20 JavaThread "Start Level: Equinox Container: b11158ec-a158-4725-a419-bbce0a58b9f4" daemon [_thread_in_vm, id=11152, stack(0x0000000101d00000,0x0000000101e00000)]
  0x00000190f34275b0 JavaThread "SCR Component Actor" daemon [_thread_blocked, id=2480, stack(0x0000000101e00000,0x0000000101f00000)]
  0x00000190f3713020 JavaThread "SCR Component Registry" daemon [_thread_blocked, id=12264, stack(0x0000000102100000,0x0000000102200000)]

Other Threads:
  0x00000190f10111c0 VMThread "VM Thread" [stack: 0x0000000100800000,0x0000000100900000] [id=26720]
  0x00000190f12dad90 WatcherThread [stack: 0x0000000101500000,0x0000000101600000] [id=1940]
  0x00000190db6a0b80 GCTaskThread "GC Thread#0" [stack: 0x0000000100700000,0x0000000100800000] [id=8056]
  0x00000190f228f150 GCTaskThread "GC Thread#1" [stack: 0x0000000101600000,0x0000000101700000] [id=7340]
  0x00000190f257f1e0 GCTaskThread "GC Thread#2" [stack: 0x0000000101700000,0x0000000101800000] [id=7540]
  0x00000190f228f810 GCTaskThread "GC Thread#3" [stack: 0x0000000101800000,0x0000000101900000] [id=19768]
  0x00000190f228fac0 GCTaskThread "GC Thread#4" [stack: 0x0000000101900000,0x0000000101a00000] [id=792]
  0x00000190f228fd70 GCTaskThread "GC Thread#5" [stack: 0x0000000101a00000,0x0000000101b00000] [id=22916]
  0x00000190f3429880 GCTaskThread "GC Thread#6" [stack: 0x0000000101f00000,0x0000000102000000] [id=4152]
  0x00000190f266aaf0 GCTaskThread "GC Thread#7" [stack: 0x0000000102000000,0x0000000102100000] [id=19272]

Threads with active compile tasks:
C2 CompilerThread0     1687 2128       4       java.lang.String::equalsIgnoreCase (45 bytes)

VM state: not at safepoint (normal execution)

VM Mutex/Monitor currently owned by a thread:  ([mutex/lock_event])
[0x00000190db686740] Metaspace_lock - owner thread: 0x00000190f3297b20

Heap address: 0x00000000c0000000, size: 1024 MB, Compressed Oops mode: 32-bit

CDS archive(s) not mapped
Compressed class space mapped at: 0x0000019080000000-0x00000190c0000000, reserved size: 1073741824
Narrow klass base: 0x0000019080000000, Narrow klass shift: 0, Narrow klass range: 0x40000000

GC Precious Log:
 CPUs: 8 total, 8 available
 Memory: 8058M
 Large Page Support: Disabled
 NUMA Support: Disabled
 Compressed Oops: Enabled (32-bit)
 Alignments: Space 512K, Generation 512K, Heap 2M
 Heap Min Capacity: 100M
 Heap Initial Capacity: 100M
 Heap Max Capacity: 1G
 Pre-touch: Disabled
 Parallel Workers: 8

Heap:
 PSYoungGen      total 29696K, used 24221K [0x00000000eab00000, 0x00000000ecc00000, 0x0000000100000000)
  eden space 25600K, 78% used [0x00000000eab00000,0x00000000ebeabd00,0x00000000ec400000)
  from space 4096K, 99% used [0x00000000ec800000,0x00000000ecbfba58,0x00000000ecc00000)
  to   space 4096K, 0% used [0x00000000ec400000,0x00000000ec400000,0x00000000ec800000)
 ParOldGen       total 68608K, used 1470K [0x00000000c0000000, 0x00000000c4300000, 0x00000000eab00000)
  object space 68608K, 2% used [0x00000000c0000000,0x00000000c016f850,0x00000000c4300000)
 Metaspace       used 18322K, committed 18688K, reserved 1073152K
  class space    used 1862K, committed 2048K, reserved 1048576K

Card table byte_map: [0x00000190db070000,0x00000190db280000] _byte_map_base: 0x00000190daa70000

Marking Bits: (ParMarkBitMap*) 0x00007fff66132cc0
 Begin Bits: [0x00000190ed320000, 0x00000190ee320000)
 End Bits:   [0x00000190ee320000, 0x00000190ef320000)

Polling page: 0x00000190dae60000

Metaspace:

Usage:
  Non-class:     16.07 MB used.
      Class:      1.82 MB used.
       Both:     17.89 MB used.

Virtual space:
  Non-class space:       24.00 MB reserved,      16.25 MB ( 68%) committed,  3 nodes.
      Class space:        1.00 GB reserved,       2.00 MB ( <1%) committed,  1 nodes.
             Both:        1.02 GB reserved,      18.25 MB (  2%) committed. 

Chunk freelists:
   Non-Class:  3.61 MB
       Class:  2.05 MB
        Both:  5.66 MB

MaxMetaspaceSize: unlimited
CompressedClassSpaceSize: 1.00 GB
Initial GC threshold: 21.00 MB
Current GC threshold: 21.00 MB
CDS: off
MetaspaceReclaimPolicy: balanced
 - commit_granule_bytes: 65536.
 - commit_granule_words: 8192.
 - virtual_space_node_default_size: 1048576.
 - enlarge_chunks_in_place: 1.
 - new_chunks_are_fully_committed: 0.
 - uncommit_free_chunks: 1.
 - use_allocation_guard: 0.
 - handle_deallocations: 1.


Internal statistics:

num_allocs_failed_limit: 0.
num_arena_births: 118.
num_arena_deaths: 0.
num_vsnodes_births: 4.
num_vsnodes_deaths: 0.
num_space_committed: 292.
num_space_uncommitted: 0.
num_chunks_returned_to_freelist: 0.
num_chunks_taken_from_freelist: 464.
num_chunk_merges: 0.
num_chunk_splits: 305.
num_chunks_enlarged: 224.
num_purges: 0.
num_inconsistent_stats: 0.

CodeHeap 'non-profiled nmethods': size=120000Kb used=814Kb max_used=814Kb free=119185Kb
 bounds [0x00000190e5df0000, 0x00000190e6060000, 0x00000190ed320000]
CodeHeap 'profiled nmethods': size=120000Kb used=4211Kb max_used=4211Kb free=115788Kb
 bounds [0x00000190de8c0000, 0x00000190dece0000, 0x00000190e5df0000]
CodeHeap 'non-nmethods': size=5760Kb used=1185Kb max_used=1226Kb free=4575Kb
 bounds [0x00000190de320000, 0x00000190de590000, 0x00000190de8c0000]
 total_blobs=2605 nmethods=2124 adapters=395
 compilation: enabled
              stopped_count=0, restarted_count=0
 full_count=0

Compilation events (20 events):
Event: 1.664 Thread 0x00000190f1040290 nmethod 2114 0x00000190decd8490 code [0x00000190decd8640, 0x00000190decd8878]
Event: 1.664 Thread 0x00000190f1040290 2116       3       jdk.internal.org.objectweb.asm.MethodWriter::visitCode (1 bytes)
Event: 1.664 Thread 0x00000190f1040290 nmethod 2116 0x00000190decd8990 code [0x00000190decd8b20, 0x00000190decd8c38]
Event: 1.664 Thread 0x00000190f1040290 2117       3       jdk.internal.org.objectweb.asm.MethodWriter::visitFieldInsn (258 bytes)
Event: 1.665 Thread 0x00000190f1040290 nmethod 2117 0x00000190decd8d10 code [0x00000190decd8f80, 0x00000190decd9ae8]
Event: 1.665 Thread 0x00000190f1040290 2123       3       java.lang.StringBuilder::append (8 bytes)
Event: 1.665 Thread 0x00000190f1040290 nmethod 2123 0x00000190decd9f10 code [0x00000190decda0a0, 0x00000190decda1e8]
Event: 1.665 Thread 0x00000190f1040290 2124       3       java.lang.AbstractStringBuilder::append (77 bytes)
Event: 1.665 Thread 0x00000190f1040290 nmethod 2124 0x00000190decda290 code [0x00000190decda4a0, 0x00000190decdab28]
Event: 1.665 Thread 0x00000190f1040290 2118       3       jdk.internal.org.objectweb.asm.SymbolTable::addConstantFieldref (10 bytes)
Event: 1.665 Thread 0x00000190f1040290 nmethod 2118 0x00000190decdad90 code [0x00000190decdaf20, 0x00000190decdb068]
Event: 1.666 Thread 0x00000190f1040290 2125       3       java.lang.CharacterData::of (136 bytes)
Event: 1.666 Thread 0x00000190f1040290 nmethod 2125 0x00000190decdb110 code [0x00000190decdb340, 0x00000190decdbc38]
Event: 1.666 Thread 0x00000190f1031620 2128       4       java.lang.String::equalsIgnoreCase (45 bytes)
Event: 1.666 Thread 0x00000190f1040290 2127       3       org.eclipse.osgi.internal.framework.FilterImpl$And::matches0 (41 bytes)
Event: 1.666 Thread 0x00000190f1040290 nmethod 2127 0x00000190decdbe90 code [0x00000190decdc040, 0x00000190decdc388]
Event: 1.666 Thread 0x00000190f1040290 2129       3       org.eclipse.osgi.internal.framework.FilterImpl$Item::matches0 (15 bytes)
Event: 1.666 Thread 0x00000190f1040290 nmethod 2129 0x00000190decdc510 code [0x00000190decdc6c0, 0x00000190decdc8d8]
Event: 1.666 Thread 0x00000190f1040290 2126       3       java.util.LinkedList$Node::<init> (20 bytes)
Event: 1.666 Thread 0x00000190f1040290 nmethod 2126 0x00000190decdca10 code [0x00000190decdcba0, 0x00000190decdcd58]

GC Heap History (4 events):
Event: 0.783 GC heap before
{Heap before GC invocations=1 (full 0):
 PSYoungGen      total 29696K, used 25600K [0x00000000eab00000, 0x00000000ecc00000, 0x0000000100000000)
  eden space 25600K, 100% used [0x00000000eab00000,0x00000000ec400000,0x00000000ec400000)
  from space 4096K, 0% used [0x00000000ec800000,0x00000000ec800000,0x00000000ecc00000)
  to   space 4096K, 0% used [0x00000000ec400000,0x00000000ec400000,0x00000000ec800000)
 ParOldGen       total 68608K, used 0K [0x00000000c0000000, 0x00000000c4300000, 0x00000000eab00000)
  object space 68608K, 0% used [0x00000000c0000000,0x00000000c0000000,0x00000000c4300000)
 Metaspace       used 10747K, committed 10880K, reserved 1064960K
  class space    used 1081K, committed 1152K, reserved 1048576K
}
Event: 0.787 GC heap after
{Heap after GC invocations=1 (full 0):
 PSYoungGen      total 29696K, used 3310K [0x00000000eab00000, 0x00000000ecc00000, 0x0000000100000000)
  eden space 25600K, 0% used [0x00000000eab00000,0x00000000eab00000,0x00000000ec400000)
  from space 4096K, 80% used [0x00000000ec400000,0x00000000ec73bb28,0x00000000ec800000)
  to   space 4096K, 0% used [0x00000000ec800000,0x00000000ec800000,0x00000000ecc00000)
 ParOldGen       total 68608K, used 16K [0x00000000c0000000, 0x00000000c4300000, 0x00000000eab00000)
  object space 68608K, 0% used [0x00000000c0000000,0x00000000c0004000,0x00000000c4300000)
 Metaspace       used 10747K, committed 10880K, reserved 1064960K
  class space    used 1081K, committed 1152K, reserved 1048576K
}
Event: 1.199 GC heap before
{Heap before GC invocations=2 (full 0):
 PSYoungGen      total 29696K, used 28910K [0x00000000eab00000, 0x00000000ecc00000, 0x0000000100000000)
  eden space 25600K, 100% used [0x00000000eab00000,0x00000000ec400000,0x00000000ec400000)
  from space 4096K, 80% used [0x00000000ec400000,0x00000000ec73bb28,0x00000000ec800000)
  to   space 4096K, 0% used [0x00000000ec800000,0x00000000ec800000,0x00000000ecc00000)
 ParOldGen       total 68608K, used 16K [0x00000000c0000000, 0x00000000c4300000, 0x00000000eab00000)
  object space 68608K, 0% used [0x00000000c0000000,0x00000000c0004000,0x00000000c4300000)
 Metaspace       used 14614K, committed 14848K, reserved 1064960K
  class space    used 1483K, committed 1600K, reserved 1048576K
}
Event: 1.204 GC heap after
{Heap after GC invocations=2 (full 0):
 PSYoungGen      total 29696K, used 4078K [0x00000000eab00000, 0x00000000ecc00000, 0x0000000100000000)
  eden space 25600K, 0% used [0x00000000eab00000,0x00000000eab00000,0x00000000ec400000)
  from space 4096K, 99% used [0x00000000ec800000,0x00000000ecbfba58,0x00000000ecc00000)
  to   space 4096K, 0% used [0x00000000ec400000,0x00000000ec400000,0x00000000ec800000)
 ParOldGen       total 68608K, used 1470K [0x00000000c0000000, 0x00000000c4300000, 0x00000000eab00000)
  object space 68608K, 2% used [0x00000000c0000000,0x00000000c016f850,0x00000000c4300000)
 Metaspace       used 14614K, committed 14848K, reserved 1064960K
  class space    used 1483K, committed 1600K, reserved 1048576K
}

Deoptimization events (20 events):
Event: 1.592 Thread 0x00000190f3297b20 Uncommon trap: trap_request=0xffffff45 fr.pc=0x00000190e5e7c2c0 relative=0x0000000000000c40
Event: 1.592 Thread 0x00000190f3297b20 Uncommon trap: reason=unstable_if action=reinterpret pc=0x00000190e5e7c2c0 method=java.io.WinNTFileSystem.normalize(Ljava/lang/String;II)Ljava/lang/String; @ 100 c2
Event: 1.592 Thread 0x00000190f3297b20 DEOPT PACKING pc=0x00000190e5e7c2c0 sp=0x0000000101dfcac0
Event: 1.592 Thread 0x00000190f3297b20 DEOPT UNPACKING pc=0x00000190de3720a3 sp=0x0000000101dfca98 mode 2
Event: 1.646 Thread 0x00000190f3297b20 Uncommon trap: trap_request=0xffffff45 fr.pc=0x00000190e5e06624 relative=0x0000000000000384
Event: 1.646 Thread 0x00000190f3297b20 Uncommon trap: reason=unstable_if action=reinterpret pc=0x00000190e5e06624 method=java.lang.StringLatin1.canEncode(I)Z @ 4 c2
Event: 1.646 Thread 0x00000190f3297b20 DEOPT PACKING pc=0x00000190e5e06624 sp=0x0000000101df8960
Event: 1.646 Thread 0x00000190f3297b20 DEOPT UNPACKING pc=0x00000190de3720a3 sp=0x0000000101df8888 mode 2
Event: 1.646 Thread 0x00000190f3297b20 Uncommon trap: trap_request=0xffffff45 fr.pc=0x00000190e5e23700 relative=0x0000000000000360
Event: 1.646 Thread 0x00000190f3297b20 Uncommon trap: reason=unstable_if action=reinterpret pc=0x00000190e5e23700 method=java.lang.AbstractStringBuilder.isLatin1()Z @ 10 c2
Event: 1.646 Thread 0x00000190f3297b20 DEOPT PACKING pc=0x00000190e5e23700 sp=0x0000000101df8980
Event: 1.646 Thread 0x00000190f3297b20 DEOPT UNPACKING pc=0x00000190de3720a3 sp=0x0000000101df8900 mode 2
Event: 1.646 Thread 0x00000190f3297b20 Uncommon trap: trap_request=0xffffff45 fr.pc=0x00000190e5e8cbdc relative=0x000000000000005c
Event: 1.646 Thread 0x00000190f3297b20 Uncommon trap: reason=unstable_if action=reinterpret pc=0x00000190e5e8cbdc method=java.lang.AbstractStringBuilder.isLatin1()Z @ 10 c2
Event: 1.646 Thread 0x00000190f3297b20 DEOPT PACKING pc=0x00000190e5e8cbdc sp=0x0000000101df8960
Event: 1.646 Thread 0x00000190f3297b20 DEOPT UNPACKING pc=0x00000190de3720a3 sp=0x0000000101df88f0 mode 2
Event: 1.659 Thread 0x00000190f3297b20 Uncommon trap: trap_request=0xffffff45 fr.pc=0x00000190e5e17448 relative=0x0000000000000048
Event: 1.659 Thread 0x00000190f3297b20 Uncommon trap: reason=unstable_if action=reinterpret pc=0x00000190e5e17448 method=java.lang.CharacterData.of(I)Ljava/lang/CharacterData; @ 4 c2
Event: 1.659 Thread 0x00000190f3297b20 DEOPT PACKING pc=0x00000190e5e17448 sp=0x0000000101df8130
Event: 1.659 Thread 0x00000190f3297b20 DEOPT UNPACKING pc=0x00000190de3720a3 sp=0x0000000101df80c8 mode 2

Classes unloaded (0 events):
No events

Classes redefined (0 events):
No events

Internal exceptions (20 events):
Event: 0.700 Thread 0x00000190db68b6c0 Exception <a 'java/lang/ClassNotFoundException'{0x00000000ebf7cf98}: sun/net/www/protocol/c/Handler> (0x00000000ebf7cf98) 
thrown [s\src\hotspot\share\classfile\systemDictionary.cpp, line 256]
Event: 0.706 Thread 0x00000190db68b6c0 Exception <a 'java/io/FileNotFoundException'{0x00000000ebfa3a08}> (0x00000000ebfa3a08) 
thrown [s\src\hotspot\share\prims\jni.cpp, line 516]
Event: 0.726 Thread 0x00000190db68b6c0 Implicit null exception at 0x00000190e5e3d880 to 0x00000190e5e3e2fc
Event: 0.726 Thread 0x00000190db68b6c0 Implicit null exception at 0x00000190e5e3f471 to 0x00000190e5e3f674
Event: 0.726 Thread 0x00000190db68b6c0 Implicit null exception at 0x00000190e5e38571 to 0x00000190e5e38774
Event: 0.726 Thread 0x00000190db68b6c0 Implicit null exception at 0x00000190e5e28a0f to 0x00000190e5e28a89
Event: 0.752 Thread 0x00000190db68b6c0 Exception <a 'java/lang/NoSuchMethodError'{0x00000000ec26f530}: 'int java.lang.invoke.DirectMethodHandle$Holder.invokeStaticInit(java.lang.Object, java.lang.Object, java.lang.Object, java.lang.Object)'> (0x00000000ec26f530) 
thrown [s\src\hotspot\share\interpreter\linkResolver.cpp, line 759]
Event: 0.753 Thread 0x00000190db68b6c0 Exception <a 'java/lang/NoSuchMethodError'{0x00000000ec279ba0}: 'java.lang.Object java.lang.invoke.DirectMethodHandle$Holder.invokeInterface(java.lang.Object, java.lang.Object)'> (0x00000000ec279ba0) 
thrown [s\src\hotspot\share\interpreter\linkResolver.cpp, line 759]
Event: 0.753 Thread 0x00000190db68b6c0 Exception <a 'java/lang/IncompatibleClassChangeError'{0x00000000ec27d398}: Found class java.lang.Object, but interface was expected> (0x00000000ec27d398) 
thrown [s\src\hotspot\share\interpreter\linkResolver.cpp, line 826]
Event: 0.754 Thread 0x00000190db68b6c0 Exception <a 'java/lang/NoSuchMethodError'{0x00000000ec281890}: 'void java.lang.invoke.DirectMethodHandle$Holder.invokeStatic(java.lang.Object, java.lang.Object)'> (0x00000000ec281890) 
thrown [s\src\hotspot\share\interpreter\linkResolver.cpp, line 759]
Event: 0.754 Thread 0x00000190db68b6c0 Exception <a 'java/lang/NoSuchMethodError'{0x00000000ec285090}: 'void java.lang.invoke.DirectMethodHandle$Holder.invokeStaticInit(java.lang.Object, java.lang.Object)'> (0x00000000ec285090) 
thrown [s\src\hotspot\share\interpreter\linkResolver.cpp, line 759]
Event: 0.755 Thread 0x00000190db68b6c0 Exception <a 'java/lang/NoSuchMethodError'{0x00000000ec28c488}: 'int java.lang.invoke.DirectMethodHandle$Holder.invokeStaticInit(java.lang.Object, java.lang.Object)'> (0x00000000ec28c488) 
thrown [s\src\hotspot\share\interpreter\linkResolver.cpp, line 759]
Event: 0.780 Thread 0x00000190db68b6c0 Exception <a 'java/lang/NoSuchMethodError'{0x00000000ec3d87a8}: 'void java.lang.invoke.DirectMethodHandle$Holder.invokeSpecial(java.lang.Object, java.lang.Object, java.lang.Object)'> (0x00000000ec3d87a8) 
thrown [s\src\hotspot\share\interpreter\linkResolver.cpp, line 759]
Event: 0.989 Thread 0x00000190db68b6c0 Exception <a 'java/lang/NoSuchMethodError'{0x00000000eb82cca8}: 'java.lang.Object java.lang.invoke.DirectMethodHandle$Holder.newInvokeSpecial(java.lang.Object, int, java.lang.Object)'> (0x00000000eb82cca8) 
thrown [s\src\hotspot\share\interpreter\linkResolver.cpp, line 759]
Event: 1.122 Thread 0x00000190db68b6c0 Exception <a 'java/lang/UnsatisfiedLinkError'{0x00000000ebdf4a80}: 'void org.eclipse.equinox.launcher.JNIBridge._update_splash()'> (0x00000000ebdf4a80) 
thrown [s\src\hotspot\share\prims\nativeLookup.cpp, line 543]
Event: 1.149 Thread 0x00000190f3297b20 Exception <a 'java/lang/NoSuchMethodError'{0x00000000ec0c3290}: 'java.lang.Object java.lang.invoke.DirectMethodHandle$Holder.invokeStaticInit(java.lang.Object)'> (0x00000000ec0c3290) 
thrown [s\src\hotspot\share\interpreter\linkResolver.cpp, line 759]
Event: 1.291 Thread 0x00000190f3297b20 Exception <a 'java/io/FileNotFoundException'{0x00000000eb3ae428}> (0x00000000eb3ae428) 
thrown [s\src\hotspot\share\prims\jni.cpp, line 516]
Event: 1.312 Thread 0x00000190f3297b20 Exception <a 'java/lang/NullPointerException'{0x00000000eb404bd8}> (0x00000000eb404bd8) 
thrown [s\src\hotspot\share\interpreter\linkResolver.cpp, line 1350]
Event: 1.312 Thread 0x00000190f3297b20 Exception <a 'java/lang/NullPointerException'{0x00000000eb405400}> (0x00000000eb405400) 
thrown [s\src\hotspot\share\interpreter\linkResolver.cpp, line 1350]
Event: 1.528 Thread 0x00000190f3297b20 Exception <a 'java/lang/NoSuchMethodError'{0x00000000eb7e8af0}: 'int java.lang.invoke.DirectMethodHandle$Holder.invokeSpecial(java.lang.Object, java.lang.Object, java.lang.Object)'> (0x00000000eb7e8af0) 
thrown [s\src\hotspot\share\interpreter\linkResolver.cpp, line 759]

VM Operations (20 events):
Event: 0.783 Executing VM operation: ParallelGCFailedAllocation
Event: 0.787 Executing VM operation: ParallelGCFailedAllocation done
Event: 0.948 Executing VM operation: HandshakeAllThreads
Event: 0.948 Executing VM operation: HandshakeAllThreads done
Event: 0.949 Executing VM operation: HandshakeAllThreads
Event: 0.949 Executing VM operation: HandshakeAllThreads done
Event: 0.960 Executing VM operation: HandshakeAllThreads
Event: 0.961 Executing VM operation: HandshakeAllThreads done
Event: 0.983 Executing VM operation: HandshakeAllThreads
Event: 0.983 Executing VM operation: HandshakeAllThreads done
Event: 1.162 Executing VM operation: HandshakeAllThreads
Event: 1.162 Executing VM operation: HandshakeAllThreads done
Event: 1.199 Executing VM operation: ParallelGCFailedAllocation
Event: 1.204 Executing VM operation: ParallelGCFailedAllocation done
Event: 1.572 Executing VM operation: HandshakeAllThreads
Event: 1.572 Executing VM operation: HandshakeAllThreads done
Event: 1.637 Executing VM operation: HandshakeAllThreads
Event: 1.637 Executing VM operation: HandshakeAllThreads done
Event: 1.660 Executing VM operation: HandshakeAllThreads
Event: 1.660 Executing VM operation: HandshakeAllThreads done

Events (20 events):
Event: 1.663 loading class java/text/FieldPosition
Event: 1.663 loading class java/text/FieldPosition done
Event: 1.663 loading class java/text/DigitList
Event: 1.663 loading class java/text/DigitList done
Event: 1.663 loading class java/math/RoundingMode
Event: 1.663 loading class java/math/RoundingMode done
Event: 1.663 loading class java/util/Formatter
Event: 1.663 loading class java/util/Formatter done
Event: 1.665 loading class java/util/Formatter$FixedString
Event: 1.665 loading class java/util/Formatter$FormatString
Event: 1.665 loading class java/util/Formatter$FormatString done
Event: 1.665 loading class java/util/Formatter$FixedString done
Event: 1.665 loading class java/util/Formatter$Conversion
Event: 1.665 loading class java/util/Formatter$Conversion done
Event: 1.665 loading class java/util/Formatter$FormatSpecifier
Event: 1.665 loading class java/util/Formatter$FormatSpecifier done
Event: 1.665 loading class java/util/Formatter$Flags
Event: 1.665 loading class java/util/Formatter$Flags done
Event: 1.665 loading class java/util/Formattable
Event: 1.666 loading class java/util/Formattable done


Dynamic libraries:
0x00007ff6cb8e0000 - 0x00007ff6cb8ee000 	c:\Users\lamho\.antigravity\extensions\redhat.java-1.12.0-win32-x64\jre\17.0.4.1-win32-x86_64\bin\java.exe
0x00007ffff7090000 - 0x00007ffff7288000 	C:\WINDOWS\SYSTEM32\ntdll.dll
0x00007ffff59a0000 - 0x00007ffff5a62000 	C:\WINDOWS\System32\KERNEL32.DLL
0x00007ffff4820000 - 0x00007ffff4b16000 	C:\WINDOWS\System32\KERNELBASE.dll
0x00007ffff4720000 - 0x00007ffff4820000 	C:\WINDOWS\System32\ucrtbase.dll
0x00007fffc6220000 - 0x00007fffc6239000 	c:\Users\lamho\.antigravity\extensions\redhat.java-1.12.0-win32-x64\jre\17.0.4.1-win32-x86_64\bin\VCRUNTIME140.dll
0x00007fffc6860000 - 0x00007fffc6878000 	c:\Users\lamho\.antigravity\extensions\redhat.java-1.12.0-win32-x64\jre\17.0.4.1-win32-x86_64\bin\jli.dll
0x00007ffff6620000 - 0x00007ffff67c1000 	C:\WINDOWS\System32\USER32.dll
0x00007ffff4d80000 - 0x00007ffff4da2000 	C:\WINDOWS\System32\win32u.dll
0x00007ffff61a0000 - 0x00007ffff61cb000 	C:\WINDOWS\System32\GDI32.dll
0x00007ffff4c60000 - 0x00007ffff4d79000 	C:\WINDOWS\System32\gdi32full.dll
0x00007ffff5010000 - 0x00007ffff50ad000 	C:\WINDOWS\System32\msvcp_win.dll
0x00007fffe4790000 - 0x00007fffe4a2b000 	C:\WINDOWS\WinSxS\amd64_microsoft.windows.common-controls_6595b64144ccf1df_6.0.19041.6456_none_60b8a6cb71f64256\COMCTL32.dll
0x00007ffff6d70000 - 0x00007ffff6e0e000 	C:\WINDOWS\System32\msvcrt.dll
0x00007ffff5b30000 - 0x00007ffff5b5f000 	C:\WINDOWS\System32\IMM32.DLL
0x00007fffe5420000 - 0x00007fffe542c000 	c:\Users\lamho\.antigravity\extensions\redhat.java-1.12.0-win32-x64\jre\17.0.4.1-win32-x86_64\bin\vcruntime140_1.dll
0x00007fff80ff0000 - 0x00007fff81081000 	c:\Users\lamho\.antigravity\extensions\redhat.java-1.12.0-win32-x64\jre\17.0.4.1-win32-x86_64\bin\msvcp140.dll
0x00007fff655b0000 - 0x00007fff661f6000 	c:\Users\lamho\.antigravity\extensions\redhat.java-1.12.0-win32-x64\jre\17.0.4.1-win32-x86_64\bin\server\jvm.dll
0x00007ffff5a70000 - 0x00007ffff5b21000 	C:\WINDOWS\System32\ADVAPI32.dll
0x00007ffff5e70000 - 0x00007ffff5f0f000 	C:\WINDOWS\System32\sechost.dll
0x00007ffff5f20000 - 0x00007ffff6040000 	C:\WINDOWS\System32\RPCRT4.dll
0x00007ffff4c30000 - 0x00007ffff4c57000 	C:\WINDOWS\System32\bcrypt.dll
0x00007ffff5f10000 - 0x00007ffff5f18000 	C:\WINDOWS\System32\PSAPI.DLL
0x00007fffdfe90000 - 0x00007fffdfe99000 	C:\WINDOWS\SYSTEM32\WSOCK32.dll
0x00007ffff5d80000 - 0x00007ffff5deb000 	C:\WINDOWS\System32\WS2_32.dll
0x00007fffe5c30000 - 0x00007fffe5c57000 	C:\WINDOWS\SYSTEM32\WINMM.dll
0x00007fffeeb60000 - 0x00007fffeeb6a000 	C:\WINDOWS\SYSTEM32\VERSION.dll
0x00007ffff2570000 - 0x00007ffff2582000 	C:\WINDOWS\SYSTEM32\kernel.appcore.dll
0x00007fffe13d0000 - 0x00007fffe13da000 	c:\Users\lamho\.antigravity\extensions\redhat.java-1.12.0-win32-x64\jre\17.0.4.1-win32-x86_64\bin\jimage.dll
0x00007fffe55a0000 - 0x00007fffe57a1000 	C:\WINDOWS\SYSTEM32\DBGHELP.DLL
0x00007fffd1ec0000 - 0x00007fffd1ef4000 	C:\WINDOWS\SYSTEM32\dbgcore.DLL
0x00007ffff4ba0000 - 0x00007ffff4c22000 	C:\WINDOWS\System32\bcryptPrimitives.dll
0x00007fffe1250000 - 0x00007fffe125e000 	c:\Users\lamho\.antigravity\extensions\redhat.java-1.12.0-win32-x64\jre\17.0.4.1-win32-x86_64\bin\instrument.dll
0x00007fffc0980000 - 0x00007fffc09a5000 	c:\Users\lamho\.antigravity\extensions\redhat.java-1.12.0-win32-x64\jre\17.0.4.1-win32-x86_64\bin\java.dll
0x00007fffc5990000 - 0x00007fffc59a8000 	c:\Users\lamho\.antigravity\extensions\redhat.java-1.12.0-win32-x64\jre\17.0.4.1-win32-x86_64\bin\zip.dll
0x00007ffff50b0000 - 0x00007ffff5820000 	C:\WINDOWS\System32\SHELL32.dll
0x00007ffff2770000 - 0x00007ffff2f15000 	C:\WINDOWS\SYSTEM32\windows.storage.dll
0x00007ffff62c0000 - 0x00007ffff6614000 	C:\WINDOWS\System32\combase.dll
0x00007ffff3f90000 - 0x00007ffff3fbb000 	C:\WINDOWS\SYSTEM32\Wldp.dll
0x00007ffff5820000 - 0x00007ffff58ed000 	C:\WINDOWS\System32\OLEAUT32.dll
0x00007ffff58f0000 - 0x00007ffff599d000 	C:\WINDOWS\System32\SHCORE.dll
0x00007ffff6120000 - 0x00007ffff617b000 	C:\WINDOWS\System32\shlwapi.dll
0x00007ffff4650000 - 0x00007ffff4674000 	C:\WINDOWS\SYSTEM32\profapi.dll
0x00007fffc41b0000 - 0x00007fffc41c9000 	C:\Users\lamho\.antigravity\extensions\redhat.java-1.12.0-win32-x64\jre\17.0.4.1-win32-x86_64\bin\net.dll
0x00007fffee550000 - 0x00007fffee65a000 	C:\WINDOWS\SYSTEM32\WINHTTP.dll
0x00007ffff3d70000 - 0x00007ffff3dda000 	C:\WINDOWS\system32\mswsock.dll
0x00007fffc31b0000 - 0x00007fffc31c5000 	C:\Users\lamho\.antigravity\extensions\redhat.java-1.12.0-win32-x64\jre\17.0.4.1-win32-x86_64\bin\nio.dll
0x00007fffdd5f0000 - 0x00007fffdd600000 	c:\Users\lamho\.antigravity\extensions\redhat.java-1.12.0-win32-x64\jre\17.0.4.1-win32-x86_64\bin\verify.dll
0x00007fffc8190000 - 0x00007fffc81ce000 	C:\Users\lamho\AppData\Roaming\Antigravity\User\globalStorage\redhat.java\1.12.0\config_win\org.eclipse.equinox.launcher\org.eclipse.equinox.launcher.win32.win32.x86_64_1.2.600.v20220720-1916\eclipse_11700.dll
0x00007ffff6f20000 - 0x00007ffff704b000 	C:\WINDOWS\System32\ole32.dll

dbghelp: loaded successfully - version: 4.0.5 - missing functions: none
symbol engine: initialized successfully - sym options: 0x614 - pdb path: .;c:\Users\lamho\.antigravity\extensions\redhat.java-1.12.0-win32-x64\jre\17.0.4.1-win32-x86_64\bin;C:\WINDOWS\SYSTEM32;C:\WINDOWS\WinSxS\amd64_microsoft.windows.common-controls_6595b64144ccf1df_6.0.19041.6456_none_60b8a6cb71f64256;c:\Users\lamho\.antigravity\extensions\redhat.java-1.12.0-win32-x64\jre\17.0.4.1-win32-x86_64\bin\server;C:\Users\lamho\AppData\Roaming\Antigravity\User\globalStorage\redhat.java\1.12.0\config_win\org.eclipse.equinox.launcher\org.eclipse.equinox.launcher.win32.win32.x86_64_1.2.600.v20220720-1916

VM Arguments:
jvm_args: --add-modules=ALL-SYSTEM --add-opens=java.base/java.util=ALL-UNNAMED --add-opens=java.base/java.lang=ALL-UNNAMED --add-opens=java.base/sun.nio.fs=ALL-UNNAMED -Declipse.application=org.eclipse.jdt.ls.core.id1 -Dosgi.bundles.defaultStartLevel=4 -Declipse.product=org.eclipse.jdt.ls.core.product -Djava.import.generatesMetadataFilesAtProjectRoot=false -Dfile.encoding=utf8 -XX:+UseParallelGC -XX:GCTimeRatio=4 -XX:AdaptiveSizePolicyWeight=90 -Dsun.zip.disableMemoryMapping=true -Xmx1G -Xms100m -Xlog:disable -javaagent:c:\Users\lamho\.antigravity\extensions\redhat.java-1.12.0-win32-x64\lombok\lombok-1.18.24.jar -XX:+HeapDumpOnOutOfMemoryError -XX:HeapDumpPath=c:\Users\lamho\AppData\Roaming\Antigravity\User\workspaceStorage\72f3abaf5d5d677d5907d84c497303e1\redhat.java 
java_command: c:\Users\lamho\.antigravity\extensions\redhat.java-1.12.0-win32-x64\server\plugins\org.eclipse.equinox.launcher_1.6.400.v20210924-0641.jar -configuration c:\Users\lamho\AppData\Roaming\Antigravity\User\globalStorage\redhat.java\1.12.0\config_win -data c:\Users\lamho\AppData\Roaming\Antigravity\User\workspaceStorage\72f3abaf5d5d677d5907d84c497303e1\redhat.java\jdt_ws
java_class_path (initial): c:\Users\lamho\.antigravity\extensions\redhat.java-1.12.0-win32-x64\server\plugins\org.eclipse.equinox.launcher_1.6.400.v20210924-0641.jar
Launcher Type: SUN_STANDARD

[Global flags]
    uintx AdaptiveSizePolicyWeight                 = 90                                        {product} {command line}
     intx CICompilerCount                          = 4                                         {product} {ergonomic}
    uintx GCTimeRatio                              = 4                                         {product} {command line}
     bool HeapDumpOnOutOfMemoryError               = true                                   {manageable} {command line}
    ccstr HeapDumpPath                             = c:\Users\lamho\AppData\Roaming\Antigravity\User\workspaceStorage\72f3abaf5d5d677d5907d84c497303e1\redhat.java         {manageable} {command line}
   size_t InitialHeapSize                          = 104857600                                 {product} {command line}
   size_t MaxHeapSize                              = 1073741824                                {product} {command line}
   size_t MaxNewSize                               = 357564416                                 {product} {ergonomic}
   size_t MinHeapDeltaBytes                        = 524288                                    {product} {ergonomic}
   size_t MinHeapSize                              = 104857600                                 {product} {command line}
   size_t NewSize                                  = 34603008                                  {product} {ergonomic}
    uintx NonNMethodCodeHeapSize                   = 5839372                                {pd product} {ergonomic}
    uintx NonProfiledCodeHeapSize                  = 122909434                              {pd product} {ergonomic}
   size_t OldSize                                  = 70254592                                  {product} {ergonomic}
    uintx ProfiledCodeHeapSize                     = 122909434                              {pd product} {ergonomic}
    uintx ReservedCodeCacheSize                    = 251658240                              {pd product} {ergonomic}
     bool SegmentedCodeCache                       = true                                      {product} {ergonomic}
   size_t SoftMaxHeapSize                          = 1073741824                             {manageable} {ergonomic}
     bool UseCompressedClassPointers               = true                           {product lp64_product} {ergonomic}
     bool UseCompressedOops                        = true                           {product lp64_product} {ergonomic}
     bool UseLargePagesIndividualAllocation        = false                                  {pd product} {ergonomic}
     bool UseParallelGC                            = true                                      {product} {command line}

Logging:
Log output configuration:
 #0: stdout all=off uptime,level,tags
 #1: stderr all=off uptime,level,tags

Environment Variables:
JAVA_HOME=C:\Program Files\Microsoft\jdk-17.0.18.8-hotspot\
PATH=C:\Program Files\Microsoft\jdk-17.0.18.8-hotspot\bin;C:\Program Files (x86)\Common Files\Oracle\Java\javapath;C:\WINDOWS\system32;C:\WINDOWS;C:\WINDOWS\System32\Wbem;C:\WINDOWS\System32\WindowsPowerShell\v1.0\;C:\WINDOWS\System32\OpenSSH\;C:\Program Files\dotnet\;C:\Program Files\Sunshine;C:\Program Files\Sunshine\tools;C:\Program Files\Git\cmd;C:\Program Files\Cloudflare\Cloudflare WARP\;C:\Program Files (x86)\Microsoft SQL Server\160\Tools\Binn\;C:\Program Files\Microsoft SQL Server\160\Tools\Binn\;C:\Program Files\Microsoft SQL Server\Client SDK\ODBC\170\Tools\Binn\;C:\Program Files\Microsoft SQL Server\160\DTS\Binn\;C:\Program Files\nodejs\;C:\Users\lamho\.local\bin;C:\Users\lamho\AppData\Local\Programs\Python\Python315\Scripts\;C:\Users\lamho\AppData\Local\Programs\Python\Python315\;C:\Users\lamho\AppData\Local\Programs\Python\Launcher\;C:\Users\lamho\AppData\Local\Microsoft\WindowsApps;D:\IntelliJ IDEA 261.21849.20\bin;D:\code\Microsoft VS Code\bin;C:\Users\lamho\AppData\Roaming\npm;D:\code\Antigravity\bin
USERNAME=lamho
OS=Windows_NT
PROCESSOR_IDENTIFIER=Intel64 Family 6 Model 165 Stepping 3, GenuineIntel
TMP=C:\Users\lamho\AppData\Local\Temp
TEMP=C:\Users\lamho\AppData\Local\Temp



---------------  S Y S T E M  ---------------

OS:
 Windows 10 , 64 bit Build 19041 (10.0.19041.5915)
OS uptime: 4 days 11:16 hours
Hyper-V role detected

CPU: total 8 (initial active 8) (4 cores per cpu, 2 threads per core) family 6 model 165 stepping 3 microcode 0xe0, cx8, cmov, fxsr, ht, mmx, 3dnowpref, sse, sse2, sse3, ssse3, sse4.1, sse4.2, popcnt, lzcnt, tsc, tscinvbit, avx, avx2, aes, erms, clmul, bmi1, bmi2, adx, fma, vzeroupper, clflush, clflushopt, hv

Memory: 4k page, system-wide physical 8058M (272M free)
TotalPageFile size 26002M (AvailPageFile size 0M)
current process WorkingSet (physical memory assigned to process): 101M, peak: 102M
current process commit charge ("private bytes"): 215M, peak: 217M

vm_info: OpenJDK 64-Bit Server VM (17.0.4.1+1) for windows-amd64 JRE (17.0.4.1+1), built on Aug 17 2022 07:42:43 by "temurin" with MS VC++ 16.7 (VS2019)

END.
